[01m[K/home/aralab/ASBIR-ROS2/src/asbir_navigation/src/transform_point.cpp:32:14:[m[K [01;31m[Kerror: [m[Kâ€˜[01m[KString[m[Kâ€™ in namespace â€˜[01m[Kstd[m[Kâ€™ does not name a type; did you mean â€˜[01m[Kstring[m[Kâ€™?
   32 |         std::[01;31m[KString[m[K base_frame;
      |              [01;31m[K^~~~~~[m[K
      |              [32m[Kstring[m[K
[01m[K/home/aralab/ASBIR-ROS2/src/asbir_navigation/src/transform_point.cpp:[m[K In constructor â€˜[01m[KTransformPoint::TransformPoint()[m[Kâ€™:
[01m[K/home/aralab/ASBIR-ROS2/src/asbir_navigation/src/transform_point.cpp:16:52:[m[K [01;31m[Kerror: [m[Kclass â€˜[01m[KTransformPoint[m[Kâ€™ does not have any field named â€˜[01m[Kcount_[m[Kâ€™
   16 |         TransformPoint() : Node("TransformPoint"), [01;31m[Kcount_[m[K(0) {
      |                                                    [01;31m[K^~~~~~[m[K
[01m[K/home/aralab/ASBIR-ROS2/src/asbir_navigation/src/transform_point.cpp:17:31:[m[K [01;31m[Kerror: [m[Kâ€˜[01m[Kclass TransformPoint[m[Kâ€™ has no member named â€˜[01m[Kcreate_subscriber[m[Kâ€™; did you mean â€˜[01m[Kcreate_subscription[m[Kâ€™?
   17 |             point_sub = this->[01;31m[Kcreate_subscriber[m[K<geometry_msgs::PointStamped>("point_to_transform", 10, std::bind(&TransformPoint::topic_callback, this, _1));
      |                               [01;31m[K^~~~~~~~~~~~~~~~~[m[K
      |                               [32m[Kcreate_subscription[m[K
[01m[K/home/aralab/ASBIR-ROS2/src/asbir_navigation/src/transform_point.cpp:17:64:[m[K [01;31m[Kerror: [m[Kâ€˜[01m[KPointStamped[m[Kâ€™ is not a member of â€˜[01m[Kgeometry_msgs[m[Kâ€™; did you mean â€˜[01m[Kgeometry_msgs::msg::PointStamped[m[Kâ€™?
   17 |             point_sub = this->create_subscriber<geometry_msgs::[01;31m[KPointStamped[m[K>("point_to_transform", 10, std::bind(&TransformPoint::topic_callback, this, _1));
      |                                                                [01;31m[K^~~~~~~~~~~~[m[K
In file included from [01m[K/home/aralab/ros2_foxy/install/geometry_msgs/include/geometry_msgs/msg/point_stamped.hpp:7[m[K,
                 from [01m[K/home/aralab/ASBIR-ROS2/src/asbir_navigation/src/transform_point.cpp:3[m[K:
[01m[K/home/aralab/ros2_foxy/install/geometry_msgs/include/geometry_msgs/msg/detail/point_stamped__struct.hpp:134:7:[m[K [01;36m[Knote: [m[Kâ€˜[01m[Kgeometry_msgs::msg::PointStamped[m[Kâ€™ declared here
  134 | using [01;36m[KPointStamped[m[K =
      |       [01;36m[K^~~~~~~~~~~~[m[K
[01m[K/home/aralab/ASBIR-ROS2/src/asbir_navigation/src/transform_point.cpp:17:78:[m[K [01;35m[Kwarning: [m[Kleft operand of comma operator has no effect [[01;35m[K-Wunused-value[m[K]
   17 |             point_sub = this->create_subscriber<geometry_msgs::PointStamped>([01;35m[K"point_to_transform"[m[K, 10, std::bind(&TransformPoint::topic_callback, this, _1));
      |                                                                              [01;35m[K^~~~~~~~~~~~~~~~~~~~[m[K
[01m[K/home/aralab/ASBIR-ROS2/src/asbir_navigation/src/transform_point.cpp:17:153:[m[K [01;31m[Kerror: [m[Kâ€˜[01m[K_1[m[Kâ€™ was not declared in this scope; did you mean â€˜[01m[Kstd::placeholders::_1[m[Kâ€™?
   17 |             point_sub = this->create_subscriber<geometry_msgs::PointStamped>("point_to_transform", 10, std::bind(&TransformPoint::topic_callback, this, [01;31m[K_1[m[K));
      |                                                                                                                                                         [01;31m[K^~[m[K
      |                                                                                                                                                         [32m[Kstd::placeholders::_1[m[K
In file included from [01m[K/home/aralab/ros2_foxy/install/rclcpp/include/rclcpp/context.hpp:19[m[K,
                 from [01m[K/home/aralab/ros2_foxy/install/rclcpp/include/rclcpp/contexts/default_context.hpp:18[m[K,
                 from [01m[K/home/aralab/ros2_foxy/install/rclcpp/include/rclcpp/executor.hpp:32[m[K,
                 from [01m[K/home/aralab/ros2_foxy/install/rclcpp/include/rclcpp/executors/multi_threaded_executor.hpp:26[m[K,
                 from [01m[K/home/aralab/ros2_foxy/install/rclcpp/include/rclcpp/executors.hpp:21[m[K,
                 from [01m[K/home/aralab/ros2_foxy/install/rclcpp/include/rclcpp/rclcpp.hpp:146[m[K,
                 from [01m[K/home/aralab/ASBIR-ROS2/src/asbir_navigation/src/transform_point.cpp:1[m[K:
[01m[K/usr/include/c++/9/functional:211:34:[m[K [01;36m[Knote: [m[Kâ€˜[01m[Kstd::placeholders::_1[m[Kâ€™ declared here
  211 |     extern const _Placeholder<1> [01;36m[K_1[m[K;
      |                                  [01;36m[K^~[m[K
[01m[K/home/aralab/ASBIR-ROS2/src/asbir_navigation/src/transform_point.cpp:18:63:[m[K [01;31m[Kerror: [m[Kâ€˜[01m[KPointStamped[m[Kâ€™ is not a member of â€˜[01m[Kgeometry_msgs[m[Kâ€™; did you mean â€˜[01m[Kgeometry_msgs::msg::PointStamped[m[Kâ€™?
   18 |             point_pub = this->create_publisher<geometry_msgs::[01;31m[KPointStamped[m[K>("transformed_point", 10);
      |                                                               [01;31m[K^~~~~~~~~~~~[m[K
In file included from [01m[K/home/aralab/ros2_foxy/install/geometry_msgs/include/geometry_msgs/msg/point_stamped.hpp:7[m[K,
                 from [01m[K/home/aralab/ASBIR-ROS2/src/asbir_navigation/src/transform_point.cpp:3[m[K:
[01m[K/home/aralab/ros2_foxy/install/geometry_msgs/include/geometry_msgs/msg/detail/point_stamped__struct.hpp:134:7:[m[K [01;36m[Knote: [m[Kâ€˜[01m[Kgeometry_msgs::msg::PointStamped[m[Kâ€™ declared here
  134 | using [01;36m[KPointStamped[m[K =
      |       [01;36m[K^~~~~~~~~~~~[m[K
[01m[K/home/aralab/ASBIR-ROS2/src/asbir_navigation/src/transform_point.cpp:18:63:[m[K [01;31m[Kerror: [m[Kâ€˜[01m[KPointStamped[m[Kâ€™ is not a member of â€˜[01m[Kgeometry_msgs[m[Kâ€™; did you mean â€˜[01m[Kgeometry_msgs::msg::PointStamped[m[Kâ€™?
   18 |             point_pub = this->create_publisher<geometry_msgs::[01;31m[KPointStamped[m[K>("transformed_point", 10);
      |                                                               [01;31m[K^~~~~~~~~~~~[m[K
In file included from [01m[K/home/aralab/ros2_foxy/install/geometry_msgs/include/geometry_msgs/msg/point_stamped.hpp:7[m[K,
                 from [01m[K/home/aralab/ASBIR-ROS2/src/asbir_navigation/src/transform_point.cpp:3[m[K:
[01m[K/home/aralab/ros2_foxy/install/geometry_msgs/include/geometry_msgs/msg/detail/point_stamped__struct.hpp:134:7:[m[K [01;36m[Knote: [m[Kâ€˜[01m[Kgeometry_msgs::msg::PointStamped[m[Kâ€™ declared here
  134 | using [01;36m[KPointStamped[m[K =
      |       [01;36m[K^~~~~~~~~~~~[m[K
[01m[K/home/aralab/ASBIR-ROS2/src/asbir_navigation/src/transform_point.cpp:18:100:[m[K [01;31m[Kerror: [m[Kno matching function for call to â€˜[01m[KTransformPoint::create_publisher<<expression error> >(const char [18], int)[m[Kâ€™
   18 |             point_pub = this->create_publisher<geometry_msgs::PointStamped>("transformed_point", 10[01;31m[K)[m[K;
      |                                                                                                    [01;31m[K^[m[K
In file included from [01m[K/home/aralab/ros2_foxy/install/rclcpp/include/rclcpp/executors/single_threaded_executor.hpp:28[m[K,
                 from [01m[K/home/aralab/ros2_foxy/install/rclcpp/include/rclcpp/executors.hpp:22[m[K,
                 from [01m[K/home/aralab/ros2_foxy/install/rclcpp/include/rclcpp/rclcpp.hpp:146[m[K,
                 from [01m[K/home/aralab/ASBIR-ROS2/src/asbir_navigation/src/transform_point.cpp:1[m[K:
[01m[K/home/aralab/ros2_foxy/install/rclcpp/include/rclcpp/node.hpp:184:3:[m[K [01;36m[Knote: [m[Kcandidate: â€˜[01m[Ktemplate<class MessageT, class AllocatorT, class PublisherT> std::shared_ptr<PublisherT> rclcpp::Node::create_publisher(const string&, const rclcpp::QoS&, const rclcpp::PublisherOptionsWithAllocator<AllocatorT>&)[m[Kâ€™
  184 |   [01;36m[Kcreate_publisher[m[K(
      |   [01;36m[K^~~~~~~~~~~~~~~~[m[K
[01m[K/home/aralab/ros2_foxy/install/rclcpp/include/rclcpp/node.hpp:184:3:[m[K [01;36m[Knote: [m[K  template argument deduction/substitution failed:
[01m[K/home/aralab/ASBIR-ROS2/src/asbir_navigation/src/transform_point.cpp:18:100:[m[K [01;31m[Kerror: [m[Ktemplate argument 1 is invalid
   18 |             point_pub = this->create_publisher<geometry_msgs::PointStamped>("transformed_point", 10[01;31m[K)[m[K;
      |                                                                                                    [01;31m[K^[m[K
[01m[K/home/aralab/ASBIR-ROS2/src/asbir_navigation/src/transform_point.cpp:19:13:[m[K [01;31m[Kerror: [m[Kâ€˜[01m[Ktf_buffer_[m[Kâ€™ was not declared in this scope
   19 |             [01;31m[Ktf_buffer_[m[K = std::make_unique<tf2_ros::Buffer>(this->get_clock());
      |             [01;31m[K^~~~~~~~~~[m[K
[01m[K/home/aralab/ASBIR-ROS2/src/asbir_navigation/src/transform_point.cpp:20:13:[m[K [01;31m[Kerror: [m[Kâ€˜[01m[Ktf_listener_[m[Kâ€™ was not declared in this scope
   20 |             [01;31m[Ktf_listener_[m[K = std::make_shared<tf2_ros::TransformListener>(*tf_buffer_);
      |             [01;31m[K^~~~~~~~~~~~[m[K
[01m[K/home/aralab/ASBIR-ROS2/src/asbir_navigation/src/transform_point.cpp:21:13:[m[K [01;31m[Kerror: [m[Kâ€˜[01m[Kbase_frame[m[Kâ€™ was not declared in this scope; did you mean â€˜[01m[Kbasename[m[Kâ€™?
   21 |             [01;31m[Kbase_frame[m[K = "odom_frame";
      |             [01;31m[K^~~~~~~~~~[m[K
      |             [32m[Kbasename[m[K
[01m[K/home/aralab/ASBIR-ROS2/src/asbir_navigation/src/transform_point.cpp:[m[K In member function â€˜[01m[Kvoid TransformPoint::topic_callback(std_msgs::msg::String_<std::allocator<void> >::SharedPtr) const[m[Kâ€™:
[01m[K/home/aralab/ASBIR-ROS2/src/asbir_navigation/src/transform_point.cpp:27:75:[m[K [01;31m[Kerror: [m[Kâ€˜[01m[Ktransform[m[Kâ€™ is not a member of â€˜[01m[Ktf2_ros[m[Kâ€™; did you mean â€˜[01m[Kstd::transform[m[Kâ€™?
   27 |             geometry_msgs::msg::PointStamped transformed_point = tf2_ros::[01;31m[Ktransform[m[K(msg, base_frame);
      |                                                                           [01;31m[K^~~~~~~~~[m[K
In file included from [01m[K/usr/include/c++/9/algorithm:62[m[K,
                 from [01m[K/home/aralab/ros2_foxy/install/rclcpp/include/rclcpp/executor.hpp:18[m[K,
                 from [01m[K/home/aralab/ros2_foxy/install/rclcpp/include/rclcpp/executors/multi_threaded_executor.hpp:26[m[K,
                 from [01m[K/home/aralab/ros2_foxy/install/rclcpp/include/rclcpp/executors.hpp:21[m[K,
                 from [01m[K/home/aralab/ros2_foxy/install/rclcpp/include/rclcpp/rclcpp.hpp:146[m[K,
                 from [01m[K/home/aralab/ASBIR-ROS2/src/asbir_navigation/src/transform_point.cpp:1[m[K:
[01m[K/usr/include/c++/9/bits/stl_algo.h:4369:5:[m[K [01;36m[Knote: [m[Kâ€˜[01m[Kstd::transform[m[Kâ€™ declared here
 4369 |     [01;36m[Ktransform[m[K(_InputIterator1 __first1, _InputIterator1 __last1,
      |     [01;36m[K^~~~~~~~~[m[K
[01m[K/home/aralab/ASBIR-ROS2/src/asbir_navigation/src/transform_point.cpp:27:90:[m[K [01;31m[Kerror: [m[Kâ€˜[01m[Kbase_frame[m[Kâ€™ was not declared in this scope; did you mean â€˜[01m[Kbasename[m[Kâ€™?
   27 |             geometry_msgs::msg::PointStamped transformed_point = tf2_ros::transform(msg, [01;31m[Kbase_frame[m[K);
      |                                                                                          [01;31m[K^~~~~~~~~~[m[K
      |                                                                                          [32m[Kbasename[m[K
[01m[K/home/aralab/ASBIR-ROS2/src/asbir_navigation/src/transform_point.cpp:[m[K In function â€˜[01m[Kint main(int, char**)[m[Kâ€™:
[01m[K/home/aralab/ASBIR-ROS2/src/asbir_navigation/src/transform_point.cpp:38:33:[m[K [01;31m[Kerror: [m[Kâ€˜[01m[KModelTest[m[Kâ€™ was not declared in this scope
   38 |   rclcpp::spin(std::make_shared<[01;31m[KModelTest[m[K>());
      |                                 [01;31m[K^~~~~~~~~[m[K
[01m[K/home/aralab/ASBIR-ROS2/src/asbir_navigation/src/transform_point.cpp:38:44:[m[K [01;31m[Kerror: [m[Kno matching function for call to â€˜[01m[Kmake_shared<<expression error> >()[m[Kâ€™
   38 |   rclcpp::spin(std::make_shared<ModelTest>([01;31m[K)[m[K);
      |                                            [01;31m[K^[m[K
In file included from [01m[K/usr/include/c++/9/memory:81[m[K,
                 from [01m[K/home/aralab/ros2_foxy/install/rclcpp/include/rclcpp/rclcpp.hpp:144[m[K,
                 from [01m[K/home/aralab/ASBIR-ROS2/src/asbir_navigation/src/transform_point.cpp:1[m[K:
[01m[K/usr/include/c++/9/bits/shared_ptr.h:714:5:[m[K [01;36m[Knote: [m[Kcandidate: â€˜[01m[Ktemplate<class _Tp, class ... _Args> std::shared_ptr<_Tp> std::make_shared(_Args&& ...)[m[Kâ€™
  714 |     [01;36m[Kmake_shared[m[K(_Args&&... __args)
      |     [01;36m[K^~~~~~~~~~~[m[K
[01m[K/usr/include/c++/9/bits/shared_ptr.h:714:5:[m[K [01;36m[Knote: [m[K  template argument deduction/substitution failed:
[01m[K/home/aralab/ASBIR-ROS2/src/asbir_navigation/src/transform_point.cpp:38:44:[m[K [01;31m[Kerror: [m[Ktemplate argument 1 is invalid
   38 |   rclcpp::spin(std::make_shared<ModelTest>([01;31m[K)[m[K);
      |                                            [01;31m[K^[m[K
make[2]: *** [CMakeFiles/transform_point.dir/build.make:63: CMakeFiles/transform_point.dir/src/transform_point.cpp.o] Error 1
make[1]: *** [CMakeFiles/Makefile2:80: CMakeFiles/transform_point.dir/all] Error 2
make: *** [Makefile:141: all] Error 2
