[0.041s] Invoking command in '/home/aralab/ASBIR-ROS2/build/asbir_navigation': CMAKE_PREFIX_PATH=${CMAKE_PREFIX_PATH}:/home/aralab/ASBIR-ROS2/install/rclpy_message_converter:/home/aralab/ros2_foxy/install/ros2bag:/home/aralab/ros2_foxy/install/tracetools_launch:/home/aralab/ros2_foxy/install/topic_monitor:/home/aralab/ros2_foxy/install/examples_tf2_py:/home/aralab/ros2_foxy/install/sros2:/home/aralab/ros2_foxy/install/rqt_topic:/home/aralab/ros2_foxy/install/rqt_top:/home/aralab/ros2_foxy/install/rqt_srv:/home/aralab/ros2_foxy/install/rqt_shell:/home/aralab/ros2_foxy/install/rqt_service_caller:/home/aralab/ros2_foxy/install/rqt_reconfigure:/home/aralab/ros2_foxy/install/rqt_py_console:/home/aralab/ros2_foxy/install/rqt_publisher:/home/aralab/ros2_foxy/install/rqt_plot:/home/aralab/ros2_foxy/install/rqt_action:/home/aralab/ros2_foxy/install/rqt_msg:/home/aralab/ros2_foxy/install/rqt_console:/home/aralab/ros2_foxy/install/rqt:/home/aralab/ros2_foxy/install/rqt_graph:/home/aralab/ros2_foxy/install/rqt_gui_py:/home/aralab/ros2_foxy/install/rqt_gui:/home/aralab/ros2_foxy/install/ros2trace:/home/aralab/ros2_foxy/install/ros2topic:/home/aralab/ros2_foxy/install/ros2test:/home/aralab/ros2_foxy/install/ros2component:/home/aralab/ros2_foxy/install/ros2param:/home/aralab/ros2_foxy/install/ros2lifecycle:/home/aralab/ros2_foxy/install/ros2service:/home/aralab/ros2_foxy/install/ros2run:/home/aralab/ros2_foxy/install/ros2launch:/home/aralab/ros2_foxy/install/ros2pkg:/home/aralab/ros2_foxy/install/ros2node:/home/aralab/ros2_foxy/install/ros2multicast:/home/aralab/ros2_foxy/install/ros2interface:/home/aralab/ros2_foxy/install/ros2doctor:/home/aralab/ros2_foxy/install/ros2action:/home/aralab/ros2_foxy/install/ros2cli:/home/aralab/ros2_foxy/install/quality_of_service_demo_py:/home/aralab/ros2_foxy/install/launch_testing_ros:/home/aralab/ros2_foxy/install/launch_ros:/home/aralab/ros2_foxy/install/examples_rclpy_minimal_subscriber:/home/aralab/ros2_foxy/install/examples_rclpy_minimal_service:/home/aralab/ros2_foxy/install/examples_rclpy_minimal_publisher:/home/aralab/ros2_foxy/install/examples_rclpy_minimal_client:/home/aralab/ros2_foxy/install/examples_rclpy_minimal_action_server:/home/aralab/ros2_foxy/install/examples_rclpy_minimal_action_client:/home/aralab/ros2_foxy/install/examples_rclpy_executors:/home/aralab/ros2_foxy/install/demo_nodes_py:/home/aralab/ros2_foxy/install/action_tutorials_py:/home/aralab/ros2_foxy/install/ament_uncrustify:/home/aralab/ros2_foxy/install/tracetools_trace:/home/aralab/ros2_foxy/install/tracetools_read:/home/aralab/ros2_foxy/install/test_launch_ros:/home/aralab/ros2_foxy/install/sensor_msgs_py:/home/aralab/ros2_foxy/install/rpyutils:/home/aralab/ros2_foxy/install/rosidl_runtime_py:/home/aralab/ros2_foxy/install/launch_yaml:/home/aralab/ros2_foxy/install/launch_xml:/home/aralab/ros2_foxy/install/launch_testing:/home/aralab/ros2_foxy/install/launch:/home/aralab/ros2_foxy/install/osrf_pycommon:/home/aralab/ros2_foxy/install/domain_coordinator:/home/aralab/ros2_foxy/install/ament_xmllint:/home/aralab/ros2_foxy/install/ament_pyflakes:/home/aralab/ros2_foxy/install/ament_pycodestyle:/home/aralab/ros2_foxy/install/ament_pep257:/home/aralab/ros2_foxy/install/ament_pclint:/home/aralab/ros2_foxy/install/ament_package:/home/aralab/ros2_foxy/install/ament_mypy:/home/aralab/ros2_foxy/install/ament_lint_cmake:/home/aralab/ros2_foxy/install/ament_flake8:/home/aralab/ros2_foxy/install/ament_copyright:/home/aralab/ros2_foxy/install/ament_lint:/home/aralab/ros2_foxy/install/ament_index_python:/home/aralab/ros2_foxy/install/ament_cpplint:/home/aralab/ros2_foxy/install/ament_cppcheck:/home/aralab/ros2_foxy/install/ament_clang_tidy:/home/aralab/ros2_foxy/install/ament_clang_format /usr/bin/cmake --build /home/aralab/ASBIR-ROS2/build/asbir_navigation -- -j12 -l12
[0.090s] -- Found ament_cmake: 0.9.11 (/home/aralab/ros2_foxy/install/ament_cmake/share/ament_cmake/cmake)
[0.262s] -- Using PYTHON_EXECUTABLE: /usr/bin/python3
[0.642s] -- Found rclcpp: 2.4.2 (/home/aralab/ros2_foxy/install/rclcpp/share/rclcpp/cmake)
[0.745s] -- Using all available rosidl_typesupport_c: rosidl_typesupport_introspection_c;rosidl_typesupport_fastrtps_c
[0.748s] -- Found rosidl_adapter: 1.3.0 (/home/aralab/ros2_foxy/install/rosidl_adapter/share/rosidl_adapter/cmake)
[1.007s] -- Using all available rosidl_typesupport_cpp: rosidl_typesupport_introspection_cpp;rosidl_typesupport_fastrtps_cpp
[1.053s] -- Found rmw_implementation_cmake: 1.0.3 (/home/aralab/ros2_foxy/install/rmw_implementation_cmake/share/rmw_implementation_cmake/cmake)
[1.076s] -- Using RMW implementation 'rmw_fastrtps_cpp' as default
[1.209s] -- Found rclpy: 1.0.11 (/home/aralab/ros2_foxy/install/rclpy/share/rclpy/cmake)
[1.209s] -- Found geometry_msgs: 2.0.5 (/home/aralab/ros2_foxy/install/geometry_msgs/share/geometry_msgs/cmake)
[1.244s] -- Found visualization_msgs: 2.0.5 (/home/aralab/ros2_foxy/install/visualization_msgs/share/visualization_msgs/cmake)
[1.306s] -- Found tf2_ros: 0.13.13 (/home/aralab/ros2_foxy/install/tf2_ros/share/tf2_ros/cmake)
[1.904s] -- Configuring done
[1.926s] -- Generating done
[1.928s] -- Build files have been written to: /home/aralab/ASBIR-ROS2/build/asbir_navigation
[1.977s] [35m[1mScanning dependencies of target transform_point[0m
[2.014s] [ 50%] Built target listener
[2.041s] [ 75%] [32mBuilding CXX object CMakeFiles/transform_point.dir/src/transform_point.cpp.o[0m
[3.358s] [01m[K/home/aralab/ASBIR-ROS2/src/asbir_navigation/src/transform_point.cpp:32:14:[m[K [01;31m[Kerror: [m[Kâ€˜[01m[KString[m[Kâ€™ in namespace â€˜[01m[Kstd[m[Kâ€™ does not name a type; did you mean â€˜[01m[Kstring[m[Kâ€™?
[3.358s]    32 |         std::[01;31m[KString[m[K base_frame;
[3.359s]       |              [01;31m[K^~~~~~[m[K
[3.359s]       |              [32m[Kstring[m[K
[3.359s] [01m[K/home/aralab/ASBIR-ROS2/src/asbir_navigation/src/transform_point.cpp:[m[K In constructor â€˜[01m[KTransformPoint::TransformPoint()[m[Kâ€™:
[3.359s] [01m[K/home/aralab/ASBIR-ROS2/src/asbir_navigation/src/transform_point.cpp:16:52:[m[K [01;31m[Kerror: [m[Kclass â€˜[01m[KTransformPoint[m[Kâ€™ does not have any field named â€˜[01m[Kcount_[m[Kâ€™
[3.359s]    16 |         TransformPoint() : Node("TransformPoint"), [01;31m[Kcount_[m[K(0) {
[3.359s]       |                                                    [01;31m[K^~~~~~[m[K
[3.359s] [01m[K/home/aralab/ASBIR-ROS2/src/asbir_navigation/src/transform_point.cpp:17:31:[m[K [01;31m[Kerror: [m[Kâ€˜[01m[Kclass TransformPoint[m[Kâ€™ has no member named â€˜[01m[Kcreate_subscriber[m[Kâ€™; did you mean â€˜[01m[Kcreate_subscription[m[Kâ€™?
[3.360s]    17 |             point_sub = this->[01;31m[Kcreate_subscriber[m[K<geometry_msgs::PointStamped>("point_to_transform", 10, std::bind(&TransformPoint::topic_callback, this, _1));
[3.360s]       |                               [01;31m[K^~~~~~~~~~~~~~~~~[m[K
[3.360s]       |                               [32m[Kcreate_subscription[m[K
[3.360s] [01m[K/home/aralab/ASBIR-ROS2/src/asbir_navigation/src/transform_point.cpp:17:64:[m[K [01;31m[Kerror: [m[Kâ€˜[01m[KPointStamped[m[Kâ€™ is not a member of â€˜[01m[Kgeometry_msgs[m[Kâ€™; did you mean â€˜[01m[Kgeometry_msgs::msg::PointStamped[m[Kâ€™?
[3.360s]    17 |             point_sub = this->create_subscriber<geometry_msgs::[01;31m[KPointStamped[m[K>("point_to_transform", 10, std::bind(&TransformPoint::topic_callback, this, _1));
[3.361s]       |                                                                [01;31m[K^~~~~~~~~~~~[m[K
[3.361s] In file included from [01m[K/home/aralab/ros2_foxy/install/geometry_msgs/include/geometry_msgs/msg/point_stamped.hpp:7[m[K,
[3.361s]                  from [01m[K/home/aralab/ASBIR-ROS2/src/asbir_navigation/src/transform_point.cpp:3[m[K:
[3.361s] [01m[K/home/aralab/ros2_foxy/install/geometry_msgs/include/geometry_msgs/msg/detail/point_stamped__struct.hpp:134:7:[m[K [01;36m[Knote: [m[Kâ€˜[01m[Kgeometry_msgs::msg::PointStamped[m[Kâ€™ declared here
[3.361s]   134 | using [01;36m[KPointStamped[m[K =
[3.361s]       |       [01;36m[K^~~~~~~~~~~~[m[K
[3.361s] [01m[K/home/aralab/ASBIR-ROS2/src/asbir_navigation/src/transform_point.cpp:17:78:[m[K [01;35m[Kwarning: [m[Kleft operand of comma operator has no effect [[01;35m[K-Wunused-value[m[K]
[3.361s]    17 |             point_sub = this->create_subscriber<geometry_msgs::PointStamped>([01;35m[K"point_to_transform"[m[K, 10, std::bind(&TransformPoint::topic_callback, this, _1));
[3.361s]       |                                                                              [01;35m[K^~~~~~~~~~~~~~~~~~~~[m[K
[3.362s] [01m[K/home/aralab/ASBIR-ROS2/src/asbir_navigation/src/transform_point.cpp:17:153:[m[K [01;31m[Kerror: [m[Kâ€˜[01m[K_1[m[Kâ€™ was not declared in this scope; did you mean â€˜[01m[Kstd::placeholders::_1[m[Kâ€™?
[3.362s]    17 |             point_sub = this->create_subscriber<geometry_msgs::PointStamped>("point_to_transform", 10, std::bind(&TransformPoint::topic_callback, this, [01;31m[K_1[m[K));
[3.362s]       |                                                                                                                                                         [01;31m[K^~[m[K
[3.362s]       |                                                                                                                                                         [32m[Kstd::placeholders::_1[m[K
[3.362s] In file included from [01m[K/home/aralab/ros2_foxy/install/rclcpp/include/rclcpp/context.hpp:19[m[K,
[3.362s]                  from [01m[K/home/aralab/ros2_foxy/install/rclcpp/include/rclcpp/contexts/default_context.hpp:18[m[K,
[3.362s]                  from [01m[K/home/aralab/ros2_foxy/install/rclcpp/include/rclcpp/executor.hpp:32[m[K,
[3.362s]                  from [01m[K/home/aralab/ros2_foxy/install/rclcpp/include/rclcpp/executors/multi_threaded_executor.hpp:26[m[K,
[3.362s]                  from [01m[K/home/aralab/ros2_foxy/install/rclcpp/include/rclcpp/executors.hpp:21[m[K,
[3.363s]                  from [01m[K/home/aralab/ros2_foxy/install/rclcpp/include/rclcpp/rclcpp.hpp:146[m[K,
[3.363s]                  from [01m[K/home/aralab/ASBIR-ROS2/src/asbir_navigation/src/transform_point.cpp:1[m[K:
[3.363s] [01m[K/usr/include/c++/9/functional:211:34:[m[K [01;36m[Knote: [m[Kâ€˜[01m[Kstd::placeholders::_1[m[Kâ€™ declared here
[3.363s]   211 |     extern const _Placeholder<1> [01;36m[K_1[m[K;
[3.363s]       |                                  [01;36m[K^~[m[K
[3.363s] [01m[K/home/aralab/ASBIR-ROS2/src/asbir_navigation/src/transform_point.cpp:18:63:[m[K [01;31m[Kerror: [m[Kâ€˜[01m[KPointStamped[m[Kâ€™ is not a member of â€˜[01m[Kgeometry_msgs[m[Kâ€™; did you mean â€˜[01m[Kgeometry_msgs::msg::PointStamped[m[Kâ€™?
[3.363s]    18 |             point_pub = this->create_publisher<geometry_msgs::[01;31m[KPointStamped[m[K>("transformed_point", 10);
[3.363s]       |                                                               [01;31m[K^~~~~~~~~~~~[m[K
[3.363s] In file included from [01m[K/home/aralab/ros2_foxy/install/geometry_msgs/include/geometry_msgs/msg/point_stamped.hpp:7[m[K,
[3.364s]                  from [01m[K/home/aralab/ASBIR-ROS2/src/asbir_navigation/src/transform_point.cpp:3[m[K:
[3.364s] [01m[K/home/aralab/ros2_foxy/install/geometry_msgs/include/geometry_msgs/msg/detail/point_stamped__struct.hpp:134:7:[m[K [01;36m[Knote: [m[Kâ€˜[01m[Kgeometry_msgs::msg::PointStamped[m[Kâ€™ declared here
[3.364s]   134 | using [01;36m[KPointStamped[m[K =
[3.364s]       |       [01;36m[K^~~~~~~~~~~~[m[K
[3.364s] [01m[K/home/aralab/ASBIR-ROS2/src/asbir_navigation/src/transform_point.cpp:18:63:[m[K [01;31m[Kerror: [m[Kâ€˜[01m[KPointStamped[m[Kâ€™ is not a member of â€˜[01m[Kgeometry_msgs[m[Kâ€™; did you mean â€˜[01m[Kgeometry_msgs::msg::PointStamped[m[Kâ€™?
[3.364s]    18 |             point_pub = this->create_publisher<geometry_msgs::[01;31m[KPointStamped[m[K>("transformed_point", 10);
[3.364s]       |                                                               [01;31m[K^~~~~~~~~~~~[m[K
[3.364s] In file included from [01m[K/home/aralab/ros2_foxy/install/geometry_msgs/include/geometry_msgs/msg/point_stamped.hpp:7[m[K,
[3.364s]                  from [01m[K/home/aralab/ASBIR-ROS2/src/asbir_navigation/src/transform_point.cpp:3[m[K:
[3.365s] [01m[K/home/aralab/ros2_foxy/install/geometry_msgs/include/geometry_msgs/msg/detail/point_stamped__struct.hpp:134:7:[m[K [01;36m[Knote: [m[Kâ€˜[01m[Kgeometry_msgs::msg::PointStamped[m[Kâ€™ declared here
[3.365s]   134 | using [01;36m[KPointStamped[m[K =
[3.365s]       |       [01;36m[K^~~~~~~~~~~~[m[K
[3.365s] [01m[K/home/aralab/ASBIR-ROS2/src/asbir_navigation/src/transform_point.cpp:18:100:[m[K [01;31m[Kerror: [m[Kno matching function for call to â€˜[01m[KTransformPoint::create_publisher<<expression error> >(const char [18], int)[m[Kâ€™
[3.365s]    18 |             point_pub = this->create_publisher<geometry_msgs::PointStamped>("transformed_point", 10[01;31m[K)[m[K;
[3.365s]       |                                                                                                    [01;31m[K^[m[K
[3.365s] In file included from [01m[K/home/aralab/ros2_foxy/install/rclcpp/include/rclcpp/executors/single_threaded_executor.hpp:28[m[K,
[3.365s]                  from [01m[K/home/aralab/ros2_foxy/install/rclcpp/include/rclcpp/executors.hpp:22[m[K,
[3.365s]                  from [01m[K/home/aralab/ros2_foxy/install/rclcpp/include/rclcpp/rclcpp.hpp:146[m[K,
[3.366s]                  from [01m[K/home/aralab/ASBIR-ROS2/src/asbir_navigation/src/transform_point.cpp:1[m[K:
[3.366s] [01m[K/home/aralab/ros2_foxy/install/rclcpp/include/rclcpp/node.hpp:184:3:[m[K [01;36m[Knote: [m[Kcandidate: â€˜[01m[Ktemplate<class MessageT, class AllocatorT, class PublisherT> std::shared_ptr<PublisherT> rclcpp::Node::create_publisher(const string&, const rclcpp::QoS&, const rclcpp::PublisherOptionsWithAllocator<AllocatorT>&)[m[Kâ€™
[3.366s]   184 |   [01;36m[Kcreate_publisher[m[K(
[3.366s]       |   [01;36m[K^~~~~~~~~~~~~~~~[m[K
[3.366s] [01m[K/home/aralab/ros2_foxy/install/rclcpp/include/rclcpp/node.hpp:184:3:[m[K [01;36m[Knote: [m[K  template argument deduction/substitution failed:
[3.366s] [01m[K/home/aralab/ASBIR-ROS2/src/asbir_navigation/src/transform_point.cpp:18:100:[m[K [01;31m[Kerror: [m[Ktemplate argument 1 is invalid
[3.366s]    18 |             point_pub = this->create_publisher<geometry_msgs::PointStamped>("transformed_point", 10[01;31m[K)[m[K;
[3.366s]       |                                                                                                    [01;31m[K^[m[K
[3.366s] [01m[K/home/aralab/ASBIR-ROS2/src/asbir_navigation/src/transform_point.cpp:19:13:[m[K [01;31m[Kerror: [m[Kâ€˜[01m[Ktf_buffer_[m[Kâ€™ was not declared in this scope
[3.367s]    19 |             [01;31m[Ktf_buffer_[m[K = std::make_unique<tf2_ros::Buffer>(this->get_clock());
[3.367s]       |             [01;31m[K^~~~~~~~~~[m[K
[3.373s] [01m[K/home/aralab/ASBIR-ROS2/src/asbir_navigation/src/transform_point.cpp:20:13:[m[K [01;31m[Kerror: [m[Kâ€˜[01m[Ktf_listener_[m[Kâ€™ was not declared in this scope
[3.373s]    20 |             [01;31m[Ktf_listener_[m[K = std::make_shared<tf2_ros::TransformListener>(*tf_buffer_);
[3.373s]       |             [01;31m[K^~~~~~~~~~~~[m[K
[3.375s] [01m[K/home/aralab/ASBIR-ROS2/src/asbir_navigation/src/transform_point.cpp:21:13:[m[K [01;31m[Kerror: [m[Kâ€˜[01m[Kbase_frame[m[Kâ€™ was not declared in this scope; did you mean â€˜[01m[Kbasename[m[Kâ€™?
[3.375s]    21 |             [01;31m[Kbase_frame[m[K = "odom_frame";
[3.375s]       |             [01;31m[K^~~~~~~~~~[m[K
[3.375s]       |             [32m[Kbasename[m[K
[3.378s] [01m[K/home/aralab/ASBIR-ROS2/src/asbir_navigation/src/transform_point.cpp:[m[K In member function â€˜[01m[Kvoid TransformPoint::topic_callback(std_msgs::msg::String_<std::allocator<void> >::SharedPtr) const[m[Kâ€™:
[3.378s] [01m[K/home/aralab/ASBIR-ROS2/src/asbir_navigation/src/transform_point.cpp:27:75:[m[K [01;31m[Kerror: [m[Kâ€˜[01m[Ktransform[m[Kâ€™ is not a member of â€˜[01m[Ktf2_ros[m[Kâ€™; did you mean â€˜[01m[Kstd::transform[m[Kâ€™?
[3.378s]    27 |             geometry_msgs::msg::PointStamped transformed_point = tf2_ros::[01;31m[Ktransform[m[K(msg, base_frame);
[3.379s]       |                                                                           [01;31m[K^~~~~~~~~[m[K
[3.379s] In file included from [01m[K/usr/include/c++/9/algorithm:62[m[K,
[3.379s]                  from [01m[K/home/aralab/ros2_foxy/install/rclcpp/include/rclcpp/executor.hpp:18[m[K,
[3.379s]                  from [01m[K/home/aralab/ros2_foxy/install/rclcpp/include/rclcpp/executors/multi_threaded_executor.hpp:26[m[K,
[3.379s]                  from [01m[K/home/aralab/ros2_foxy/install/rclcpp/include/rclcpp/executors.hpp:21[m[K,
[3.379s]                  from [01m[K/home/aralab/ros2_foxy/install/rclcpp/include/rclcpp/rclcpp.hpp:146[m[K,
[3.379s]                  from [01m[K/home/aralab/ASBIR-ROS2/src/asbir_navigation/src/transform_point.cpp:1[m[K:
[3.379s] [01m[K/usr/include/c++/9/bits/stl_algo.h:4369:5:[m[K [01;36m[Knote: [m[Kâ€˜[01m[Kstd::transform[m[Kâ€™ declared here
[3.380s]  4369 |     [01;36m[Ktransform[m[K(_InputIterator1 __first1, _InputIterator1 __last1,
[3.380s]       |     [01;36m[K^~~~~~~~~[m[K
[3.380s] [01m[K/home/aralab/ASBIR-ROS2/src/asbir_navigation/src/transform_point.cpp:27:90:[m[K [01;31m[Kerror: [m[Kâ€˜[01m[Kbase_frame[m[Kâ€™ was not declared in this scope; did you mean â€˜[01m[Kbasename[m[Kâ€™?
[3.380s]    27 |             geometry_msgs::msg::PointStamped transformed_point = tf2_ros::transform(msg, [01;31m[Kbase_frame[m[K);
[3.380s]       |                                                                                          [01;31m[K^~~~~~~~~~[m[K
[3.381s]       |                                                                                          [32m[Kbasename[m[K
[3.382s] [01m[K/home/aralab/ASBIR-ROS2/src/asbir_navigation/src/transform_point.cpp:[m[K In function â€˜[01m[Kint main(int, char**)[m[Kâ€™:
[3.382s] [01m[K/home/aralab/ASBIR-ROS2/src/asbir_navigation/src/transform_point.cpp:38:33:[m[K [01;31m[Kerror: [m[Kâ€˜[01m[KModelTest[m[Kâ€™ was not declared in this scope
[3.382s]    38 |   rclcpp::spin(std::make_shared<[01;31m[KModelTest[m[K>());
[3.382s]       |                                 [01;31m[K^~~~~~~~~[m[K
[3.382s] [01m[K/home/aralab/ASBIR-ROS2/src/asbir_navigation/src/transform_point.cpp:38:44:[m[K [01;31m[Kerror: [m[Kno matching function for call to â€˜[01m[Kmake_shared<<expression error> >()[m[Kâ€™
[3.382s]    38 |   rclcpp::spin(std::make_shared<ModelTest>([01;31m[K)[m[K);
[3.382s]       |                                            [01;31m[K^[m[K
[3.382s] In file included from [01m[K/usr/include/c++/9/memory:81[m[K,
[3.382s]                  from [01m[K/home/aralab/ros2_foxy/install/rclcpp/include/rclcpp/rclcpp.hpp:144[m[K,
[3.382s]                  from [01m[K/home/aralab/ASBIR-ROS2/src/asbir_navigation/src/transform_point.cpp:1[m[K:
[3.382s] [01m[K/usr/include/c++/9/bits/shared_ptr.h:714:5:[m[K [01;36m[Knote: [m[Kcandidate: â€˜[01m[Ktemplate<class _Tp, class ... _Args> std::shared_ptr<_Tp> std::make_shared(_Args&& ...)[m[Kâ€™
[3.382s]   714 |     [01;36m[Kmake_shared[m[K(_Args&&... __args)
[3.382s]       |     [01;36m[K^~~~~~~~~~~[m[K
[3.383s] [01m[K/usr/include/c++/9/bits/shared_ptr.h:714:5:[m[K [01;36m[Knote: [m[K  template argument deduction/substitution failed:
[3.383s] [01m[K/home/aralab/ASBIR-ROS2/src/asbir_navigation/src/transform_point.cpp:38:44:[m[K [01;31m[Kerror: [m[Ktemplate argument 1 is invalid
[3.383s]    38 |   rclcpp::spin(std::make_shared<ModelTest>([01;31m[K)[m[K);
[3.383s]       |                                            [01;31m[K^[m[K
[3.683s] make[2]: *** [CMakeFiles/transform_point.dir/build.make:63: CMakeFiles/transform_point.dir/src/transform_point.cpp.o] Error 1
[3.683s] make[1]: *** [CMakeFiles/Makefile2:80: CMakeFiles/transform_point.dir/all] Error 2
[3.683s] make: *** [Makefile:141: all] Error 2
[3.686s] Invoked command in '/home/aralab/ASBIR-ROS2/build/asbir_navigation' returned '2': CMAKE_PREFIX_PATH=${CMAKE_PREFIX_PATH}:/home/aralab/ASBIR-ROS2/install/rclpy_message_converter:/home/aralab/ros2_foxy/install/ros2bag:/home/aralab/ros2_foxy/install/tracetools_launch:/home/aralab/ros2_foxy/install/topic_monitor:/home/aralab/ros2_foxy/install/examples_tf2_py:/home/aralab/ros2_foxy/install/sros2:/home/aralab/ros2_foxy/install/rqt_topic:/home/aralab/ros2_foxy/install/rqt_top:/home/aralab/ros2_foxy/install/rqt_srv:/home/aralab/ros2_foxy/install/rqt_shell:/home/aralab/ros2_foxy/install/rqt_service_caller:/home/aralab/ros2_foxy/install/rqt_reconfigure:/home/aralab/ros2_foxy/install/rqt_py_console:/home/aralab/ros2_foxy/install/rqt_publisher:/home/aralab/ros2_foxy/install/rqt_plot:/home/aralab/ros2_foxy/install/rqt_action:/home/aralab/ros2_foxy/install/rqt_msg:/home/aralab/ros2_foxy/install/rqt_console:/home/aralab/ros2_foxy/install/rqt:/home/aralab/ros2_foxy/install/rqt_graph:/home/aralab/ros2_foxy/install/rqt_gui_py:/home/aralab/ros2_foxy/install/rqt_gui:/home/aralab/ros2_foxy/install/ros2trace:/home/aralab/ros2_foxy/install/ros2topic:/home/aralab/ros2_foxy/install/ros2test:/home/aralab/ros2_foxy/install/ros2component:/home/aralab/ros2_foxy/install/ros2param:/home/aralab/ros2_foxy/install/ros2lifecycle:/home/aralab/ros2_foxy/install/ros2service:/home/aralab/ros2_foxy/install/ros2run:/home/aralab/ros2_foxy/install/ros2launch:/home/aralab/ros2_foxy/install/ros2pkg:/home/aralab/ros2_foxy/install/ros2node:/home/aralab/ros2_foxy/install/ros2multicast:/home/aralab/ros2_foxy/install/ros2interface:/home/aralab/ros2_foxy/install/ros2doctor:/home/aralab/ros2_foxy/install/ros2action:/home/aralab/ros2_foxy/install/ros2cli:/home/aralab/ros2_foxy/install/quality_of_service_demo_py:/home/aralab/ros2_foxy/install/launch_testing_ros:/home/aralab/ros2_foxy/install/launch_ros:/home/aralab/ros2_foxy/install/examples_rclpy_minimal_subscriber:/home/aralab/ros2_foxy/install/examples_rclpy_minimal_service:/home/aralab/ros2_foxy/install/examples_rclpy_minimal_publisher:/home/aralab/ros2_foxy/install/examples_rclpy_minimal_client:/home/aralab/ros2_foxy/install/examples_rclpy_minimal_action_server:/home/aralab/ros2_foxy/install/examples_rclpy_minimal_action_client:/home/aralab/ros2_foxy/install/examples_rclpy_executors:/home/aralab/ros2_foxy/install/demo_nodes_py:/home/aralab/ros2_foxy/install/action_tutorials_py:/home/aralab/ros2_foxy/install/ament_uncrustify:/home/aralab/ros2_foxy/install/tracetools_trace:/home/aralab/ros2_foxy/install/tracetools_read:/home/aralab/ros2_foxy/install/test_launch_ros:/home/aralab/ros2_foxy/install/sensor_msgs_py:/home/aralab/ros2_foxy/install/rpyutils:/home/aralab/ros2_foxy/install/rosidl_runtime_py:/home/aralab/ros2_foxy/install/launch_yaml:/home/aralab/ros2_foxy/install/launch_xml:/home/aralab/ros2_foxy/install/launch_testing:/home/aralab/ros2_foxy/install/launch:/home/aralab/ros2_foxy/install/osrf_pycommon:/home/aralab/ros2_foxy/install/domain_coordinator:/home/aralab/ros2_foxy/install/ament_xmllint:/home/aralab/ros2_foxy/install/ament_pyflakes:/home/aralab/ros2_foxy/install/ament_pycodestyle:/home/aralab/ros2_foxy/install/ament_pep257:/home/aralab/ros2_foxy/install/ament_pclint:/home/aralab/ros2_foxy/install/ament_package:/home/aralab/ros2_foxy/install/ament_mypy:/home/aralab/ros2_foxy/install/ament_lint_cmake:/home/aralab/ros2_foxy/install/ament_flake8:/home/aralab/ros2_foxy/install/ament_copyright:/home/aralab/ros2_foxy/install/ament_lint:/home/aralab/ros2_foxy/install/ament_index_python:/home/aralab/ros2_foxy/install/ament_cpplint:/home/aralab/ros2_foxy/install/ament_cppcheck:/home/aralab/ros2_foxy/install/ament_clang_tidy:/home/aralab/ros2_foxy/install/ament_clang_format /usr/bin/cmake --build /home/aralab/ASBIR-ROS2/build/asbir_navigation -- -j12 -l12
