[0.041s] Invoking command in '/home/aralab/ASBIR-ROS2/build/asbir-navigation': CMAKE_PREFIX_PATH=${CMAKE_PREFIX_PATH}:/home/aralab/ASBIR-ROS2/install/rclpy_message_converter:/home/aralab/ros2_foxy/install/ros2bag:/home/aralab/ros2_foxy/install/tracetools_launch:/home/aralab/ros2_foxy/install/topic_monitor:/home/aralab/ros2_foxy/install/examples_tf2_py:/home/aralab/ros2_foxy/install/sros2:/home/aralab/ros2_foxy/install/rqt_topic:/home/aralab/ros2_foxy/install/rqt_top:/home/aralab/ros2_foxy/install/rqt_srv:/home/aralab/ros2_foxy/install/rqt_shell:/home/aralab/ros2_foxy/install/rqt_service_caller:/home/aralab/ros2_foxy/install/rqt_reconfigure:/home/aralab/ros2_foxy/install/rqt_py_console:/home/aralab/ros2_foxy/install/rqt_publisher:/home/aralab/ros2_foxy/install/rqt_plot:/home/aralab/ros2_foxy/install/rqt_action:/home/aralab/ros2_foxy/install/rqt_msg:/home/aralab/ros2_foxy/install/rqt_console:/home/aralab/ros2_foxy/install/rqt:/home/aralab/ros2_foxy/install/rqt_graph:/home/aralab/ros2_foxy/install/rqt_gui_py:/home/aralab/ros2_foxy/install/rqt_gui:/home/aralab/ros2_foxy/install/ros2trace:/home/aralab/ros2_foxy/install/ros2topic:/home/aralab/ros2_foxy/install/ros2test:/home/aralab/ros2_foxy/install/ros2component:/home/aralab/ros2_foxy/install/ros2param:/home/aralab/ros2_foxy/install/ros2lifecycle:/home/aralab/ros2_foxy/install/ros2service:/home/aralab/ros2_foxy/install/ros2run:/home/aralab/ros2_foxy/install/ros2launch:/home/aralab/ros2_foxy/install/ros2pkg:/home/aralab/ros2_foxy/install/ros2node:/home/aralab/ros2_foxy/install/ros2multicast:/home/aralab/ros2_foxy/install/ros2interface:/home/aralab/ros2_foxy/install/ros2doctor:/home/aralab/ros2_foxy/install/ros2action:/home/aralab/ros2_foxy/install/ros2cli:/home/aralab/ros2_foxy/install/quality_of_service_demo_py:/home/aralab/ros2_foxy/install/launch_testing_ros:/home/aralab/ros2_foxy/install/launch_ros:/home/aralab/ros2_foxy/install/examples_rclpy_minimal_subscriber:/home/aralab/ros2_foxy/install/examples_rclpy_minimal_service:/home/aralab/ros2_foxy/install/examples_rclpy_minimal_publisher:/home/aralab/ros2_foxy/install/examples_rclpy_minimal_client:/home/aralab/ros2_foxy/install/examples_rclpy_minimal_action_server:/home/aralab/ros2_foxy/install/examples_rclpy_minimal_action_client:/home/aralab/ros2_foxy/install/examples_rclpy_executors:/home/aralab/ros2_foxy/install/demo_nodes_py:/home/aralab/ros2_foxy/install/action_tutorials_py:/home/aralab/ros2_foxy/install/ament_uncrustify:/home/aralab/ros2_foxy/install/tracetools_trace:/home/aralab/ros2_foxy/install/tracetools_read:/home/aralab/ros2_foxy/install/test_launch_ros:/home/aralab/ros2_foxy/install/sensor_msgs_py:/home/aralab/ros2_foxy/install/rpyutils:/home/aralab/ros2_foxy/install/rosidl_runtime_py:/home/aralab/ros2_foxy/install/launch_yaml:/home/aralab/ros2_foxy/install/launch_xml:/home/aralab/ros2_foxy/install/launch_testing:/home/aralab/ros2_foxy/install/launch:/home/aralab/ros2_foxy/install/osrf_pycommon:/home/aralab/ros2_foxy/install/domain_coordinator:/home/aralab/ros2_foxy/install/ament_xmllint:/home/aralab/ros2_foxy/install/ament_pyflakes:/home/aralab/ros2_foxy/install/ament_pycodestyle:/home/aralab/ros2_foxy/install/ament_pep257:/home/aralab/ros2_foxy/install/ament_pclint:/home/aralab/ros2_foxy/install/ament_package:/home/aralab/ros2_foxy/install/ament_mypy:/home/aralab/ros2_foxy/install/ament_lint_cmake:/home/aralab/ros2_foxy/install/ament_flake8:/home/aralab/ros2_foxy/install/ament_copyright:/home/aralab/ros2_foxy/install/ament_lint:/home/aralab/ros2_foxy/install/ament_index_python:/home/aralab/ros2_foxy/install/ament_cpplint:/home/aralab/ros2_foxy/install/ament_cppcheck:/home/aralab/ros2_foxy/install/ament_clang_tidy:/home/aralab/ros2_foxy/install/ament_clang_format /usr/bin/cmake --build /home/aralab/ASBIR-ROS2/build/asbir-navigation -- -j12 -l12
[0.130s] [35m[1mScanning dependencies of target modelTest[0m
[0.157s] [ 50%] Built target listener
[0.192s] [ 75%] [32mBuilding CXX object CMakeFiles/modelTest.dir/src/modelTest.cpp.o[0m
[1.550s] [01m[K/home/aralab/ASBIR-ROS2/src/asbir-navigation/src/modelTest.cpp:[m[K In member function â€˜[01m[Kvoid ModelTest::path_model()[m[Kâ€™:
[1.550s] [01m[K/home/aralab/ASBIR-ROS2/src/asbir-navigation/src/modelTest.cpp:24:13:[m[K [01;31m[Kerror: [m[Kâ€˜[01m[Kmarker[m[Kâ€™ was not declared in this scope
[1.550s]    24 |             [01;31m[Kmarker[m[K.action = visualization_msgs::msg::Marker::ADD;
[1.550s]       |             [01;31m[K^~~~~~[m[K
[1.557s] [01m[K/home/aralab/ASBIR-ROS2/src/asbir-navigation/src/modelTest.cpp:48:42:[m[K [01;31m[Kerror: [m[Kno matching function for call to â€˜[01m[Krclcpp::Publisher<std_msgs::msg::String_<std::allocator<void> > >::publish(visualization_msgs::msg::Marker&)[m[Kâ€™
[1.558s]    48 |             marker_a_pub->publish(surface[01;31m[K)[m[K;
[1.558s]       |                                          [01;31m[K^[m[K
[1.558s] In file included from [01m[K/home/aralab/ros2_foxy/install/rclcpp/include/rclcpp/topic_statistics/subscription_topic_statistics.hpp:31[m[K,
[1.558s]                  from [01m[K/home/aralab/ros2_foxy/install/rclcpp/include/rclcpp/subscription.hpp:50[m[K,
[1.558s]                  from [01m[K/home/aralab/ros2_foxy/install/rclcpp/include/rclcpp/any_executable.hpp:25[m[K,
[1.558s]                  from [01m[K/home/aralab/ros2_foxy/install/rclcpp/include/rclcpp/memory_strategy.hpp:24[m[K,
[1.558s]                  from [01m[K/home/aralab/ros2_foxy/install/rclcpp/include/rclcpp/memory_strategies.hpp:18[m[K,
[1.558s]                  from [01m[K/home/aralab/ros2_foxy/install/rclcpp/include/rclcpp/executor_options.hpp:20[m[K,
[1.558s]                  from [01m[K/home/aralab/ros2_foxy/install/rclcpp/include/rclcpp/executor.hpp:33[m[K,
[1.559s]                  from [01m[K/home/aralab/ros2_foxy/install/rclcpp/include/rclcpp/executors/multi_threaded_executor.hpp:26[m[K,
[1.559s]                  from [01m[K/home/aralab/ros2_foxy/install/rclcpp/include/rclcpp/executors.hpp:21[m[K,
[1.559s]                  from [01m[K/home/aralab/ros2_foxy/install/rclcpp/include/rclcpp/rclcpp.hpp:146[m[K,
[1.559s]                  from [01m[K/home/aralab/ASBIR-ROS2/src/asbir-navigation/src/modelTest.cpp:1[m[K:
[1.560s] [01m[K/home/aralab/ros2_foxy/install/rclcpp/include/rclcpp/publisher.hpp:185:3:[m[K [01;36m[Knote: [m[Kcandidate: â€˜[01m[Kvoid rclcpp::Publisher<MessageT, AllocatorT>::publish(std::unique_ptr<MessageT, typename std::conditional<std::is_same<typename std::allocator_traits<typename std::allocator_traits<_Alloc>::rebind_traits<MessageT>::allocator_type>::rebind_alloc<MessageT>, typename std::allocator<void>::rebind<_Tp1>::other>::value, std::default_delete<_Tp>, rclcpp::allocator::AllocatorDeleter<typename std::allocator_traits<_Alloc>::rebind_traits<MessageT>::allocator_type> >::type>) [with MessageT = std_msgs::msg::String_<std::allocator<void> >; AllocatorT = std::allocator<void>; typename std::conditional<std::is_same<typename std::allocator_traits<typename std::allocator_traits<_Alloc>::rebind_traits<MessageT>::allocator_type>::rebind_alloc<MessageT>, typename std::allocator<void>::rebind<_Tp1>::other>::value, std::default_delete<_Tp>, rclcpp::allocator::AllocatorDeleter<typename std::allocator_traits<_Alloc>::rebind_traits<MessageT>::allocator_type> >::type = std::default_delete<std_msgs::msg::String_<std::allocator<void> > >][m[Kâ€™
[1.560s]   185 |   [01;36m[Kpublish[m[K(std::unique_ptr<MessageT, MessageDeleter> msg)
[1.560s]       |   [01;36m[K^~~~~~~[m[K
[1.560s] [01m[K/home/aralab/ros2_foxy/install/rclcpp/include/rclcpp/publisher.hpp:185:53:[m[K [01;36m[Knote: [m[K  no known conversion for argument 1 from â€˜[01m[Kvisualization_msgs::msg::Marker[m[Kâ€™ {aka â€˜[01m[Kvisualization_msgs::msg::Marker_<std::allocator<void> >[m[Kâ€™} to â€˜[01m[Kstd::unique_ptr<std_msgs::msg::String_<std::allocator<void> >, std::default_delete<std_msgs::msg::String_<std::allocator<void> > > >[m[Kâ€™
[1.560s]   185 |   publish([01;36m[Kstd::unique_ptr<MessageT, MessageDeleter> msg[m[K)
[1.560s]       |           [01;36m[K~~~~~~~~~~~~~~~~~~~~~~~~~~~~~~~~~~~~~~~~~~^~~[m[K
[1.560s] [01m[K/home/aralab/ros2_foxy/install/rclcpp/include/rclcpp/publisher.hpp:209:3:[m[K [01;36m[Knote: [m[Kcandidate: â€˜[01m[Kvoid rclcpp::Publisher<MessageT, AllocatorT>::publish(const MessageT&) [with MessageT = std_msgs::msg::String_<std::allocator<void> >; AllocatorT = std::allocator<void>][m[Kâ€™
[1.560s]   209 |   [01;36m[Kpublish[m[K(const MessageT & msg)
[1.560s]       |   [01;36m[K^~~~~~~[m[K
[1.561s] [01m[K/home/aralab/ros2_foxy/install/rclcpp/include/rclcpp/publisher.hpp:209:28:[m[K [01;36m[Knote: [m[K  no known conversion for argument 1 from â€˜[01m[Kvisualization_msgs::msg::Marker[m[Kâ€™ {aka â€˜[01m[Kvisualization_msgs::msg::Marker_<std::allocator<void> >[m[Kâ€™} to â€˜[01m[Kconst std_msgs::msg::String_<std::allocator<void> >&[m[Kâ€™
[1.561s]   209 |   publish([01;36m[Kconst MessageT & msg[m[K)
[1.561s]       |           [01;36m[K~~~~~~~~~~~~~~~~~^~~[m[K
[1.561s] [01m[K/home/aralab/ros2_foxy/install/rclcpp/include/rclcpp/publisher.hpp:226:3:[m[K [01;36m[Knote: [m[Kcandidate: â€˜[01m[Kvoid rclcpp::Publisher<MessageT, AllocatorT>::publish(const rcl_serialized_message_t&) [with MessageT = std_msgs::msg::String_<std::allocator<void> >; AllocatorT = std::allocator<void>; rcl_serialized_message_t = rcutils_uint8_array_t][m[Kâ€™
[1.561s]   226 |   [01;36m[Kpublish[m[K(const rcl_serialized_message_t & serialized_msg)
[1.561s]       |   [01;36m[K^~~~~~~[m[K
[1.561s] [01m[K/home/aralab/ros2_foxy/install/rclcpp/include/rclcpp/publisher.hpp:226:44:[m[K [01;36m[Knote: [m[K  no known conversion for argument 1 from â€˜[01m[Kvisualization_msgs::msg::Marker[m[Kâ€™ {aka â€˜[01m[Kvisualization_msgs::msg::Marker_<std::allocator<void> >[m[Kâ€™} to â€˜[01m[Kconst rcl_serialized_message_t&[m[Kâ€™ {aka â€˜[01m[Kconst rcutils_uint8_array_t&[m[Kâ€™}
[1.561s]   226 |   publish([01;36m[Kconst rcl_serialized_message_t & serialized_msg[m[K)
[1.561s]       |           [01;36m[K~~~~~~~~~~~~~~~~~~~~~~~~~~~~~~~~~^~~~~~~~~~~~~~[m[K
[1.561s] [01m[K/home/aralab/ros2_foxy/install/rclcpp/include/rclcpp/publisher.hpp:232:3:[m[K [01;36m[Knote: [m[Kcandidate: â€˜[01m[Kvoid rclcpp::Publisher<MessageT, AllocatorT>::publish(const rclcpp::SerializedMessage&) [with MessageT = std_msgs::msg::String_<std::allocator<void> >; AllocatorT = std::allocator<void>][m[Kâ€™
[1.562s]   232 |   [01;36m[Kpublish[m[K(const SerializedMessage & serialized_msg)
[1.562s]       |   [01;36m[K^~~~~~~[m[K
[1.562s] [01m[K/home/aralab/ros2_foxy/install/rclcpp/include/rclcpp/publisher.hpp:232:37:[m[K [01;36m[Knote: [m[K  no known conversion for argument 1 from â€˜[01m[Kvisualization_msgs::msg::Marker[m[Kâ€™ {aka â€˜[01m[Kvisualization_msgs::msg::Marker_<std::allocator<void> >[m[Kâ€™} to â€˜[01m[Kconst rclcpp::SerializedMessage&[m[Kâ€™
[1.562s]   232 |   publish([01;36m[Kconst SerializedMessage & serialized_msg[m[K)
[1.562s]       |           [01;36m[K~~~~~~~~~~~~~~~~~~~~~~~~~~^~~~~~~~~~~~~~[m[K
[1.562s] [01m[K/home/aralab/ros2_foxy/install/rclcpp/include/rclcpp/publisher.hpp:246:3:[m[K [01;36m[Knote: [m[Kcandidate: â€˜[01m[Kvoid rclcpp::Publisher<MessageT, AllocatorT>::publish(rclcpp::LoanedMessage<MessageT, AllocatorT>&&) [with MessageT = std_msgs::msg::String_<std::allocator<void> >; AllocatorT = std::allocator<void>][m[Kâ€™
[1.562s]   246 |   [01;36m[Kpublish[m[K(rclcpp::LoanedMessage<MessageT, AllocatorT> && loaned_msg)
[1.562s]       |   [01;36m[K^~~~~~~[m[K
[1.563s] [01m[K/home/aralab/ros2_foxy/install/rclcpp/include/rclcpp/publisher.hpp:246:58:[m[K [01;36m[Knote: [m[K  no known conversion for argument 1 from â€˜[01m[Kvisualization_msgs::msg::Marker[m[Kâ€™ {aka â€˜[01m[Kvisualization_msgs::msg::Marker_<std::allocator<void> >[m[Kâ€™} to â€˜[01m[Krclcpp::LoanedMessage<std_msgs::msg::String_<std::allocator<void> >, std::allocator<void> >&&[m[Kâ€™
[1.563s]   246 |   publish([01;36m[Krclcpp::LoanedMessage<MessageT, AllocatorT> && loaned_msg[m[K)
[1.563s]       |           [01;36m[K~~~~~~~~~~~~~~~~~~~~~~~~~~~~~~~~~~~~~~~~~~~~~~~^~~~~~~~~~[m[K
[1.563s] [01m[K/home/aralab/ASBIR-ROS2/src/asbir-navigation/src/modelTest.cpp:52:20:[m[K [01;31m[Kerror: [m[Kreturn-statement with a value, in function returning â€˜[01m[Kvoid[m[Kâ€™ [[01;31m[K-fpermissive[m[K]
[1.563s]    52 |             return [01;31m[K0[m[K;
[1.563s]       |                    [01;31m[K^[m[K
[1.563s] [01m[K/home/aralab/ASBIR-ROS2/src/asbir-navigation/src/modelTest.cpp:[m[K In constructor â€˜[01m[KModelTest::ModelTest()[m[Kâ€™:
[1.563s] [01m[K/home/aralab/ASBIR-ROS2/src/asbir-navigation/src/modelTest.cpp:61:43:[m[K [01;31m[Kerror: [m[Kclass â€˜[01m[KModelTest[m[Kâ€™ does not have any field named â€˜[01m[Kcount_[m[Kâ€™
[1.563s]    61 |         ModelTest() : Node("ModelGraph"), [01;31m[Kcount_[m[K(0) {
[1.563s]       |                                           [01;31m[K^~~~~~[m[K
[1.564s] [01m[K/home/aralab/ASBIR-ROS2/src/asbir-navigation/src/modelTest.cpp:63:32:[m[K [01;31m[Kerror: [m[Kâ€˜[01m[Kclass ModelTest[m[Kâ€™ has no member named â€˜[01m[Kcreate_publsiher[m[Kâ€™; did you mean â€˜[01m[Kcreate_publisher[m[Kâ€™?
[1.564s]    63 |             marker_pub = this->[01;31m[Kcreate_publsiher[m[K<visualization_msgs::msg::Marker>("visualization_marker", 10);
[1.564s]       |                                [01;31m[K^~~~~~~~~~~~~~~~[m[K
[1.564s]       |                                [32m[Kcreate_publisher[m[K
[1.564s] [01m[K/home/aralab/ASBIR-ROS2/src/asbir-navigation/src/modelTest.cpp:63:80:[m[K [01;31m[Kerror: [m[Kexpected primary-expression before â€˜[01m[K>[m[Kâ€™ token
[1.564s]    63 |             marker_pub = this->create_publsiher<visualization_msgs::msg::Marker[01;31m[K>[m[K("visualization_marker", 10);
[1.564s]       |                                                                                [01;31m[K^[m[K
[1.564s] [01m[K/home/aralab/ASBIR-ROS2/src/asbir-navigation/src/modelTest.cpp:63:82:[m[K [01;35m[Kwarning: [m[Kleft operand of comma operator has no effect [[01;35m[K-Wunused-value[m[K]
[1.564s]    63 |             marker_pub = this->create_publsiher<visualization_msgs::msg::Marker>([01;35m[K"visualization_marker"[m[K, 10);
[1.565s]       |                                                                                  [01;35m[K^~~~~~~~~~~~~~~~~~~~~~[m[K
[1.565s] [01m[K/home/aralab/ASBIR-ROS2/src/asbir-navigation/src/modelTest.cpp:64:76:[m[K [01;31m[Kerror: [m[Kâ€˜[01m[KMarkerArray[m[Kâ€™ is not a member of â€˜[01m[Kvisualization_msgs::msg[m[Kâ€™
[1.565s]    64 |             marker_a_pub = this->create_publisher<visualization_msgs::msg::[01;31m[KMarkerArray[m[K>("visualization_marker_array", 10);
[1.565s]       |                                                                            [01;31m[K^~~~~~~~~~~[m[K
[1.565s] [01m[K/home/aralab/ASBIR-ROS2/src/asbir-navigation/src/modelTest.cpp:64:76:[m[K [01;31m[Kerror: [m[Kâ€˜[01m[KMarkerArray[m[Kâ€™ is not a member of â€˜[01m[Kvisualization_msgs::msg[m[Kâ€™
[1.565s] [01m[K/home/aralab/ASBIR-ROS2/src/asbir-navigation/src/modelTest.cpp:64:121:[m[K [01;31m[Kerror: [m[Kno matching function for call to â€˜[01m[KModelTest::create_publisher<<expression error> >(const char [27], int)[m[Kâ€™
[1.565s]    64 |             marker_a_pub = this->create_publisher<visualization_msgs::msg::MarkerArray>("visualization_marker_array", 10[01;31m[K)[m[K;
[1.565s]       |                                                                                                                         [01;31m[K^[m[K
[1.565s] In file included from [01m[K/home/aralab/ros2_foxy/install/rclcpp/include/rclcpp/node.hpp:1224[m[K,
[1.565s]                  from [01m[K/home/aralab/ros2_foxy/install/rclcpp/include/rclcpp/executors/single_threaded_executor.hpp:28[m[K,
[1.566s]                  from [01m[K/home/aralab/ros2_foxy/install/rclcpp/include/rclcpp/executors.hpp:22[m[K,
[1.566s]                  from [01m[K/home/aralab/ros2_foxy/install/rclcpp/include/rclcpp/rclcpp.hpp:146[m[K,
[1.566s]                  from [01m[K/home/aralab/ASBIR-ROS2/src/asbir-navigation/src/modelTest.cpp:1[m[K:
[1.566s] [01m[K/home/aralab/ros2_foxy/install/rclcpp/include/rclcpp/node_impl.hpp:71:1:[m[K [01;36m[Knote: [m[Kcandidate: â€˜[01m[Ktemplate<class MessageT, class AllocatorT, class PublisherT> std::shared_ptr<PublisherT> rclcpp::Node::create_publisher(const string&, const rclcpp::QoS&, const rclcpp::PublisherOptionsWithAllocator<AllocatorT>&)[m[Kâ€™
[1.566s]    71 | [01;36m[KNode[m[K::create_publisher(
[1.566s]       | [01;36m[K^~~~[m[K
[1.566s] [01m[K/home/aralab/ros2_foxy/install/rclcpp/include/rclcpp/node_impl.hpp:71:1:[m[K [01;36m[Knote: [m[K  template argument deduction/substitution failed:
[1.566s] [01m[K/home/aralab/ASBIR-ROS2/src/asbir-navigation/src/modelTest.cpp:64:121:[m[K [01;31m[Kerror: [m[Ktemplate argument 1 is invalid
[1.566s]    64 |             marker_a_pub = this->create_publisher<visualization_msgs::msg::MarkerArray>("visualization_marker_array", 10[01;31m[K)[m[K;
[1.567s]       |                                                                                                                         [01;31m[K^[m[K
[2.216s] make[2]: *** [CMakeFiles/modelTest.dir/build.make:63: CMakeFiles/modelTest.dir/src/modelTest.cpp.o] Error 1
[2.216s] make[1]: *** [CMakeFiles/Makefile2:80: CMakeFiles/modelTest.dir/all] Error 2
[2.216s] make: *** [Makefile:141: all] Error 2
[2.218s] Invoked command in '/home/aralab/ASBIR-ROS2/build/asbir-navigation' returned '2': CMAKE_PREFIX_PATH=${CMAKE_PREFIX_PATH}:/home/aralab/ASBIR-ROS2/install/rclpy_message_converter:/home/aralab/ros2_foxy/install/ros2bag:/home/aralab/ros2_foxy/install/tracetools_launch:/home/aralab/ros2_foxy/install/topic_monitor:/home/aralab/ros2_foxy/install/examples_tf2_py:/home/aralab/ros2_foxy/install/sros2:/home/aralab/ros2_foxy/install/rqt_topic:/home/aralab/ros2_foxy/install/rqt_top:/home/aralab/ros2_foxy/install/rqt_srv:/home/aralab/ros2_foxy/install/rqt_shell:/home/aralab/ros2_foxy/install/rqt_service_caller:/home/aralab/ros2_foxy/install/rqt_reconfigure:/home/aralab/ros2_foxy/install/rqt_py_console:/home/aralab/ros2_foxy/install/rqt_publisher:/home/aralab/ros2_foxy/install/rqt_plot:/home/aralab/ros2_foxy/install/rqt_action:/home/aralab/ros2_foxy/install/rqt_msg:/home/aralab/ros2_foxy/install/rqt_console:/home/aralab/ros2_foxy/install/rqt:/home/aralab/ros2_foxy/install/rqt_graph:/home/aralab/ros2_foxy/install/rqt_gui_py:/home/aralab/ros2_foxy/install/rqt_gui:/home/aralab/ros2_foxy/install/ros2trace:/home/aralab/ros2_foxy/install/ros2topic:/home/aralab/ros2_foxy/install/ros2test:/home/aralab/ros2_foxy/install/ros2component:/home/aralab/ros2_foxy/install/ros2param:/home/aralab/ros2_foxy/install/ros2lifecycle:/home/aralab/ros2_foxy/install/ros2service:/home/aralab/ros2_foxy/install/ros2run:/home/aralab/ros2_foxy/install/ros2launch:/home/aralab/ros2_foxy/install/ros2pkg:/home/aralab/ros2_foxy/install/ros2node:/home/aralab/ros2_foxy/install/ros2multicast:/home/aralab/ros2_foxy/install/ros2interface:/home/aralab/ros2_foxy/install/ros2doctor:/home/aralab/ros2_foxy/install/ros2action:/home/aralab/ros2_foxy/install/ros2cli:/home/aralab/ros2_foxy/install/quality_of_service_demo_py:/home/aralab/ros2_foxy/install/launch_testing_ros:/home/aralab/ros2_foxy/install/launch_ros:/home/aralab/ros2_foxy/install/examples_rclpy_minimal_subscriber:/home/aralab/ros2_foxy/install/examples_rclpy_minimal_service:/home/aralab/ros2_foxy/install/examples_rclpy_minimal_publisher:/home/aralab/ros2_foxy/install/examples_rclpy_minimal_client:/home/aralab/ros2_foxy/install/examples_rclpy_minimal_action_server:/home/aralab/ros2_foxy/install/examples_rclpy_minimal_action_client:/home/aralab/ros2_foxy/install/examples_rclpy_executors:/home/aralab/ros2_foxy/install/demo_nodes_py:/home/aralab/ros2_foxy/install/action_tutorials_py:/home/aralab/ros2_foxy/install/ament_uncrustify:/home/aralab/ros2_foxy/install/tracetools_trace:/home/aralab/ros2_foxy/install/tracetools_read:/home/aralab/ros2_foxy/install/test_launch_ros:/home/aralab/ros2_foxy/install/sensor_msgs_py:/home/aralab/ros2_foxy/install/rpyutils:/home/aralab/ros2_foxy/install/rosidl_runtime_py:/home/aralab/ros2_foxy/install/launch_yaml:/home/aralab/ros2_foxy/install/launch_xml:/home/aralab/ros2_foxy/install/launch_testing:/home/aralab/ros2_foxy/install/launch:/home/aralab/ros2_foxy/install/osrf_pycommon:/home/aralab/ros2_foxy/install/domain_coordinator:/home/aralab/ros2_foxy/install/ament_xmllint:/home/aralab/ros2_foxy/install/ament_pyflakes:/home/aralab/ros2_foxy/install/ament_pycodestyle:/home/aralab/ros2_foxy/install/ament_pep257:/home/aralab/ros2_foxy/install/ament_pclint:/home/aralab/ros2_foxy/install/ament_package:/home/aralab/ros2_foxy/install/ament_mypy:/home/aralab/ros2_foxy/install/ament_lint_cmake:/home/aralab/ros2_foxy/install/ament_flake8:/home/aralab/ros2_foxy/install/ament_copyright:/home/aralab/ros2_foxy/install/ament_lint:/home/aralab/ros2_foxy/install/ament_index_python:/home/aralab/ros2_foxy/install/ament_cpplint:/home/aralab/ros2_foxy/install/ament_cppcheck:/home/aralab/ros2_foxy/install/ament_clang_tidy:/home/aralab/ros2_foxy/install/ament_clang_format /usr/bin/cmake --build /home/aralab/ASBIR-ROS2/build/asbir-navigation -- -j12 -l12
