[0.040s] Invoking command in '/home/aralab/ASBIR-ROS2/build/asbir_navigation': CMAKE_PREFIX_PATH=${CMAKE_PREFIX_PATH}:/home/aralab/ASBIR-ROS2/install/rclpy_message_converter:/home/aralab/ros2_foxy/install/ros2bag:/home/aralab/ros2_foxy/install/tracetools_launch:/home/aralab/ros2_foxy/install/topic_monitor:/home/aralab/ros2_foxy/install/examples_tf2_py:/home/aralab/ros2_foxy/install/sros2:/home/aralab/ros2_foxy/install/rqt_topic:/home/aralab/ros2_foxy/install/rqt_top:/home/aralab/ros2_foxy/install/rqt_srv:/home/aralab/ros2_foxy/install/rqt_shell:/home/aralab/ros2_foxy/install/rqt_service_caller:/home/aralab/ros2_foxy/install/rqt_reconfigure:/home/aralab/ros2_foxy/install/rqt_py_console:/home/aralab/ros2_foxy/install/rqt_publisher:/home/aralab/ros2_foxy/install/rqt_plot:/home/aralab/ros2_foxy/install/rqt_action:/home/aralab/ros2_foxy/install/rqt_msg:/home/aralab/ros2_foxy/install/rqt_console:/home/aralab/ros2_foxy/install/rqt:/home/aralab/ros2_foxy/install/rqt_graph:/home/aralab/ros2_foxy/install/rqt_gui_py:/home/aralab/ros2_foxy/install/rqt_gui:/home/aralab/ros2_foxy/install/ros2trace:/home/aralab/ros2_foxy/install/ros2topic:/home/aralab/ros2_foxy/install/ros2test:/home/aralab/ros2_foxy/install/ros2component:/home/aralab/ros2_foxy/install/ros2param:/home/aralab/ros2_foxy/install/ros2lifecycle:/home/aralab/ros2_foxy/install/ros2service:/home/aralab/ros2_foxy/install/ros2run:/home/aralab/ros2_foxy/install/ros2launch:/home/aralab/ros2_foxy/install/ros2pkg:/home/aralab/ros2_foxy/install/ros2node:/home/aralab/ros2_foxy/install/ros2multicast:/home/aralab/ros2_foxy/install/ros2interface:/home/aralab/ros2_foxy/install/ros2doctor:/home/aralab/ros2_foxy/install/ros2action:/home/aralab/ros2_foxy/install/ros2cli:/home/aralab/ros2_foxy/install/quality_of_service_demo_py:/home/aralab/ros2_foxy/install/launch_testing_ros:/home/aralab/ros2_foxy/install/launch_ros:/home/aralab/ros2_foxy/install/examples_rclpy_minimal_subscriber:/home/aralab/ros2_foxy/install/examples_rclpy_minimal_service:/home/aralab/ros2_foxy/install/examples_rclpy_minimal_publisher:/home/aralab/ros2_foxy/install/examples_rclpy_minimal_client:/home/aralab/ros2_foxy/install/examples_rclpy_minimal_action_server:/home/aralab/ros2_foxy/install/examples_rclpy_minimal_action_client:/home/aralab/ros2_foxy/install/examples_rclpy_executors:/home/aralab/ros2_foxy/install/demo_nodes_py:/home/aralab/ros2_foxy/install/action_tutorials_py:/home/aralab/ros2_foxy/install/ament_uncrustify:/home/aralab/ros2_foxy/install/tracetools_trace:/home/aralab/ros2_foxy/install/tracetools_read:/home/aralab/ros2_foxy/install/test_launch_ros:/home/aralab/ros2_foxy/install/sensor_msgs_py:/home/aralab/ros2_foxy/install/rpyutils:/home/aralab/ros2_foxy/install/rosidl_runtime_py:/home/aralab/ros2_foxy/install/launch_yaml:/home/aralab/ros2_foxy/install/launch_xml:/home/aralab/ros2_foxy/install/launch_testing:/home/aralab/ros2_foxy/install/launch:/home/aralab/ros2_foxy/install/osrf_pycommon:/home/aralab/ros2_foxy/install/domain_coordinator:/home/aralab/ros2_foxy/install/ament_xmllint:/home/aralab/ros2_foxy/install/ament_pyflakes:/home/aralab/ros2_foxy/install/ament_pycodestyle:/home/aralab/ros2_foxy/install/ament_pep257:/home/aralab/ros2_foxy/install/ament_pclint:/home/aralab/ros2_foxy/install/ament_package:/home/aralab/ros2_foxy/install/ament_mypy:/home/aralab/ros2_foxy/install/ament_lint_cmake:/home/aralab/ros2_foxy/install/ament_flake8:/home/aralab/ros2_foxy/install/ament_copyright:/home/aralab/ros2_foxy/install/ament_lint:/home/aralab/ros2_foxy/install/ament_index_python:/home/aralab/ros2_foxy/install/ament_cpplint:/home/aralab/ros2_foxy/install/ament_cppcheck:/home/aralab/ros2_foxy/install/ament_clang_tidy:/home/aralab/ros2_foxy/install/ament_clang_format /usr/bin/cmake --build /home/aralab/ASBIR-ROS2/build/asbir_navigation -- -j12 -l12
[0.142s] [35m[1mScanning dependencies of target transform_point[0m
[0.164s] [ 50%] Built target listener
[0.198s] [ 75%] [32mBuilding CXX object CMakeFiles/transform_point.dir/src/transform_point.cpp.o[0m
[1.450s] [01m[K/home/aralab/ASBIR-ROS2/src/asbir_navigation/src/transform_point.cpp:[m[K In constructor â€˜[01m[KTransformPoint::TransformPoint()[m[Kâ€™:
[1.450s] [01m[K/home/aralab/ASBIR-ROS2/src/asbir_navigation/src/transform_point.cpp:17:66:[m[K [01;31m[Kerror: [m[Kâ€˜[01m[KPointStamped[m[Kâ€™ is not a member of â€˜[01m[Kgeometry_msgs[m[Kâ€™; did you mean â€˜[01m[Kgeometry_msgs::msg::PointStamped[m[Kâ€™?
[1.450s]    17 |             point_sub = this->create_subscription<geometry_msgs::[01;31m[KPointStamped[m[K>("point_to_transform", 10, std::bind(&TransformPoint::topic_callback, this, _1));
[1.451s]       |                                                                  [01;31m[K^~~~~~~~~~~~[m[K
[1.451s] In file included from [01m[K/home/aralab/ros2_foxy/install/geometry_msgs/include/geometry_msgs/msg/point_stamped.hpp:7[m[K,
[1.451s]                  from [01m[K/home/aralab/ASBIR-ROS2/src/asbir_navigation/src/transform_point.cpp:3[m[K:
[1.452s] [01m[K/home/aralab/ros2_foxy/install/geometry_msgs/include/geometry_msgs/msg/detail/point_stamped__struct.hpp:134:7:[m[K [01;36m[Knote: [m[Kâ€˜[01m[Kgeometry_msgs::msg::PointStamped[m[Kâ€™ declared here
[1.452s]   134 | using [01;36m[KPointStamped[m[K =
[1.452s]       |       [01;36m[K^~~~~~~~~~~~[m[K
[1.452s] [01m[K/home/aralab/ASBIR-ROS2/src/asbir_navigation/src/transform_point.cpp:17:66:[m[K [01;31m[Kerror: [m[Kâ€˜[01m[KPointStamped[m[Kâ€™ is not a member of â€˜[01m[Kgeometry_msgs[m[Kâ€™; did you mean â€˜[01m[Kgeometry_msgs::msg::PointStamped[m[Kâ€™?
[1.452s]    17 |             point_sub = this->create_subscription<geometry_msgs::[01;31m[KPointStamped[m[K>("point_to_transform", 10, std::bind(&TransformPoint::topic_callback, this, _1));
[1.452s]       |                                                                  [01;31m[K^~~~~~~~~~~~[m[K
[1.452s] In file included from [01m[K/home/aralab/ros2_foxy/install/geometry_msgs/include/geometry_msgs/msg/point_stamped.hpp:7[m[K,
[1.452s]                  from [01m[K/home/aralab/ASBIR-ROS2/src/asbir_navigation/src/transform_point.cpp:3[m[K:
[1.452s] [01m[K/home/aralab/ros2_foxy/install/geometry_msgs/include/geometry_msgs/msg/detail/point_stamped__struct.hpp:134:7:[m[K [01;36m[Knote: [m[Kâ€˜[01m[Kgeometry_msgs::msg::PointStamped[m[Kâ€™ declared here
[1.452s]   134 | using [01;36m[KPointStamped[m[K =
[1.453s]       |       [01;36m[K^~~~~~~~~~~~[m[K
[1.453s] [01m[K/home/aralab/ASBIR-ROS2/src/asbir_navigation/src/transform_point.cpp:17:155:[m[K [01;31m[Kerror: [m[Kâ€˜[01m[K_1[m[Kâ€™ was not declared in this scope; did you mean â€˜[01m[Kstd::placeholders::_1[m[Kâ€™?
[1.453s]    17 |             point_sub = this->create_subscription<geometry_msgs::PointStamped>("point_to_transform", 10, std::bind(&TransformPoint::topic_callback, this, [01;31m[K_1[m[K));
[1.453s]       |                                                                                                                                                           [01;31m[K^~[m[K
[1.453s]       |                                                                                                                                                           [32m[Kstd::placeholders::_1[m[K
[1.453s] In file included from [01m[K/home/aralab/ros2_foxy/install/rclcpp/include/rclcpp/context.hpp:19[m[K,
[1.453s]                  from [01m[K/home/aralab/ros2_foxy/install/rclcpp/include/rclcpp/contexts/default_context.hpp:18[m[K,
[1.453s]                  from [01m[K/home/aralab/ros2_foxy/install/rclcpp/include/rclcpp/executor.hpp:32[m[K,
[1.453s]                  from [01m[K/home/aralab/ros2_foxy/install/rclcpp/include/rclcpp/executors/multi_threaded_executor.hpp:26[m[K,
[1.453s]                  from [01m[K/home/aralab/ros2_foxy/install/rclcpp/include/rclcpp/executors.hpp:21[m[K,
[1.454s]                  from [01m[K/home/aralab/ros2_foxy/install/rclcpp/include/rclcpp/rclcpp.hpp:146[m[K,
[1.454s]                  from [01m[K/home/aralab/ASBIR-ROS2/src/asbir_navigation/src/transform_point.cpp:1[m[K:
[1.454s] [01m[K/usr/include/c++/9/functional:211:34:[m[K [01;36m[Knote: [m[Kâ€˜[01m[Kstd::placeholders::_1[m[Kâ€™ declared here
[1.454s]   211 |     extern const _Placeholder<1> [01;36m[K_1[m[K;
[1.454s]       |                                  [01;36m[K^~[m[K
[1.454s] [01m[K/home/aralab/ASBIR-ROS2/src/asbir_navigation/src/transform_point.cpp:18:63:[m[K [01;31m[Kerror: [m[Kâ€˜[01m[KPointStamped[m[Kâ€™ is not a member of â€˜[01m[Kgeometry_msgs[m[Kâ€™; did you mean â€˜[01m[Kgeometry_msgs::msg::PointStamped[m[Kâ€™?
[1.454s]    18 |             point_pub = this->create_publisher<geometry_msgs::[01;31m[KPointStamped[m[K>("transformed_point", 10);
[1.454s]       |                                                               [01;31m[K^~~~~~~~~~~~[m[K
[1.455s] In file included from [01m[K/home/aralab/ros2_foxy/install/geometry_msgs/include/geometry_msgs/msg/point_stamped.hpp:7[m[K,
[1.455s]                  from [01m[K/home/aralab/ASBIR-ROS2/src/asbir_navigation/src/transform_point.cpp:3[m[K:
[1.455s] [01m[K/home/aralab/ros2_foxy/install/geometry_msgs/include/geometry_msgs/msg/detail/point_stamped__struct.hpp:134:7:[m[K [01;36m[Knote: [m[Kâ€˜[01m[Kgeometry_msgs::msg::PointStamped[m[Kâ€™ declared here
[1.455s]   134 | using [01;36m[KPointStamped[m[K =
[1.455s]       |       [01;36m[K^~~~~~~~~~~~[m[K
[1.455s] [01m[K/home/aralab/ASBIR-ROS2/src/asbir_navigation/src/transform_point.cpp:18:63:[m[K [01;31m[Kerror: [m[Kâ€˜[01m[KPointStamped[m[Kâ€™ is not a member of â€˜[01m[Kgeometry_msgs[m[Kâ€™; did you mean â€˜[01m[Kgeometry_msgs::msg::PointStamped[m[Kâ€™?
[1.455s]    18 |             point_pub = this->create_publisher<geometry_msgs::[01;31m[KPointStamped[m[K>("transformed_point", 10);
[1.455s]       |                                                               [01;31m[K^~~~~~~~~~~~[m[K
[1.455s] In file included from [01m[K/home/aralab/ros2_foxy/install/geometry_msgs/include/geometry_msgs/msg/point_stamped.hpp:7[m[K,
[1.455s]                  from [01m[K/home/aralab/ASBIR-ROS2/src/asbir_navigation/src/transform_point.cpp:3[m[K:
[1.455s] [01m[K/home/aralab/ros2_foxy/install/geometry_msgs/include/geometry_msgs/msg/detail/point_stamped__struct.hpp:134:7:[m[K [01;36m[Knote: [m[Kâ€˜[01m[Kgeometry_msgs::msg::PointStamped[m[Kâ€™ declared here
[1.456s]   134 | using [01;36m[KPointStamped[m[K =
[1.456s]       |       [01;36m[K^~~~~~~~~~~~[m[K
[1.456s] [01m[K/home/aralab/ASBIR-ROS2/src/asbir_navigation/src/transform_point.cpp:18:100:[m[K [01;31m[Kerror: [m[Kno matching function for call to â€˜[01m[KTransformPoint::create_publisher<<expression error> >(const char [18], int)[m[Kâ€™
[1.456s]    18 |             point_pub = this->create_publisher<geometry_msgs::PointStamped>("transformed_point", 10[01;31m[K)[m[K;
[1.456s]       |                                                                                                    [01;31m[K^[m[K
[1.456s] In file included from [01m[K/home/aralab/ros2_foxy/install/rclcpp/include/rclcpp/executors/single_threaded_executor.hpp:28[m[K,
[1.456s]                  from [01m[K/home/aralab/ros2_foxy/install/rclcpp/include/rclcpp/executors.hpp:22[m[K,
[1.456s]                  from [01m[K/home/aralab/ros2_foxy/install/rclcpp/include/rclcpp/rclcpp.hpp:146[m[K,
[1.456s]                  from [01m[K/home/aralab/ASBIR-ROS2/src/asbir_navigation/src/transform_point.cpp:1[m[K:
[1.456s] [01m[K/home/aralab/ros2_foxy/install/rclcpp/include/rclcpp/node.hpp:184:3:[m[K [01;36m[Knote: [m[Kcandidate: â€˜[01m[Ktemplate<class MessageT, class AllocatorT, class PublisherT> std::shared_ptr<PublisherT> rclcpp::Node::create_publisher(const string&, const rclcpp::QoS&, const rclcpp::PublisherOptionsWithAllocator<AllocatorT>&)[m[Kâ€™
[1.456s]   184 |   [01;36m[Kcreate_publisher[m[K(
[1.457s]       |   [01;36m[K^~~~~~~~~~~~~~~~[m[K
[1.457s] [01m[K/home/aralab/ros2_foxy/install/rclcpp/include/rclcpp/node.hpp:184:3:[m[K [01;36m[Knote: [m[K  template argument deduction/substitution failed:
[1.457s] [01m[K/home/aralab/ASBIR-ROS2/src/asbir_navigation/src/transform_point.cpp:18:100:[m[K [01;31m[Kerror: [m[Ktemplate argument 1 is invalid
[1.457s]    18 |             point_pub = this->create_publisher<geometry_msgs::PointStamped>("transformed_point", 10[01;31m[K)[m[K;
[1.457s]       |                                                                                                    [01;31m[K^[m[K
[1.457s] [01m[K/home/aralab/ASBIR-ROS2/src/asbir_navigation/src/transform_point.cpp:19:13:[m[K [01;31m[Kerror: [m[Kâ€˜[01m[Ktf_buffer_[m[Kâ€™ was not declared in this scope
[1.457s]    19 |             [01;31m[Ktf_buffer_[m[K = std::make_unique<tf2_ros::Buffer>(this->get_clock());
[1.457s]       |             [01;31m[K^~~~~~~~~~[m[K
[1.463s] [01m[K/home/aralab/ASBIR-ROS2/src/asbir_navigation/src/transform_point.cpp:20:13:[m[K [01;31m[Kerror: [m[Kâ€˜[01m[Ktf_listener_[m[Kâ€™ was not declared in this scope
[1.464s]    20 |             [01;31m[Ktf_listener_[m[K = std::make_shared<tf2_ros::TransformListener>(*tf_buffer_);
[1.464s]       |             [01;31m[K^~~~~~~~~~~~[m[K
[1.467s] [01m[K/home/aralab/ASBIR-ROS2/src/asbir_navigation/src/transform_point.cpp:[m[K In member function â€˜[01m[Kvoid TransformPoint::topic_callback(std_msgs::msg::String_<std::allocator<void> >::SharedPtr) const[m[Kâ€™:
[1.468s] [01m[K/home/aralab/ASBIR-ROS2/src/asbir_navigation/src/transform_point.cpp:27:75:[m[K [01;31m[Kerror: [m[Kâ€˜[01m[Ktransform[m[Kâ€™ is not a member of â€˜[01m[Ktf2_ros[m[Kâ€™; did you mean â€˜[01m[Kstd::transform[m[Kâ€™?
[1.468s]    27 |             geometry_msgs::msg::PointStamped transformed_point = tf2_ros::[01;31m[Ktransform[m[K(msg, base_frame);
[1.468s]       |                                                                           [01;31m[K^~~~~~~~~[m[K
[1.468s] In file included from [01m[K/usr/include/c++/9/algorithm:62[m[K,
[1.468s]                  from [01m[K/home/aralab/ros2_foxy/install/rclcpp/include/rclcpp/executor.hpp:18[m[K,
[1.468s]                  from [01m[K/home/aralab/ros2_foxy/install/rclcpp/include/rclcpp/executors/multi_threaded_executor.hpp:26[m[K,
[1.468s]                  from [01m[K/home/aralab/ros2_foxy/install/rclcpp/include/rclcpp/executors.hpp:21[m[K,
[1.468s]                  from [01m[K/home/aralab/ros2_foxy/install/rclcpp/include/rclcpp/rclcpp.hpp:146[m[K,
[1.468s]                  from [01m[K/home/aralab/ASBIR-ROS2/src/asbir_navigation/src/transform_point.cpp:1[m[K:
[1.468s] [01m[K/usr/include/c++/9/bits/stl_algo.h:4369:5:[m[K [01;36m[Knote: [m[Kâ€˜[01m[Kstd::transform[m[Kâ€™ declared here
[1.468s]  4369 |     [01;36m[Ktransform[m[K(_InputIterator1 __first1, _InputIterator1 __last1,
[1.468s]       |     [01;36m[K^~~~~~~~~[m[K
[1.469s] [01m[K/home/aralab/ASBIR-ROS2/src/asbir_navigation/src/transform_point.cpp:[m[K In function â€˜[01m[Kint main(int, char**)[m[Kâ€™:
[1.470s] [01m[K/home/aralab/ASBIR-ROS2/src/asbir_navigation/src/transform_point.cpp:39:33:[m[K [01;31m[Kerror: [m[Kâ€˜[01m[KModelTest[m[Kâ€™ was not declared in this scope
[1.470s]    39 |   rclcpp::spin(std::make_shared<[01;31m[KModelTest[m[K>());
[1.470s]       |                                 [01;31m[K^~~~~~~~~[m[K
[1.470s] [01m[K/home/aralab/ASBIR-ROS2/src/asbir_navigation/src/transform_point.cpp:39:44:[m[K [01;31m[Kerror: [m[Kno matching function for call to â€˜[01m[Kmake_shared<<expression error> >()[m[Kâ€™
[1.470s]    39 |   rclcpp::spin(std::make_shared<ModelTest>([01;31m[K)[m[K);
[1.470s]       |                                            [01;31m[K^[m[K
[1.470s] In file included from [01m[K/usr/include/c++/9/memory:81[m[K,
[1.470s]                  from [01m[K/home/aralab/ros2_foxy/install/rclcpp/include/rclcpp/rclcpp.hpp:144[m[K,
[1.470s]                  from [01m[K/home/aralab/ASBIR-ROS2/src/asbir_navigation/src/transform_point.cpp:1[m[K:
[1.470s] [01m[K/usr/include/c++/9/bits/shared_ptr.h:714:5:[m[K [01;36m[Knote: [m[Kcandidate: â€˜[01m[Ktemplate<class _Tp, class ... _Args> std::shared_ptr<_Tp> std::make_shared(_Args&& ...)[m[Kâ€™
[1.470s]   714 |     [01;36m[Kmake_shared[m[K(_Args&&... __args)
[1.470s]       |     [01;36m[K^~~~~~~~~~~[m[K
[1.470s] [01m[K/usr/include/c++/9/bits/shared_ptr.h:714:5:[m[K [01;36m[Knote: [m[K  template argument deduction/substitution failed:
[1.471s] [01m[K/home/aralab/ASBIR-ROS2/src/asbir_navigation/src/transform_point.cpp:39:44:[m[K [01;31m[Kerror: [m[Ktemplate argument 1 is invalid
[1.471s]    39 |   rclcpp::spin(std::make_shared<ModelTest>([01;31m[K)[m[K);
[1.471s]       |                                            [01;31m[K^[m[K
[1.785s] make[2]: *** [CMakeFiles/transform_point.dir/build.make:63: CMakeFiles/transform_point.dir/src/transform_point.cpp.o] Error 1
[1.786s] make[1]: *** [CMakeFiles/Makefile2:80: CMakeFiles/transform_point.dir/all] Error 2
[1.786s] make: *** [Makefile:141: all] Error 2
[2.156s] Invoked command in '/home/aralab/ASBIR-ROS2/build/asbir_navigation' returned '2': CMAKE_PREFIX_PATH=${CMAKE_PREFIX_PATH}:/home/aralab/ASBIR-ROS2/install/rclpy_message_converter:/home/aralab/ros2_foxy/install/ros2bag:/home/aralab/ros2_foxy/install/tracetools_launch:/home/aralab/ros2_foxy/install/topic_monitor:/home/aralab/ros2_foxy/install/examples_tf2_py:/home/aralab/ros2_foxy/install/sros2:/home/aralab/ros2_foxy/install/rqt_topic:/home/aralab/ros2_foxy/install/rqt_top:/home/aralab/ros2_foxy/install/rqt_srv:/home/aralab/ros2_foxy/install/rqt_shell:/home/aralab/ros2_foxy/install/rqt_service_caller:/home/aralab/ros2_foxy/install/rqt_reconfigure:/home/aralab/ros2_foxy/install/rqt_py_console:/home/aralab/ros2_foxy/install/rqt_publisher:/home/aralab/ros2_foxy/install/rqt_plot:/home/aralab/ros2_foxy/install/rqt_action:/home/aralab/ros2_foxy/install/rqt_msg:/home/aralab/ros2_foxy/install/rqt_console:/home/aralab/ros2_foxy/install/rqt:/home/aralab/ros2_foxy/install/rqt_graph:/home/aralab/ros2_foxy/install/rqt_gui_py:/home/aralab/ros2_foxy/install/rqt_gui:/home/aralab/ros2_foxy/install/ros2trace:/home/aralab/ros2_foxy/install/ros2topic:/home/aralab/ros2_foxy/install/ros2test:/home/aralab/ros2_foxy/install/ros2component:/home/aralab/ros2_foxy/install/ros2param:/home/aralab/ros2_foxy/install/ros2lifecycle:/home/aralab/ros2_foxy/install/ros2service:/home/aralab/ros2_foxy/install/ros2run:/home/aralab/ros2_foxy/install/ros2launch:/home/aralab/ros2_foxy/install/ros2pkg:/home/aralab/ros2_foxy/install/ros2node:/home/aralab/ros2_foxy/install/ros2multicast:/home/aralab/ros2_foxy/install/ros2interface:/home/aralab/ros2_foxy/install/ros2doctor:/home/aralab/ros2_foxy/install/ros2action:/home/aralab/ros2_foxy/install/ros2cli:/home/aralab/ros2_foxy/install/quality_of_service_demo_py:/home/aralab/ros2_foxy/install/launch_testing_ros:/home/aralab/ros2_foxy/install/launch_ros:/home/aralab/ros2_foxy/install/examples_rclpy_minimal_subscriber:/home/aralab/ros2_foxy/install/examples_rclpy_minimal_service:/home/aralab/ros2_foxy/install/examples_rclpy_minimal_publisher:/home/aralab/ros2_foxy/install/examples_rclpy_minimal_client:/home/aralab/ros2_foxy/install/examples_rclpy_minimal_action_server:/home/aralab/ros2_foxy/install/examples_rclpy_minimal_action_client:/home/aralab/ros2_foxy/install/examples_rclpy_executors:/home/aralab/ros2_foxy/install/demo_nodes_py:/home/aralab/ros2_foxy/install/action_tutorials_py:/home/aralab/ros2_foxy/install/ament_uncrustify:/home/aralab/ros2_foxy/install/tracetools_trace:/home/aralab/ros2_foxy/install/tracetools_read:/home/aralab/ros2_foxy/install/test_launch_ros:/home/aralab/ros2_foxy/install/sensor_msgs_py:/home/aralab/ros2_foxy/install/rpyutils:/home/aralab/ros2_foxy/install/rosidl_runtime_py:/home/aralab/ros2_foxy/install/launch_yaml:/home/aralab/ros2_foxy/install/launch_xml:/home/aralab/ros2_foxy/install/launch_testing:/home/aralab/ros2_foxy/install/launch:/home/aralab/ros2_foxy/install/osrf_pycommon:/home/aralab/ros2_foxy/install/domain_coordinator:/home/aralab/ros2_foxy/install/ament_xmllint:/home/aralab/ros2_foxy/install/ament_pyflakes:/home/aralab/ros2_foxy/install/ament_pycodestyle:/home/aralab/ros2_foxy/install/ament_pep257:/home/aralab/ros2_foxy/install/ament_pclint:/home/aralab/ros2_foxy/install/ament_package:/home/aralab/ros2_foxy/install/ament_mypy:/home/aralab/ros2_foxy/install/ament_lint_cmake:/home/aralab/ros2_foxy/install/ament_flake8:/home/aralab/ros2_foxy/install/ament_copyright:/home/aralab/ros2_foxy/install/ament_lint:/home/aralab/ros2_foxy/install/ament_index_python:/home/aralab/ros2_foxy/install/ament_cpplint:/home/aralab/ros2_foxy/install/ament_cppcheck:/home/aralab/ros2_foxy/install/ament_clang_tidy:/home/aralab/ros2_foxy/install/ament_clang_format /usr/bin/cmake --build /home/aralab/ASBIR-ROS2/build/asbir_navigation -- -j12 -l12
