[35m[1mScanning dependencies of target transform_point[0m
[ 50%] Built target listener
[ 75%] [32mBuilding CXX object CMakeFiles/transform_point.dir/src/transform_point.cpp.o[0m
[01m[K/home/aralab/ASBIR-ROS2/src/asbir_navigation/src/transform_point.cpp:33:45:[m[K [01;31m[Kerror: [m[Kâ€˜[01m[KPointStamped[m[Kâ€™ is not a member of â€˜[01m[Kstd_msgs::msg[m[Kâ€™; did you mean â€˜[01m[Kgeometry_msgs::msg::PointStamped[m[Kâ€™?
   33 |         rclcpp::Subscription<std_msgs::msg::[01;31m[KPointStamped[m[K>::SharedPtr point_sub;
      |                                             [01;31m[K^~~~~~~~~~~~[m[K
In file included from [01m[K/home/aralab/ros2_foxy/install/geometry_msgs/include/geometry_msgs/msg/point_stamped.hpp:7[m[K,
                 from [01m[K/home/aralab/ASBIR-ROS2/src/asbir_navigation/src/transform_point.cpp:12[m[K:
[01m[K/home/aralab/ros2_foxy/install/geometry_msgs/include/geometry_msgs/msg/detail/point_stamped__struct.hpp:134:7:[m[K [01;36m[Knote: [m[Kâ€˜[01m[Kgeometry_msgs::msg::PointStamped[m[Kâ€™ declared here
  134 | using [01;36m[KPointStamped[m[K =
      |       [01;36m[K^~~~~~~~~~~~[m[K
[01m[K/home/aralab/ASBIR-ROS2/src/asbir_navigation/src/transform_point.cpp:33:45:[m[K [01;31m[Kerror: [m[Kâ€˜[01m[KPointStamped[m[Kâ€™ is not a member of â€˜[01m[Kstd_msgs::msg[m[Kâ€™; did you mean â€˜[01m[Kgeometry_msgs::msg::PointStamped[m[Kâ€™?
   33 |         rclcpp::Subscription<std_msgs::msg::[01;31m[KPointStamped[m[K>::SharedPtr point_sub;
      |                                             [01;31m[K^~~~~~~~~~~~[m[K
In file included from [01m[K/home/aralab/ros2_foxy/install/geometry_msgs/include/geometry_msgs/msg/point_stamped.hpp:7[m[K,
                 from [01m[K/home/aralab/ASBIR-ROS2/src/asbir_navigation/src/transform_point.cpp:12[m[K:
[01m[K/home/aralab/ros2_foxy/install/geometry_msgs/include/geometry_msgs/msg/detail/point_stamped__struct.hpp:134:7:[m[K [01;36m[Knote: [m[Kâ€˜[01m[Kgeometry_msgs::msg::PointStamped[m[Kâ€™ declared here
  134 | using [01;36m[KPointStamped[m[K =
      |       [01;36m[K^~~~~~~~~~~~[m[K
[01m[K/home/aralab/ASBIR-ROS2/src/asbir_navigation/src/transform_point.cpp:33:57:[m[K [01;31m[Kerror: [m[Ktemplate argument 1 is invalid
   33 |         rclcpp::Subscription<std_msgs::msg::PointStamped[01;31m[K>[m[K::SharedPtr point_sub;
      |                                                         [01;31m[K^[m[K
[01m[K/home/aralab/ASBIR-ROS2/src/asbir_navigation/src/transform_point.cpp:33:57:[m[K [01;31m[Kerror: [m[Ktemplate argument 3 is invalid
[01m[K/home/aralab/ASBIR-ROS2/src/asbir_navigation/src/transform_point.cpp:33:60:[m[K [01;31m[Kerror: [m[Kexpected â€˜[01m[K;[m[Kâ€™ at end of member declaration
   33 |         rclcpp::Subscription<std_msgs::msg::PointStamped>::[01;31m[KSharedPtr[m[K point_sub;
      |                                                            [01;31m[K^~~~~~~~~[m[K
      |                                                                     [32m[K;[m[K
[01m[K/home/aralab/ASBIR-ROS2/src/asbir_navigation/src/transform_point.cpp:33:70:[m[K [01;31m[Kerror: [m[Kâ€˜[01m[Kpoint_sub[m[Kâ€™ does not name a type
   33 |         rclcpp::Subscription<std_msgs::msg::PointStamped>::SharedPtr [01;31m[Kpoint_sub[m[K;
      |                                                                      [01;31m[K^~~~~~~~~[m[K
[01m[K/home/aralab/ASBIR-ROS2/src/asbir_navigation/src/transform_point.cpp:34:42:[m[K [01;31m[Kerror: [m[Kâ€˜[01m[KPointStamped[m[Kâ€™ is not a member of â€˜[01m[Kstd_msgs::msg[m[Kâ€™; did you mean â€˜[01m[Kgeometry_msgs::msg::PointStamped[m[Kâ€™?
   34 |         rclcpp::Publisher<std_msgs::msg::[01;31m[KPointStamped[m[K>::SharedPtr point_pub;
      |                                          [01;31m[K^~~~~~~~~~~~[m[K
In file included from [01m[K/home/aralab/ros2_foxy/install/geometry_msgs/include/geometry_msgs/msg/point_stamped.hpp:7[m[K,
                 from [01m[K/home/aralab/ASBIR-ROS2/src/asbir_navigation/src/transform_point.cpp:12[m[K:
[01m[K/home/aralab/ros2_foxy/install/geometry_msgs/include/geometry_msgs/msg/detail/point_stamped__struct.hpp:134:7:[m[K [01;36m[Knote: [m[Kâ€˜[01m[Kgeometry_msgs::msg::PointStamped[m[Kâ€™ declared here
  134 | using [01;36m[KPointStamped[m[K =
      |       [01;36m[K^~~~~~~~~~~~[m[K
[01m[K/home/aralab/ASBIR-ROS2/src/asbir_navigation/src/transform_point.cpp:34:42:[m[K [01;31m[Kerror: [m[Kâ€˜[01m[KPointStamped[m[Kâ€™ is not a member of â€˜[01m[Kstd_msgs::msg[m[Kâ€™; did you mean â€˜[01m[Kgeometry_msgs::msg::PointStamped[m[Kâ€™?
   34 |         rclcpp::Publisher<std_msgs::msg::[01;31m[KPointStamped[m[K>::SharedPtr point_pub;
      |                                          [01;31m[K^~~~~~~~~~~~[m[K
In file included from [01m[K/home/aralab/ros2_foxy/install/geometry_msgs/include/geometry_msgs/msg/point_stamped.hpp:7[m[K,
                 from [01m[K/home/aralab/ASBIR-ROS2/src/asbir_navigation/src/transform_point.cpp:12[m[K:
[01m[K/home/aralab/ros2_foxy/install/geometry_msgs/include/geometry_msgs/msg/detail/point_stamped__struct.hpp:134:7:[m[K [01;36m[Knote: [m[Kâ€˜[01m[Kgeometry_msgs::msg::PointStamped[m[Kâ€™ declared here
  134 | using [01;36m[KPointStamped[m[K =
      |       [01;36m[K^~~~~~~~~~~~[m[K
[01m[K/home/aralab/ASBIR-ROS2/src/asbir_navigation/src/transform_point.cpp:34:54:[m[K [01;31m[Kerror: [m[Ktemplate argument 1 is invalid
   34 |         rclcpp::Publisher<std_msgs::msg::PointStamped[01;31m[K>[m[K::SharedPtr point_pub;
      |                                                      [01;31m[K^[m[K
[01m[K/home/aralab/ASBIR-ROS2/src/asbir_navigation/src/transform_point.cpp:34:57:[m[K [01;31m[Kerror: [m[Kexpected â€˜[01m[K;[m[Kâ€™ at end of member declaration
   34 |         rclcpp::Publisher<std_msgs::msg::PointStamped>::[01;31m[KSharedPtr[m[K point_pub;
      |                                                         [01;31m[K^~~~~~~~~[m[K
      |                                                                  [32m[K;[m[K
[01m[K/home/aralab/ASBIR-ROS2/src/asbir_navigation/src/transform_point.cpp:34:57:[m[K [01;31m[Kerror: [m[Kredeclaration of â€˜[01m[Kint TransformPoint::SharedPtr[m[Kâ€™
[01m[K/home/aralab/ASBIR-ROS2/src/asbir_navigation/src/transform_point.cpp:33:60:[m[K [01;36m[Knote: [m[Kprevious declaration â€˜[01m[Kint TransformPoint::SharedPtr[m[Kâ€™
   33 |         rclcpp::Subscription<std_msgs::msg::PointStamped>::[01;36m[KSharedPtr[m[K point_sub;
      |                                                            [01;36m[K^~~~~~~~~[m[K
[01m[K/home/aralab/ASBIR-ROS2/src/asbir_navigation/src/transform_point.cpp:34:67:[m[K [01;31m[Kerror: [m[Kâ€˜[01m[Kpoint_pub[m[Kâ€™ does not name a type
   34 |         rclcpp::Publisher<std_msgs::msg::PointStamped>::SharedPtr [01;31m[Kpoint_pub[m[K;
      |                                                                   [01;31m[K^~~~~~~~~[m[K
[01m[K/home/aralab/ASBIR-ROS2/src/asbir_navigation/src/transform_point.cpp:[m[K In constructor â€˜[01m[KTransformPoint::TransformPoint()[m[Kâ€™:
[01m[K/home/aralab/ASBIR-ROS2/src/asbir_navigation/src/transform_point.cpp:20:13:[m[K [01;31m[Kerror: [m[Kâ€˜[01m[Kpoint_sub[m[Kâ€™ was not declared in this scope
   20 |             [01;31m[Kpoint_sub[m[K = this->create_subscription<geometry_msgs::msg::PointStamped>("point_to_transform", 10, std::bind(&TransformPoint::topic_callback, this, _1));
      |             [01;31m[K^~~~~~~~~[m[K
[01m[K/home/aralab/ASBIR-ROS2/src/asbir_navigation/src/transform_point.cpp:21:13:[m[K [01;31m[Kerror: [m[Kâ€˜[01m[Kpoint_pub[m[Kâ€™ was not declared in this scope
   21 |             [01;31m[Kpoint_pub[m[K = this->create_publisher<geometry_msgs::msg::PointStamped>("transformed_point", 10);
      |             [01;31m[K^~~~~~~~~[m[K
[01m[K/home/aralab/ASBIR-ROS2/src/asbir_navigation/src/transform_point.cpp:22:13:[m[K [01;31m[Kerror: [m[Kâ€˜[01m[Ktf_buffer[m[Kâ€™ was not declared in this scope; did you mean â€˜[01m[Ktf_buffer_[m[Kâ€™?
   22 |             [01;31m[Ktf_buffer[m[K = std::make_unique<tf2_ros::Buffer>(this->get_clock());
      |             [01;31m[K^~~~~~~~~[m[K
      |             [32m[Ktf_buffer_[m[K
[01m[K/home/aralab/ASBIR-ROS2/src/asbir_navigation/src/transform_point.cpp:23:13:[m[K [01;31m[Kerror: [m[Kâ€˜[01m[Ktf_listener[m[Kâ€™ was not declared in this scope; did you mean â€˜[01m[Ktf_listener_[m[Kâ€™?
   23 |             [01;31m[Ktf_listener[m[K = std::make_shared<tf2_ros::TransformListener>(*tf_buffer_);
      |             [01;31m[K^~~~~~~~~~~[m[K
      |             [32m[Ktf_listener_[m[K
[01m[K/home/aralab/ASBIR-ROS2/src/asbir_navigation/src/transform_point.cpp:[m[K In member function â€˜[01m[Kvoid TransformPoint::topic_callback(std_msgs::msg::String_<std::allocator<void> >::SharedPtr) const[m[Kâ€™:
[01m[K/home/aralab/ASBIR-ROS2/src/asbir_navigation/src/transform_point.cpp:30:75:[m[K [01;31m[Kerror: [m[Kâ€˜[01m[Ktransform[m[Kâ€™ is not a member of â€˜[01m[Ktf2_ros[m[Kâ€™; did you mean â€˜[01m[Kstd::transform[m[Kâ€™?
   30 |             geometry_msgs::msg::PointStamped transformed_point = tf2_ros::[01;31m[Ktransform[m[K(msg, base_frame);
      |                                                                           [01;31m[K^~~~~~~~~[m[K
In file included from [01m[K/usr/include/c++/9/algorithm:62[m[K,
                 from [01m[K/home/aralab/ros2_foxy/install/rclcpp/include/rclcpp/executor.hpp:18[m[K,
                 from [01m[K/home/aralab/ros2_foxy/install/rclcpp/include/rclcpp/executors/multi_threaded_executor.hpp:26[m[K,
                 from [01m[K/home/aralab/ros2_foxy/install/rclcpp/include/rclcpp/executors.hpp:21[m[K,
                 from [01m[K/home/aralab/ros2_foxy/install/rclcpp/include/rclcpp/rclcpp.hpp:146[m[K,
                 from [01m[K/home/aralab/ASBIR-ROS2/src/asbir_navigation/src/transform_point.cpp:6[m[K:
[01m[K/usr/include/c++/9/bits/stl_algo.h:4369:5:[m[K [01;36m[Knote: [m[Kâ€˜[01m[Kstd::transform[m[Kâ€™ declared here
 4369 |     [01;36m[Ktransform[m[K(_InputIterator1 __first1, _InputIterator1 __last1,
      |     [01;36m[K^~~~~~~~~[m[K
make[2]: *** [CMakeFiles/transform_point.dir/build.make:63: CMakeFiles/transform_point.dir/src/transform_point.cpp.o] Error 1
make[1]: *** [CMakeFiles/Makefile2:80: CMakeFiles/transform_point.dir/all] Error 2
make: *** [Makefile:141: all] Error 2
