[0.041s] Invoking command in '/home/aralab/ASBIR-ROS2/build/asbir_navigation': CMAKE_PREFIX_PATH=${CMAKE_PREFIX_PATH}:/home/aralab/ASBIR-ROS2/install/rclpy_message_converter:/home/aralab/ros2_foxy/install/ros2bag:/home/aralab/ros2_foxy/install/tracetools_launch:/home/aralab/ros2_foxy/install/topic_monitor:/home/aralab/ros2_foxy/install/examples_tf2_py:/home/aralab/ros2_foxy/install/sros2:/home/aralab/ros2_foxy/install/rqt_topic:/home/aralab/ros2_foxy/install/rqt_top:/home/aralab/ros2_foxy/install/rqt_srv:/home/aralab/ros2_foxy/install/rqt_shell:/home/aralab/ros2_foxy/install/rqt_service_caller:/home/aralab/ros2_foxy/install/rqt_reconfigure:/home/aralab/ros2_foxy/install/rqt_py_console:/home/aralab/ros2_foxy/install/rqt_publisher:/home/aralab/ros2_foxy/install/rqt_plot:/home/aralab/ros2_foxy/install/rqt_action:/home/aralab/ros2_foxy/install/rqt_msg:/home/aralab/ros2_foxy/install/rqt_console:/home/aralab/ros2_foxy/install/rqt:/home/aralab/ros2_foxy/install/rqt_graph:/home/aralab/ros2_foxy/install/rqt_gui_py:/home/aralab/ros2_foxy/install/rqt_gui:/home/aralab/ros2_foxy/install/ros2trace:/home/aralab/ros2_foxy/install/ros2topic:/home/aralab/ros2_foxy/install/ros2test:/home/aralab/ros2_foxy/install/ros2component:/home/aralab/ros2_foxy/install/ros2param:/home/aralab/ros2_foxy/install/ros2lifecycle:/home/aralab/ros2_foxy/install/ros2service:/home/aralab/ros2_foxy/install/ros2run:/home/aralab/ros2_foxy/install/ros2launch:/home/aralab/ros2_foxy/install/ros2pkg:/home/aralab/ros2_foxy/install/ros2node:/home/aralab/ros2_foxy/install/ros2multicast:/home/aralab/ros2_foxy/install/ros2interface:/home/aralab/ros2_foxy/install/ros2doctor:/home/aralab/ros2_foxy/install/ros2action:/home/aralab/ros2_foxy/install/ros2cli:/home/aralab/ros2_foxy/install/quality_of_service_demo_py:/home/aralab/ros2_foxy/install/launch_testing_ros:/home/aralab/ros2_foxy/install/launch_ros:/home/aralab/ros2_foxy/install/examples_rclpy_minimal_subscriber:/home/aralab/ros2_foxy/install/examples_rclpy_minimal_service:/home/aralab/ros2_foxy/install/examples_rclpy_minimal_publisher:/home/aralab/ros2_foxy/install/examples_rclpy_minimal_client:/home/aralab/ros2_foxy/install/examples_rclpy_minimal_action_server:/home/aralab/ros2_foxy/install/examples_rclpy_minimal_action_client:/home/aralab/ros2_foxy/install/examples_rclpy_executors:/home/aralab/ros2_foxy/install/demo_nodes_py:/home/aralab/ros2_foxy/install/action_tutorials_py:/home/aralab/ros2_foxy/install/ament_uncrustify:/home/aralab/ros2_foxy/install/tracetools_trace:/home/aralab/ros2_foxy/install/tracetools_read:/home/aralab/ros2_foxy/install/test_launch_ros:/home/aralab/ros2_foxy/install/sensor_msgs_py:/home/aralab/ros2_foxy/install/rpyutils:/home/aralab/ros2_foxy/install/rosidl_runtime_py:/home/aralab/ros2_foxy/install/launch_yaml:/home/aralab/ros2_foxy/install/launch_xml:/home/aralab/ros2_foxy/install/launch_testing:/home/aralab/ros2_foxy/install/launch:/home/aralab/ros2_foxy/install/osrf_pycommon:/home/aralab/ros2_foxy/install/domain_coordinator:/home/aralab/ros2_foxy/install/ament_xmllint:/home/aralab/ros2_foxy/install/ament_pyflakes:/home/aralab/ros2_foxy/install/ament_pycodestyle:/home/aralab/ros2_foxy/install/ament_pep257:/home/aralab/ros2_foxy/install/ament_pclint:/home/aralab/ros2_foxy/install/ament_package:/home/aralab/ros2_foxy/install/ament_mypy:/home/aralab/ros2_foxy/install/ament_lint_cmake:/home/aralab/ros2_foxy/install/ament_flake8:/home/aralab/ros2_foxy/install/ament_copyright:/home/aralab/ros2_foxy/install/ament_lint:/home/aralab/ros2_foxy/install/ament_index_python:/home/aralab/ros2_foxy/install/ament_cpplint:/home/aralab/ros2_foxy/install/ament_cppcheck:/home/aralab/ros2_foxy/install/ament_clang_tidy:/home/aralab/ros2_foxy/install/ament_clang_format /usr/bin/cmake --build /home/aralab/ASBIR-ROS2/build/asbir_navigation -- -j12 -l12
[0.131s] [35m[1mScanning dependencies of target transform_point[0m
[0.165s] [ 50%] Built target listener
[0.188s] [ 75%] [32mBuilding CXX object CMakeFiles/transform_point.dir/src/transform_point.cpp.o[0m
[1.443s] [01m[K/home/aralab/ASBIR-ROS2/src/asbir_navigation/src/transform_point.cpp:33:45:[m[K [01;31m[Kerror: [m[Kâ€˜[01m[KPointStamped[m[Kâ€™ is not a member of â€˜[01m[Kstd_msgs::msg[m[Kâ€™; did you mean â€˜[01m[Kgeometry_msgs::msg::PointStamped[m[Kâ€™?
[1.443s]    33 |         rclcpp::Subscription<std_msgs::msg::[01;31m[KPointStamped[m[K>::SharedPtr point_sub;
[1.443s]       |                                             [01;31m[K^~~~~~~~~~~~[m[K
[1.443s] In file included from [01m[K/home/aralab/ros2_foxy/install/geometry_msgs/include/geometry_msgs/msg/point_stamped.hpp:7[m[K,
[1.443s]                  from [01m[K/home/aralab/ASBIR-ROS2/src/asbir_navigation/src/transform_point.cpp:12[m[K:
[1.443s] [01m[K/home/aralab/ros2_foxy/install/geometry_msgs/include/geometry_msgs/msg/detail/point_stamped__struct.hpp:134:7:[m[K [01;36m[Knote: [m[Kâ€˜[01m[Kgeometry_msgs::msg::PointStamped[m[Kâ€™ declared here
[1.443s]   134 | using [01;36m[KPointStamped[m[K =
[1.443s]       |       [01;36m[K^~~~~~~~~~~~[m[K
[1.443s] [01m[K/home/aralab/ASBIR-ROS2/src/asbir_navigation/src/transform_point.cpp:33:45:[m[K [01;31m[Kerror: [m[Kâ€˜[01m[KPointStamped[m[Kâ€™ is not a member of â€˜[01m[Kstd_msgs::msg[m[Kâ€™; did you mean â€˜[01m[Kgeometry_msgs::msg::PointStamped[m[Kâ€™?
[1.443s]    33 |         rclcpp::Subscription<std_msgs::msg::[01;31m[KPointStamped[m[K>::SharedPtr point_sub;
[1.444s]       |                                             [01;31m[K^~~~~~~~~~~~[m[K
[1.444s] In file included from [01m[K/home/aralab/ros2_foxy/install/geometry_msgs/include/geometry_msgs/msg/point_stamped.hpp:7[m[K,
[1.444s]                  from [01m[K/home/aralab/ASBIR-ROS2/src/asbir_navigation/src/transform_point.cpp:12[m[K:
[1.444s] [01m[K/home/aralab/ros2_foxy/install/geometry_msgs/include/geometry_msgs/msg/detail/point_stamped__struct.hpp:134:7:[m[K [01;36m[Knote: [m[Kâ€˜[01m[Kgeometry_msgs::msg::PointStamped[m[Kâ€™ declared here
[1.444s]   134 | using [01;36m[KPointStamped[m[K =
[1.444s]       |       [01;36m[K^~~~~~~~~~~~[m[K
[1.444s] [01m[K/home/aralab/ASBIR-ROS2/src/asbir_navigation/src/transform_point.cpp:33:57:[m[K [01;31m[Kerror: [m[Ktemplate argument 1 is invalid
[1.444s]    33 |         rclcpp::Subscription<std_msgs::msg::PointStamped[01;31m[K>[m[K::SharedPtr point_sub;
[1.444s]       |                                                         [01;31m[K^[m[K
[1.444s] [01m[K/home/aralab/ASBIR-ROS2/src/asbir_navigation/src/transform_point.cpp:33:57:[m[K [01;31m[Kerror: [m[Ktemplate argument 3 is invalid
[1.444s] [01m[K/home/aralab/ASBIR-ROS2/src/asbir_navigation/src/transform_point.cpp:33:60:[m[K [01;31m[Kerror: [m[Kexpected â€˜[01m[K;[m[Kâ€™ at end of member declaration
[1.444s]    33 |         rclcpp::Subscription<std_msgs::msg::PointStamped>::[01;31m[KSharedPtr[m[K point_sub;
[1.444s]       |                                                            [01;31m[K^~~~~~~~~[m[K
[1.444s]       |                                                                     [32m[K;[m[K
[1.445s] [01m[K/home/aralab/ASBIR-ROS2/src/asbir_navigation/src/transform_point.cpp:33:70:[m[K [01;31m[Kerror: [m[Kâ€˜[01m[Kpoint_sub[m[Kâ€™ does not name a type
[1.445s]    33 |         rclcpp::Subscription<std_msgs::msg::PointStamped>::SharedPtr [01;31m[Kpoint_sub[m[K;
[1.445s]       |                                                                      [01;31m[K^~~~~~~~~[m[K
[1.445s] [01m[K/home/aralab/ASBIR-ROS2/src/asbir_navigation/src/transform_point.cpp:34:42:[m[K [01;31m[Kerror: [m[Kâ€˜[01m[KPointStamped[m[Kâ€™ is not a member of â€˜[01m[Kstd_msgs::msg[m[Kâ€™; did you mean â€˜[01m[Kgeometry_msgs::msg::PointStamped[m[Kâ€™?
[1.446s]    34 |         rclcpp::Publisher<std_msgs::msg::[01;31m[KPointStamped[m[K>::SharedPtr point_pub;
[1.446s]       |                                          [01;31m[K^~~~~~~~~~~~[m[K
[1.446s] In file included from [01m[K/home/aralab/ros2_foxy/install/geometry_msgs/include/geometry_msgs/msg/point_stamped.hpp:7[m[K,
[1.446s]                  from [01m[K/home/aralab/ASBIR-ROS2/src/asbir_navigation/src/transform_point.cpp:12[m[K:
[1.446s] [01m[K/home/aralab/ros2_foxy/install/geometry_msgs/include/geometry_msgs/msg/detail/point_stamped__struct.hpp:134:7:[m[K [01;36m[Knote: [m[Kâ€˜[01m[Kgeometry_msgs::msg::PointStamped[m[Kâ€™ declared here
[1.446s]   134 | using [01;36m[KPointStamped[m[K =
[1.446s]       |       [01;36m[K^~~~~~~~~~~~[m[K
[1.446s] [01m[K/home/aralab/ASBIR-ROS2/src/asbir_navigation/src/transform_point.cpp:34:42:[m[K [01;31m[Kerror: [m[Kâ€˜[01m[KPointStamped[m[Kâ€™ is not a member of â€˜[01m[Kstd_msgs::msg[m[Kâ€™; did you mean â€˜[01m[Kgeometry_msgs::msg::PointStamped[m[Kâ€™?
[1.447s]    34 |         rclcpp::Publisher<std_msgs::msg::[01;31m[KPointStamped[m[K>::SharedPtr point_pub;
[1.447s]       |                                          [01;31m[K^~~~~~~~~~~~[m[K
[1.447s] In file included from [01m[K/home/aralab/ros2_foxy/install/geometry_msgs/include/geometry_msgs/msg/point_stamped.hpp:7[m[K,
[1.447s]                  from [01m[K/home/aralab/ASBIR-ROS2/src/asbir_navigation/src/transform_point.cpp:12[m[K:
[1.447s] [01m[K/home/aralab/ros2_foxy/install/geometry_msgs/include/geometry_msgs/msg/detail/point_stamped__struct.hpp:134:7:[m[K [01;36m[Knote: [m[Kâ€˜[01m[Kgeometry_msgs::msg::PointStamped[m[Kâ€™ declared here
[1.447s]   134 | using [01;36m[KPointStamped[m[K =
[1.447s]       |       [01;36m[K^~~~~~~~~~~~[m[K
[1.447s] [01m[K/home/aralab/ASBIR-ROS2/src/asbir_navigation/src/transform_point.cpp:34:54:[m[K [01;31m[Kerror: [m[Ktemplate argument 1 is invalid
[1.447s]    34 |         rclcpp::Publisher<std_msgs::msg::PointStamped[01;31m[K>[m[K::SharedPtr point_pub;
[1.447s]       |                                                      [01;31m[K^[m[K
[1.447s] [01m[K/home/aralab/ASBIR-ROS2/src/asbir_navigation/src/transform_point.cpp:34:57:[m[K [01;31m[Kerror: [m[Kexpected â€˜[01m[K;[m[Kâ€™ at end of member declaration
[1.448s]    34 |         rclcpp::Publisher<std_msgs::msg::PointStamped>::[01;31m[KSharedPtr[m[K point_pub;
[1.448s]       |                                                         [01;31m[K^~~~~~~~~[m[K
[1.448s]       |                                                                  [32m[K;[m[K
[1.448s] [01m[K/home/aralab/ASBIR-ROS2/src/asbir_navigation/src/transform_point.cpp:34:57:[m[K [01;31m[Kerror: [m[Kredeclaration of â€˜[01m[Kint TransformPoint::SharedPtr[m[Kâ€™
[1.448s] [01m[K/home/aralab/ASBIR-ROS2/src/asbir_navigation/src/transform_point.cpp:33:60:[m[K [01;36m[Knote: [m[Kprevious declaration â€˜[01m[Kint TransformPoint::SharedPtr[m[Kâ€™
[1.448s]    33 |         rclcpp::Subscription<std_msgs::msg::PointStamped>::[01;36m[KSharedPtr[m[K point_sub;
[1.448s]       |                                                            [01;36m[K^~~~~~~~~[m[K
[1.448s] [01m[K/home/aralab/ASBIR-ROS2/src/asbir_navigation/src/transform_point.cpp:34:67:[m[K [01;31m[Kerror: [m[Kâ€˜[01m[Kpoint_pub[m[Kâ€™ does not name a type
[1.448s]    34 |         rclcpp::Publisher<std_msgs::msg::PointStamped>::SharedPtr [01;31m[Kpoint_pub[m[K;
[1.448s]       |                                                                   [01;31m[K^~~~~~~~~[m[K
[1.460s] [01m[K/home/aralab/ASBIR-ROS2/src/asbir_navigation/src/transform_point.cpp:[m[K In constructor â€˜[01m[KTransformPoint::TransformPoint()[m[Kâ€™:
[1.460s] [01m[K/home/aralab/ASBIR-ROS2/src/asbir_navigation/src/transform_point.cpp:20:13:[m[K [01;31m[Kerror: [m[Kâ€˜[01m[Kpoint_sub[m[Kâ€™ was not declared in this scope
[1.461s]    20 |             [01;31m[Kpoint_sub[m[K = this->create_subscription<geometry_msgs::msg::PointStamped>("point_to_transform", 10, std::bind(&TransformPoint::topic_callback, this, _1));
[1.461s]       |             [01;31m[K^~~~~~~~~[m[K
[1.478s] [01m[K/home/aralab/ASBIR-ROS2/src/asbir_navigation/src/transform_point.cpp:21:13:[m[K [01;31m[Kerror: [m[Kâ€˜[01m[Kpoint_pub[m[Kâ€™ was not declared in this scope
[1.478s]    21 |             [01;31m[Kpoint_pub[m[K = this->create_publisher<geometry_msgs::msg::PointStamped>("transformed_point", 10);
[1.479s]       |             [01;31m[K^~~~~~~~~[m[K
[1.483s] [01m[K/home/aralab/ASBIR-ROS2/src/asbir_navigation/src/transform_point.cpp:22:13:[m[K [01;31m[Kerror: [m[Kâ€˜[01m[Ktf_buffer[m[Kâ€™ was not declared in this scope; did you mean â€˜[01m[Ktf_buffer_[m[Kâ€™?
[1.483s]    22 |             [01;31m[Ktf_buffer[m[K = std::make_unique<tf2_ros::Buffer>(this->get_clock());
[1.483s]       |             [01;31m[K^~~~~~~~~[m[K
[1.483s]       |             [32m[Ktf_buffer_[m[K
[1.484s] [01m[K/home/aralab/ASBIR-ROS2/src/asbir_navigation/src/transform_point.cpp:23:13:[m[K [01;31m[Kerror: [m[Kâ€˜[01m[Ktf_listener[m[Kâ€™ was not declared in this scope; did you mean â€˜[01m[Ktf_listener_[m[Kâ€™?
[1.484s]    23 |             [01;31m[Ktf_listener[m[K = std::make_shared<tf2_ros::TransformListener>(*tf_buffer_);
[1.484s]       |             [01;31m[K^~~~~~~~~~~[m[K
[1.484s]       |             [32m[Ktf_listener_[m[K
[1.487s] [01m[K/home/aralab/ASBIR-ROS2/src/asbir_navigation/src/transform_point.cpp:[m[K In member function â€˜[01m[Kvoid TransformPoint::topic_callback(std_msgs::msg::String_<std::allocator<void> >::SharedPtr) const[m[Kâ€™:
[1.488s] [01m[K/home/aralab/ASBIR-ROS2/src/asbir_navigation/src/transform_point.cpp:30:75:[m[K [01;31m[Kerror: [m[Kâ€˜[01m[Ktransform[m[Kâ€™ is not a member of â€˜[01m[Ktf2_ros[m[Kâ€™; did you mean â€˜[01m[Kstd::transform[m[Kâ€™?
[1.488s]    30 |             geometry_msgs::msg::PointStamped transformed_point = tf2_ros::[01;31m[Ktransform[m[K(msg, base_frame);
[1.488s]       |                                                                           [01;31m[K^~~~~~~~~[m[K
[1.488s] In file included from [01m[K/usr/include/c++/9/algorithm:62[m[K,
[1.488s]                  from [01m[K/home/aralab/ros2_foxy/install/rclcpp/include/rclcpp/executor.hpp:18[m[K,
[1.488s]                  from [01m[K/home/aralab/ros2_foxy/install/rclcpp/include/rclcpp/executors/multi_threaded_executor.hpp:26[m[K,
[1.488s]                  from [01m[K/home/aralab/ros2_foxy/install/rclcpp/include/rclcpp/executors.hpp:21[m[K,
[1.488s]                  from [01m[K/home/aralab/ros2_foxy/install/rclcpp/include/rclcpp/rclcpp.hpp:146[m[K,
[1.489s]                  from [01m[K/home/aralab/ASBIR-ROS2/src/asbir_navigation/src/transform_point.cpp:6[m[K:
[1.489s] [01m[K/usr/include/c++/9/bits/stl_algo.h:4369:5:[m[K [01;36m[Knote: [m[Kâ€˜[01m[Kstd::transform[m[Kâ€™ declared here
[1.489s]  4369 |     [01;36m[Ktransform[m[K(_InputIterator1 __first1, _InputIterator1 __last1,
[1.489s]       |     [01;36m[K^~~~~~~~~[m[K
[2.673s] make[2]: *** [CMakeFiles/transform_point.dir/build.make:63: CMakeFiles/transform_point.dir/src/transform_point.cpp.o] Error 1
[2.673s] make[1]: *** [CMakeFiles/Makefile2:80: CMakeFiles/transform_point.dir/all] Error 2
[2.673s] make: *** [Makefile:141: all] Error 2
[2.675s] Invoked command in '/home/aralab/ASBIR-ROS2/build/asbir_navigation' returned '2': CMAKE_PREFIX_PATH=${CMAKE_PREFIX_PATH}:/home/aralab/ASBIR-ROS2/install/rclpy_message_converter:/home/aralab/ros2_foxy/install/ros2bag:/home/aralab/ros2_foxy/install/tracetools_launch:/home/aralab/ros2_foxy/install/topic_monitor:/home/aralab/ros2_foxy/install/examples_tf2_py:/home/aralab/ros2_foxy/install/sros2:/home/aralab/ros2_foxy/install/rqt_topic:/home/aralab/ros2_foxy/install/rqt_top:/home/aralab/ros2_foxy/install/rqt_srv:/home/aralab/ros2_foxy/install/rqt_shell:/home/aralab/ros2_foxy/install/rqt_service_caller:/home/aralab/ros2_foxy/install/rqt_reconfigure:/home/aralab/ros2_foxy/install/rqt_py_console:/home/aralab/ros2_foxy/install/rqt_publisher:/home/aralab/ros2_foxy/install/rqt_plot:/home/aralab/ros2_foxy/install/rqt_action:/home/aralab/ros2_foxy/install/rqt_msg:/home/aralab/ros2_foxy/install/rqt_console:/home/aralab/ros2_foxy/install/rqt:/home/aralab/ros2_foxy/install/rqt_graph:/home/aralab/ros2_foxy/install/rqt_gui_py:/home/aralab/ros2_foxy/install/rqt_gui:/home/aralab/ros2_foxy/install/ros2trace:/home/aralab/ros2_foxy/install/ros2topic:/home/aralab/ros2_foxy/install/ros2test:/home/aralab/ros2_foxy/install/ros2component:/home/aralab/ros2_foxy/install/ros2param:/home/aralab/ros2_foxy/install/ros2lifecycle:/home/aralab/ros2_foxy/install/ros2service:/home/aralab/ros2_foxy/install/ros2run:/home/aralab/ros2_foxy/install/ros2launch:/home/aralab/ros2_foxy/install/ros2pkg:/home/aralab/ros2_foxy/install/ros2node:/home/aralab/ros2_foxy/install/ros2multicast:/home/aralab/ros2_foxy/install/ros2interface:/home/aralab/ros2_foxy/install/ros2doctor:/home/aralab/ros2_foxy/install/ros2action:/home/aralab/ros2_foxy/install/ros2cli:/home/aralab/ros2_foxy/install/quality_of_service_demo_py:/home/aralab/ros2_foxy/install/launch_testing_ros:/home/aralab/ros2_foxy/install/launch_ros:/home/aralab/ros2_foxy/install/examples_rclpy_minimal_subscriber:/home/aralab/ros2_foxy/install/examples_rclpy_minimal_service:/home/aralab/ros2_foxy/install/examples_rclpy_minimal_publisher:/home/aralab/ros2_foxy/install/examples_rclpy_minimal_client:/home/aralab/ros2_foxy/install/examples_rclpy_minimal_action_server:/home/aralab/ros2_foxy/install/examples_rclpy_minimal_action_client:/home/aralab/ros2_foxy/install/examples_rclpy_executors:/home/aralab/ros2_foxy/install/demo_nodes_py:/home/aralab/ros2_foxy/install/action_tutorials_py:/home/aralab/ros2_foxy/install/ament_uncrustify:/home/aralab/ros2_foxy/install/tracetools_trace:/home/aralab/ros2_foxy/install/tracetools_read:/home/aralab/ros2_foxy/install/test_launch_ros:/home/aralab/ros2_foxy/install/sensor_msgs_py:/home/aralab/ros2_foxy/install/rpyutils:/home/aralab/ros2_foxy/install/rosidl_runtime_py:/home/aralab/ros2_foxy/install/launch_yaml:/home/aralab/ros2_foxy/install/launch_xml:/home/aralab/ros2_foxy/install/launch_testing:/home/aralab/ros2_foxy/install/launch:/home/aralab/ros2_foxy/install/osrf_pycommon:/home/aralab/ros2_foxy/install/domain_coordinator:/home/aralab/ros2_foxy/install/ament_xmllint:/home/aralab/ros2_foxy/install/ament_pyflakes:/home/aralab/ros2_foxy/install/ament_pycodestyle:/home/aralab/ros2_foxy/install/ament_pep257:/home/aralab/ros2_foxy/install/ament_pclint:/home/aralab/ros2_foxy/install/ament_package:/home/aralab/ros2_foxy/install/ament_mypy:/home/aralab/ros2_foxy/install/ament_lint_cmake:/home/aralab/ros2_foxy/install/ament_flake8:/home/aralab/ros2_foxy/install/ament_copyright:/home/aralab/ros2_foxy/install/ament_lint:/home/aralab/ros2_foxy/install/ament_index_python:/home/aralab/ros2_foxy/install/ament_cpplint:/home/aralab/ros2_foxy/install/ament_cppcheck:/home/aralab/ros2_foxy/install/ament_clang_tidy:/home/aralab/ros2_foxy/install/ament_clang_format /usr/bin/cmake --build /home/aralab/ASBIR-ROS2/build/asbir_navigation -- -j12 -l12
