[0.040s] Invoking command in '/home/aralab/ASBIR-ROS2/build/asbir-navigation': CMAKE_PREFIX_PATH=${CMAKE_PREFIX_PATH}:/home/aralab/ASBIR-ROS2/install/rclpy_message_converter:/home/aralab/ros2_foxy/install/ros2bag:/home/aralab/ros2_foxy/install/tracetools_launch:/home/aralab/ros2_foxy/install/topic_monitor:/home/aralab/ros2_foxy/install/examples_tf2_py:/home/aralab/ros2_foxy/install/sros2:/home/aralab/ros2_foxy/install/rqt_topic:/home/aralab/ros2_foxy/install/rqt_top:/home/aralab/ros2_foxy/install/rqt_srv:/home/aralab/ros2_foxy/install/rqt_shell:/home/aralab/ros2_foxy/install/rqt_service_caller:/home/aralab/ros2_foxy/install/rqt_reconfigure:/home/aralab/ros2_foxy/install/rqt_py_console:/home/aralab/ros2_foxy/install/rqt_publisher:/home/aralab/ros2_foxy/install/rqt_plot:/home/aralab/ros2_foxy/install/rqt_action:/home/aralab/ros2_foxy/install/rqt_msg:/home/aralab/ros2_foxy/install/rqt_console:/home/aralab/ros2_foxy/install/rqt:/home/aralab/ros2_foxy/install/rqt_graph:/home/aralab/ros2_foxy/install/rqt_gui_py:/home/aralab/ros2_foxy/install/rqt_gui:/home/aralab/ros2_foxy/install/ros2trace:/home/aralab/ros2_foxy/install/ros2topic:/home/aralab/ros2_foxy/install/ros2test:/home/aralab/ros2_foxy/install/ros2component:/home/aralab/ros2_foxy/install/ros2param:/home/aralab/ros2_foxy/install/ros2lifecycle:/home/aralab/ros2_foxy/install/ros2service:/home/aralab/ros2_foxy/install/ros2run:/home/aralab/ros2_foxy/install/ros2launch:/home/aralab/ros2_foxy/install/ros2pkg:/home/aralab/ros2_foxy/install/ros2node:/home/aralab/ros2_foxy/install/ros2multicast:/home/aralab/ros2_foxy/install/ros2interface:/home/aralab/ros2_foxy/install/ros2doctor:/home/aralab/ros2_foxy/install/ros2action:/home/aralab/ros2_foxy/install/ros2cli:/home/aralab/ros2_foxy/install/quality_of_service_demo_py:/home/aralab/ros2_foxy/install/launch_testing_ros:/home/aralab/ros2_foxy/install/launch_ros:/home/aralab/ros2_foxy/install/examples_rclpy_minimal_subscriber:/home/aralab/ros2_foxy/install/examples_rclpy_minimal_service:/home/aralab/ros2_foxy/install/examples_rclpy_minimal_publisher:/home/aralab/ros2_foxy/install/examples_rclpy_minimal_client:/home/aralab/ros2_foxy/install/examples_rclpy_minimal_action_server:/home/aralab/ros2_foxy/install/examples_rclpy_minimal_action_client:/home/aralab/ros2_foxy/install/examples_rclpy_executors:/home/aralab/ros2_foxy/install/demo_nodes_py:/home/aralab/ros2_foxy/install/action_tutorials_py:/home/aralab/ros2_foxy/install/ament_uncrustify:/home/aralab/ros2_foxy/install/tracetools_trace:/home/aralab/ros2_foxy/install/tracetools_read:/home/aralab/ros2_foxy/install/test_launch_ros:/home/aralab/ros2_foxy/install/sensor_msgs_py:/home/aralab/ros2_foxy/install/rpyutils:/home/aralab/ros2_foxy/install/rosidl_runtime_py:/home/aralab/ros2_foxy/install/launch_yaml:/home/aralab/ros2_foxy/install/launch_xml:/home/aralab/ros2_foxy/install/launch_testing:/home/aralab/ros2_foxy/install/launch:/home/aralab/ros2_foxy/install/osrf_pycommon:/home/aralab/ros2_foxy/install/domain_coordinator:/home/aralab/ros2_foxy/install/ament_xmllint:/home/aralab/ros2_foxy/install/ament_pyflakes:/home/aralab/ros2_foxy/install/ament_pycodestyle:/home/aralab/ros2_foxy/install/ament_pep257:/home/aralab/ros2_foxy/install/ament_pclint:/home/aralab/ros2_foxy/install/ament_package:/home/aralab/ros2_foxy/install/ament_mypy:/home/aralab/ros2_foxy/install/ament_lint_cmake:/home/aralab/ros2_foxy/install/ament_flake8:/home/aralab/ros2_foxy/install/ament_copyright:/home/aralab/ros2_foxy/install/ament_lint:/home/aralab/ros2_foxy/install/ament_index_python:/home/aralab/ros2_foxy/install/ament_cpplint:/home/aralab/ros2_foxy/install/ament_cppcheck:/home/aralab/ros2_foxy/install/ament_clang_tidy:/home/aralab/ros2_foxy/install/ament_clang_format /usr/bin/cmake --build /home/aralab/ASBIR-ROS2/build/asbir-navigation -- -j12 -l12
[0.123s] [35m[1mScanning dependencies of target modelTest[0m
[0.154s] [ 50%] Built target listener
[0.189s] [ 75%] [32mBuilding CXX object CMakeFiles/modelTest.dir/src/modelTest.cpp.o[0m
[1.455s] [01m[K/home/aralab/ASBIR-ROS2/src/asbir-navigation/src/modelTest.cpp:44:42:[m[K [01;31m[Kerror: [m[Kâ€˜[01m[KString[m[Kâ€™ is not a member of â€˜[01m[Kstd_msgs::msg[m[Kâ€™
[1.455s]    44 |         rclcpp::Publisher<std_msgs::msg::[01;31m[KString[m[K>::SharedPtr graph_pub;
[1.455s]       |                                          [01;31m[K^~~~~~[m[K
[1.455s] [01m[K/home/aralab/ASBIR-ROS2/src/asbir-navigation/src/modelTest.cpp:44:42:[m[K [01;31m[Kerror: [m[Kâ€˜[01m[KString[m[Kâ€™ is not a member of â€˜[01m[Kstd_msgs::msg[m[Kâ€™
[1.455s] [01m[K/home/aralab/ASBIR-ROS2/src/asbir-navigation/src/modelTest.cpp:44:48:[m[K [01;31m[Kerror: [m[Ktemplate argument 1 is invalid
[1.455s]    44 |         rclcpp::Publisher<std_msgs::msg::String[01;31m[K>[m[K::SharedPtr graph_pub;
[1.455s]       |                                                [01;31m[K^[m[K
[1.455s] [01m[K/home/aralab/ASBIR-ROS2/src/asbir-navigation/src/modelTest.cpp:44:51:[m[K [01;31m[Kerror: [m[Kexpected â€˜[01m[K;[m[Kâ€™ at end of member declaration
[1.456s]    44 |         rclcpp::Publisher<std_msgs::msg::String>::[01;31m[KSharedPtr[m[K graph_pub;
[1.456s]       |                                                   [01;31m[K^~~~~~~~~[m[K
[1.456s]       |                                                            [32m[K;[m[K
[1.456s] [01m[K/home/aralab/ASBIR-ROS2/src/asbir-navigation/src/modelTest.cpp:44:61:[m[K [01;31m[Kerror: [m[Kâ€˜[01m[Kgraph_pub[m[Kâ€™ does not name a type
[1.456s]    44 |         rclcpp::Publisher<std_msgs::msg::String>::SharedPtr [01;31m[Kgraph_pub[m[K;
[1.457s]       |                                                             [01;31m[K^~~~~~~~~[m[K
[1.457s] [01m[K/home/aralab/ASBIR-ROS2/src/asbir-navigation/src/modelTest.cpp:45:42:[m[K [01;31m[Kerror: [m[Kâ€˜[01m[KString[m[Kâ€™ is not a member of â€˜[01m[Kstd_msgs::msg[m[Kâ€™
[1.457s]    45 |         rclcpp::Publisher<std_msgs::msg::[01;31m[KString[m[K>::SharedPtr marker_pub;
[1.457s]       |                                          [01;31m[K^~~~~~[m[K
[1.457s] [01m[K/home/aralab/ASBIR-ROS2/src/asbir-navigation/src/modelTest.cpp:45:42:[m[K [01;31m[Kerror: [m[Kâ€˜[01m[KString[m[Kâ€™ is not a member of â€˜[01m[Kstd_msgs::msg[m[Kâ€™
[1.457s] [01m[K/home/aralab/ASBIR-ROS2/src/asbir-navigation/src/modelTest.cpp:45:48:[m[K [01;31m[Kerror: [m[Ktemplate argument 1 is invalid
[1.457s]    45 |         rclcpp::Publisher<std_msgs::msg::String[01;31m[K>[m[K::SharedPtr marker_pub;
[1.457s]       |                                                [01;31m[K^[m[K
[1.457s] [01m[K/home/aralab/ASBIR-ROS2/src/asbir-navigation/src/modelTest.cpp:45:51:[m[K [01;31m[Kerror: [m[Kexpected â€˜[01m[K;[m[Kâ€™ at end of member declaration
[1.457s]    45 |         rclcpp::Publisher<std_msgs::msg::String>::[01;31m[KSharedPtr[m[K marker_pub;
[1.457s]       |                                                   [01;31m[K^~~~~~~~~[m[K
[1.458s]       |                                                            [32m[K;[m[K
[1.458s] [01m[K/home/aralab/ASBIR-ROS2/src/asbir-navigation/src/modelTest.cpp:45:51:[m[K [01;31m[Kerror: [m[Kredeclaration of â€˜[01m[Kint ModelTest::SharedPtr[m[Kâ€™
[1.458s] [01m[K/home/aralab/ASBIR-ROS2/src/asbir-navigation/src/modelTest.cpp:44:51:[m[K [01;36m[Knote: [m[Kprevious declaration â€˜[01m[Kint ModelTest::SharedPtr[m[Kâ€™
[1.458s]    44 |         rclcpp::Publisher<std_msgs::msg::String>::[01;36m[KSharedPtr[m[K graph_pub;
[1.458s]       |                                                   [01;36m[K^~~~~~~~~[m[K
[1.458s] [01m[K/home/aralab/ASBIR-ROS2/src/asbir-navigation/src/modelTest.cpp:45:61:[m[K [01;31m[Kerror: [m[Kâ€˜[01m[Kmarker_pub[m[Kâ€™ does not name a type
[1.458s]    45 |         rclcpp::Publisher<std_msgs::msg::String>::SharedPtr [01;31m[Kmarker_pub[m[K;
[1.459s]       |                                                             [01;31m[K^~~~~~~~~~[m[K
[1.459s] [01m[K/home/aralab/ASBIR-ROS2/src/asbir-navigation/src/modelTest.cpp:46:42:[m[K [01;31m[Kerror: [m[Kâ€˜[01m[KString[m[Kâ€™ is not a member of â€˜[01m[Kstd_msgs::msg[m[Kâ€™
[1.459s]    46 |         rclcpp::Publisher<std_msgs::msg::[01;31m[KString[m[K>::SharedPtr marker_a_pub;
[1.459s]       |                                          [01;31m[K^~~~~~[m[K
[1.459s] [01m[K/home/aralab/ASBIR-ROS2/src/asbir-navigation/src/modelTest.cpp:46:42:[m[K [01;31m[Kerror: [m[Kâ€˜[01m[KString[m[Kâ€™ is not a member of â€˜[01m[Kstd_msgs::msg[m[Kâ€™
[1.459s] [01m[K/home/aralab/ASBIR-ROS2/src/asbir-navigation/src/modelTest.cpp:46:48:[m[K [01;31m[Kerror: [m[Ktemplate argument 1 is invalid
[1.459s]    46 |         rclcpp::Publisher<std_msgs::msg::String[01;31m[K>[m[K::SharedPtr marker_a_pub;
[1.459s]       |                                                [01;31m[K^[m[K
[1.459s] [01m[K/home/aralab/ASBIR-ROS2/src/asbir-navigation/src/modelTest.cpp:46:51:[m[K [01;31m[Kerror: [m[Kexpected â€˜[01m[K;[m[Kâ€™ at end of member declaration
[1.459s]    46 |         rclcpp::Publisher<std_msgs::msg::String>::[01;31m[KSharedPtr[m[K marker_a_pub;
[1.460s]       |                                                   [01;31m[K^~~~~~~~~[m[K
[1.460s]       |                                                            [32m[K;[m[K
[1.460s] [01m[K/home/aralab/ASBIR-ROS2/src/asbir-navigation/src/modelTest.cpp:46:51:[m[K [01;31m[Kerror: [m[Kredeclaration of â€˜[01m[Kint ModelTest::SharedPtr[m[Kâ€™
[1.460s] [01m[K/home/aralab/ASBIR-ROS2/src/asbir-navigation/src/modelTest.cpp:44:51:[m[K [01;36m[Knote: [m[Kprevious declaration â€˜[01m[Kint ModelTest::SharedPtr[m[Kâ€™
[1.460s]    44 |         rclcpp::Publisher<std_msgs::msg::String>::[01;36m[KSharedPtr[m[K graph_pub;
[1.460s]       |                                                   [01;36m[K^~~~~~~~~[m[K
[1.460s] [01m[K/home/aralab/ASBIR-ROS2/src/asbir-navigation/src/modelTest.cpp:46:61:[m[K [01;31m[Kerror: [m[Kâ€˜[01m[Kmarker_a_pub[m[Kâ€™ does not name a type
[1.460s]    46 |         rclcpp::Publisher<std_msgs::msg::String>::SharedPtr [01;31m[Kmarker_a_pub[m[K;
[1.461s]       |                                                             [01;31m[K^~~~~~~~~~~~[m[K
[1.461s] [01m[K/home/aralab/ASBIR-ROS2/src/asbir-navigation/src/modelTest.cpp:[m[K In member function â€˜[01m[Kvoid ModelTest::path_model()[m[Kâ€™:
[1.461s] [01m[K/home/aralab/ASBIR-ROS2/src/asbir-navigation/src/modelTest.cpp:16:51:[m[K [01;31m[Kerror: [m[Kexpected â€˜[01m[K;[m[Kâ€™ before â€˜[01m[Ksurface[m[Kâ€™
[1.461s]    16 |             surface.header.frame_id = "odom_frame"
[1.461s]       |                                                   [01;31m[K^[m[K
[1.461s]       |                                                   [32m[K;[m[K
[1.461s]    17 |             [32m[Ksurface[m[K.header.stamp = rclpy.time.Time().to_msg()
[1.461s]       |             [32m[K~~~~~~~[m[K                                
[1.461s] [01m[K/home/aralab/ASBIR-ROS2/src/asbir-navigation/src/modelTest.cpp:42:20:[m[K [01;31m[Kerror: [m[Kreturn-statement with a value, in function returning â€˜[01m[Kvoid[m[Kâ€™ [[01;31m[K-fpermissive[m[K]
[1.462s]    42 |             return [01;31m[K0[m[K;
[1.462s]       |                    [01;31m[K^[m[K
[1.462s] [01m[K/home/aralab/ASBIR-ROS2/src/asbir-navigation/src/modelTest.cpp:[m[K In constructor â€˜[01m[KModelTest::ModelTest()[m[Kâ€™:
[1.462s] [01m[K/home/aralab/ASBIR-ROS2/src/asbir-navigation/src/modelTest.cpp:50:43:[m[K [01;31m[Kerror: [m[Kclass â€˜[01m[KModelTest[m[Kâ€™ does not have any field named â€˜[01m[Kcount_[m[Kâ€™
[1.462s]    50 |         ModelTest() : Node("ModelGraph"), [01;31m[Kcount_[m[K(0) {
[1.462s]       |                                           [01;31m[K^~~~~~[m[K
[1.462s] [01m[K/home/aralab/ASBIR-ROS2/src/asbir-navigation/src/modelTest.cpp:51:13:[m[K [01;31m[Kerror: [m[Kâ€˜[01m[Kgraph_pub[m[Kâ€™ was not declared in this scope
[1.462s]    51 |             [01;31m[Kgraph_pub[m[K = this->create_publisher<std_msgs::msg::String>("model_graph", 10);
[1.463s]       |             [01;31m[K^~~~~~~~~[m[K
[1.463s] [01m[K/home/aralab/ASBIR-ROS2/src/asbir-navigation/src/modelTest.cpp:51:63:[m[K [01;31m[Kerror: [m[Kâ€˜[01m[KString[m[Kâ€™ is not a member of â€˜[01m[Kstd_msgs::msg[m[Kâ€™
[1.463s]    51 |             graph_pub = this->create_publisher<std_msgs::msg::[01;31m[KString[m[K>("model_graph", 10);
[1.463s]       |                                                               [01;31m[K^~~~~~[m[K
[1.463s] [01m[K/home/aralab/ASBIR-ROS2/src/asbir-navigation/src/modelTest.cpp:51:63:[m[K [01;31m[Kerror: [m[Kâ€˜[01m[KString[m[Kâ€™ is not a member of â€˜[01m[Kstd_msgs::msg[m[Kâ€™
[1.463s] [01m[K/home/aralab/ASBIR-ROS2/src/asbir-navigation/src/modelTest.cpp:51:88:[m[K [01;31m[Kerror: [m[Kno matching function for call to â€˜[01m[KModelTest::create_publisher<<expression error> >(const char [12], int)[m[Kâ€™
[1.463s]    51 |  this->create_publisher<std_msgs::msg::String>("model_graph", 10[01;31m[K)[m[K;
[1.463s]       |                                                                 [01;31m[K^[m[K
[1.464s] 
[1.464s] In file included from [01m[K/home/aralab/ros2_foxy/install/rclcpp/include/rclcpp/executors/single_threaded_executor.hpp:28[m[K,
[1.464s]                  from [01m[K/home/aralab/ros2_foxy/install/rclcpp/include/rclcpp/executors.hpp:22[m[K,
[1.464s]                  from [01m[K/home/aralab/ros2_foxy/install/rclcpp/include/rclcpp/rclcpp.hpp:146[m[K,
[1.464s]                  from [01m[K/home/aralab/ASBIR-ROS2/src/asbir-navigation/src/modelTest.cpp:1[m[K:
[1.464s] [01m[K/home/aralab/ros2_foxy/install/rclcpp/include/rclcpp/node.hpp:184:3:[m[K [01;36m[Knote: [m[Kcandidate: â€˜[01m[Ktemplate<class MessageT, class AllocatorT, class PublisherT> std::shared_ptr<PublisherT> rclcpp::Node::create_publisher(const string&, const rclcpp::QoS&, const rclcpp::PublisherOptionsWithAllocator<AllocatorT>&)[m[Kâ€™
[1.464s]   184 |   [01;36m[Kcreate_publisher[m[K(
[1.464s]       |   [01;36m[K^~~~~~~~~~~~~~~~[m[K
[1.465s] [01m[K/home/aralab/ros2_foxy/install/rclcpp/include/rclcpp/node.hpp:184:3:[m[K [01;36m[Knote: [m[K  template argument deduction/substitution failed:
[1.465s] [01m[K/home/aralab/ASBIR-ROS2/src/asbir-navigation/src/modelTest.cpp:51:88:[m[K [01;31m[Kerror: [m[Ktemplate argument 1 is invalid
[1.465s]    51 |  this->create_publisher<std_msgs::msg::String>("model_graph", 10[01;31m[K)[m[K;
[1.465s]       |                                                                 [01;31m[K^[m[K
[1.465s] 
[1.465s] [01m[K/home/aralab/ASBIR-ROS2/src/asbir-navigation/src/modelTest.cpp:52:13:[m[K [01;31m[Kerror: [m[Kâ€˜[01m[Kmarker_pub[m[Kâ€™ was not declared in this scope
[1.465s]    52 |             [01;31m[Kmarker_pub[m[K = this->create_publsiher<visualization_msgs::msg::Marker>("visualization_marker", 10);
[1.465s]       |             [01;31m[K^~~~~~~~~~[m[K
[1.465s] [01m[K/home/aralab/ASBIR-ROS2/src/asbir-navigation/src/modelTest.cpp:52:32:[m[K [01;31m[Kerror: [m[Kâ€˜[01m[Kclass ModelTest[m[Kâ€™ has no member named â€˜[01m[Kcreate_publsiher[m[Kâ€™; did you mean â€˜[01m[Kcreate_publisher[m[Kâ€™?
[1.465s]    52 |             marker_pub = this->[01;31m[Kcreate_publsiher[m[K<visualization_msgs::msg::Marker>("visualization_marker", 10);
[1.466s]       |                                [01;31m[K^~~~~~~~~~~~~~~~[m[K
[1.466s]       |                                [32m[Kcreate_publisher[m[K
[1.466s] [01m[K/home/aralab/ASBIR-ROS2/src/asbir-navigation/src/modelTest.cpp:52:80:[m[K [01;31m[Kerror: [m[Kexpected primary-expression before â€˜[01m[K>[m[Kâ€™ token
[1.466s]    52 | ker_pub = this->create_publsiher<visualization_msgs::msg::Marker[01;31m[K>[m[K("visualization_marker", 10);
[1.466s]       |                                                                 [01;31m[K^[m[K
[1.466s] 
[1.466s] [01m[K/home/aralab/ASBIR-ROS2/src/asbir-navigation/src/modelTest.cpp:52:82:[m[K [01;35m[Kwarning: [m[Kleft operand of comma operator has no effect [[01;35m[K-Wunused-value[m[K]
[1.467s]    52 | r_pub = this->create_publsiher<visualization_msgs::msg::Marker>([01;35m[K"visualization_marker"[m[K, 10);
[1.467s]       |                                                                 [01;35m[K^~~~~~~~~~~~~~~~~~~~~~[m[K
[1.467s] 
[1.467s] [01m[K/home/aralab/ASBIR-ROS2/src/asbir-navigation/src/modelTest.cpp:53:13:[m[K [01;31m[Kerror: [m[Kâ€˜[01m[Kmarker_a_pub[m[Kâ€™ was not declared in this scope
[1.467s]    53 |             [01;31m[Kmarker_a_pub[m[K = this->create_publisher<visualization_msgs::msg::MarkerArray>("visualization_marker_array", 10);
[1.467s]       |             [01;31m[K^~~~~~~~~~~~[m[K
[1.467s] [01m[K/home/aralab/ASBIR-ROS2/src/asbir-navigation/src/modelTest.cpp:53:76:[m[K [01;31m[Kerror: [m[Kâ€˜[01m[KMarkerArray[m[Kâ€™ is not a member of â€˜[01m[Kvisualization_msgs::msg[m[Kâ€™
[1.467s]    53 |  marker_a_pub = this->create_publisher<visualization_msgs::msg::[01;31m[KMarkerArray[m[K>("visualization_marker_array", 10);
[1.467s]       |                                                                 [01;31m[K^~~~~~~~~~~[m[K
[1.468s] 
[1.468s] [01m[K/home/aralab/ASBIR-ROS2/src/asbir-navigation/src/modelTest.cpp:53:76:[m[K [01;31m[Kerror: [m[Kâ€˜[01m[KMarkerArray[m[Kâ€™ is not a member of â€˜[01m[Kvisualization_msgs::msg[m[Kâ€™
[1.468s] [01m[K/home/aralab/ASBIR-ROS2/src/asbir-navigation/src/modelTest.cpp:53:121:[m[K [01;31m[Kerror: [m[Kno matching function for call to â€˜[01m[KModelTest::create_publisher<<expression error> >(const char [27], int)[m[Kâ€™
[1.468s]    53 | ization_msgs::msg::MarkerArray>("visualization_marker_array", 10[01;31m[K)[m[K;
[1.468s]       |                                                                 [01;31m[K^[m[K
[1.468s] 
[1.468s] In file included from [01m[K/home/aralab/ros2_foxy/install/rclcpp/include/rclcpp/executors/single_threaded_executor.hpp:28[m[K,
[1.468s]                  from [01m[K/home/aralab/ros2_foxy/install/rclcpp/include/rclcpp/executors.hpp:22[m[K,
[1.469s]                  from [01m[K/home/aralab/ros2_foxy/install/rclcpp/include/rclcpp/rclcpp.hpp:146[m[K,
[1.469s]                  from [01m[K/home/aralab/ASBIR-ROS2/src/asbir-navigation/src/modelTest.cpp:1[m[K:
[1.469s] [01m[K/home/aralab/ros2_foxy/install/rclcpp/include/rclcpp/node.hpp:184:3:[m[K [01;36m[Knote: [m[Kcandidate: â€˜[01m[Ktemplate<class MessageT, class AllocatorT, class PublisherT> std::shared_ptr<PublisherT> rclcpp::Node::create_publisher(const string&, const rclcpp::QoS&, const rclcpp::PublisherOptionsWithAllocator<AllocatorT>&)[m[Kâ€™
[1.469s]   184 |   [01;36m[Kcreate_publisher[m[K(
[1.469s]       |   [01;36m[K^~~~~~~~~~~~~~~~[m[K
[1.469s] [01m[K/home/aralab/ros2_foxy/install/rclcpp/include/rclcpp/node.hpp:184:3:[m[K [01;36m[Knote: [m[K  template argument deduction/substitution failed:
[1.469s] [01m[K/home/aralab/ASBIR-ROS2/src/asbir-navigation/src/modelTest.cpp:53:121:[m[K [01;31m[Kerror: [m[Ktemplate argument 1 is invalid
[1.469s]    53 | ization_msgs::msg::MarkerArray>("visualization_marker_array", 10[01;31m[K)[m[K;
[1.469s]       |                                                                 [01;31m[K^[m[K
[1.470s] 
[1.799s] make[2]: *** [CMakeFiles/modelTest.dir/build.make:63: CMakeFiles/modelTest.dir/src/modelTest.cpp.o] Error 1
[1.799s] make[1]: *** [CMakeFiles/Makefile2:80: CMakeFiles/modelTest.dir/all] Error 2
[1.800s] make: *** [Makefile:141: all] Error 2
[2.153s] Invoked command in '/home/aralab/ASBIR-ROS2/build/asbir-navigation' returned '2': CMAKE_PREFIX_PATH=${CMAKE_PREFIX_PATH}:/home/aralab/ASBIR-ROS2/install/rclpy_message_converter:/home/aralab/ros2_foxy/install/ros2bag:/home/aralab/ros2_foxy/install/tracetools_launch:/home/aralab/ros2_foxy/install/topic_monitor:/home/aralab/ros2_foxy/install/examples_tf2_py:/home/aralab/ros2_foxy/install/sros2:/home/aralab/ros2_foxy/install/rqt_topic:/home/aralab/ros2_foxy/install/rqt_top:/home/aralab/ros2_foxy/install/rqt_srv:/home/aralab/ros2_foxy/install/rqt_shell:/home/aralab/ros2_foxy/install/rqt_service_caller:/home/aralab/ros2_foxy/install/rqt_reconfigure:/home/aralab/ros2_foxy/install/rqt_py_console:/home/aralab/ros2_foxy/install/rqt_publisher:/home/aralab/ros2_foxy/install/rqt_plot:/home/aralab/ros2_foxy/install/rqt_action:/home/aralab/ros2_foxy/install/rqt_msg:/home/aralab/ros2_foxy/install/rqt_console:/home/aralab/ros2_foxy/install/rqt:/home/aralab/ros2_foxy/install/rqt_graph:/home/aralab/ros2_foxy/install/rqt_gui_py:/home/aralab/ros2_foxy/install/rqt_gui:/home/aralab/ros2_foxy/install/ros2trace:/home/aralab/ros2_foxy/install/ros2topic:/home/aralab/ros2_foxy/install/ros2test:/home/aralab/ros2_foxy/install/ros2component:/home/aralab/ros2_foxy/install/ros2param:/home/aralab/ros2_foxy/install/ros2lifecycle:/home/aralab/ros2_foxy/install/ros2service:/home/aralab/ros2_foxy/install/ros2run:/home/aralab/ros2_foxy/install/ros2launch:/home/aralab/ros2_foxy/install/ros2pkg:/home/aralab/ros2_foxy/install/ros2node:/home/aralab/ros2_foxy/install/ros2multicast:/home/aralab/ros2_foxy/install/ros2interface:/home/aralab/ros2_foxy/install/ros2doctor:/home/aralab/ros2_foxy/install/ros2action:/home/aralab/ros2_foxy/install/ros2cli:/home/aralab/ros2_foxy/install/quality_of_service_demo_py:/home/aralab/ros2_foxy/install/launch_testing_ros:/home/aralab/ros2_foxy/install/launch_ros:/home/aralab/ros2_foxy/install/examples_rclpy_minimal_subscriber:/home/aralab/ros2_foxy/install/examples_rclpy_minimal_service:/home/aralab/ros2_foxy/install/examples_rclpy_minimal_publisher:/home/aralab/ros2_foxy/install/examples_rclpy_minimal_client:/home/aralab/ros2_foxy/install/examples_rclpy_minimal_action_server:/home/aralab/ros2_foxy/install/examples_rclpy_minimal_action_client:/home/aralab/ros2_foxy/install/examples_rclpy_executors:/home/aralab/ros2_foxy/install/demo_nodes_py:/home/aralab/ros2_foxy/install/action_tutorials_py:/home/aralab/ros2_foxy/install/ament_uncrustify:/home/aralab/ros2_foxy/install/tracetools_trace:/home/aralab/ros2_foxy/install/tracetools_read:/home/aralab/ros2_foxy/install/test_launch_ros:/home/aralab/ros2_foxy/install/sensor_msgs_py:/home/aralab/ros2_foxy/install/rpyutils:/home/aralab/ros2_foxy/install/rosidl_runtime_py:/home/aralab/ros2_foxy/install/launch_yaml:/home/aralab/ros2_foxy/install/launch_xml:/home/aralab/ros2_foxy/install/launch_testing:/home/aralab/ros2_foxy/install/launch:/home/aralab/ros2_foxy/install/osrf_pycommon:/home/aralab/ros2_foxy/install/domain_coordinator:/home/aralab/ros2_foxy/install/ament_xmllint:/home/aralab/ros2_foxy/install/ament_pyflakes:/home/aralab/ros2_foxy/install/ament_pycodestyle:/home/aralab/ros2_foxy/install/ament_pep257:/home/aralab/ros2_foxy/install/ament_pclint:/home/aralab/ros2_foxy/install/ament_package:/home/aralab/ros2_foxy/install/ament_mypy:/home/aralab/ros2_foxy/install/ament_lint_cmake:/home/aralab/ros2_foxy/install/ament_flake8:/home/aralab/ros2_foxy/install/ament_copyright:/home/aralab/ros2_foxy/install/ament_lint:/home/aralab/ros2_foxy/install/ament_index_python:/home/aralab/ros2_foxy/install/ament_cpplint:/home/aralab/ros2_foxy/install/ament_cppcheck:/home/aralab/ros2_foxy/install/ament_clang_tidy:/home/aralab/ros2_foxy/install/ament_clang_format /usr/bin/cmake --build /home/aralab/ASBIR-ROS2/build/asbir-navigation -- -j12 -l12
