[01m[K/home/aralab/ASBIR-ROS2/src/asbir-navigation/src/modelTest.cpp:[m[K In constructor â€˜[01m[KModelTest::ModelTest()[m[Kâ€™:
[01m[K/home/aralab/ASBIR-ROS2/src/asbir-navigation/src/modelTest.cpp:19:76:[m[K [01;31m[Kerror: [m[Kâ€˜[01m[KMarkerArray[m[Kâ€™ is not a member of â€˜[01m[Kvisualization_msgs::msg[m[Kâ€™
   19 |             marker_a_pub = this->create_publisher<visualization_msgs::msg::[01;31m[KMarkerArray[m[K>("visualization_marker_array", 10);
      |                                                                            [01;31m[K^~~~~~~~~~~[m[K
[01m[K/home/aralab/ASBIR-ROS2/src/asbir-navigation/src/modelTest.cpp:19:76:[m[K [01;31m[Kerror: [m[Kâ€˜[01m[KMarkerArray[m[Kâ€™ is not a member of â€˜[01m[Kvisualization_msgs::msg[m[Kâ€™
[01m[K/home/aralab/ASBIR-ROS2/src/asbir-navigation/src/modelTest.cpp:19:121:[m[K [01;31m[Kerror: [m[Kno matching function for call to â€˜[01m[KModelTest::create_publisher<<expression error> >(const char [27], int)[m[Kâ€™
   19 |             marker_a_pub = this->create_publisher<visualization_msgs::msg::MarkerArray>("visualization_marker_array", 10[01;31m[K)[m[K;
      |                                                                                                                         [01;31m[K^[m[K
In file included from [01m[K/home/aralab/ros2_foxy/install/rclcpp/include/rclcpp/node.hpp:1224[m[K,
                 from [01m[K/home/aralab/ros2_foxy/install/rclcpp/include/rclcpp/executors/single_threaded_executor.hpp:28[m[K,
                 from [01m[K/home/aralab/ros2_foxy/install/rclcpp/include/rclcpp/executors.hpp:22[m[K,
                 from [01m[K/home/aralab/ros2_foxy/install/rclcpp/include/rclcpp/rclcpp.hpp:146[m[K,
                 from [01m[K/home/aralab/ASBIR-ROS2/src/asbir-navigation/src/modelTest.cpp:1[m[K:
[01m[K/home/aralab/ros2_foxy/install/rclcpp/include/rclcpp/node_impl.hpp:71:1:[m[K [01;36m[Knote: [m[Kcandidate: â€˜[01m[Ktemplate<class MessageT, class AllocatorT, class PublisherT> std::shared_ptr<PublisherT> rclcpp::Node::create_publisher(const string&, const rclcpp::QoS&, const rclcpp::PublisherOptionsWithAllocator<AllocatorT>&)[m[Kâ€™
   71 | [01;36m[KNode[m[K::create_publisher(
      | [01;36m[K^~~~[m[K
[01m[K/home/aralab/ros2_foxy/install/rclcpp/include/rclcpp/node_impl.hpp:71:1:[m[K [01;36m[Knote: [m[K  template argument deduction/substitution failed:
[01m[K/home/aralab/ASBIR-ROS2/src/asbir-navigation/src/modelTest.cpp:19:121:[m[K [01;31m[Kerror: [m[Ktemplate argument 1 is invalid
   19 |             marker_a_pub = this->create_publisher<visualization_msgs::msg::MarkerArray>("visualization_marker_array", 10[01;31m[K)[m[K;
      |                                                                                                                         [01;31m[K^[m[K
[01m[K/home/aralab/ASBIR-ROS2/src/asbir-navigation/src/modelTest.cpp:[m[K In member function â€˜[01m[Kvoid ModelTest::path_model()[m[Kâ€™:
[01m[K/home/aralab/ASBIR-ROS2/src/asbir-navigation/src/modelTest.cpp:70:20:[m[K [01;31m[Kerror: [m[Kreturn-statement with a value, in function returning â€˜[01m[Kvoid[m[Kâ€™ [[01;31m[K-fpermissive[m[K]
   70 |             return [01;31m[K0[m[K;
      |                    [01;31m[K^[m[K
make[2]: *** [CMakeFiles/modelTest.dir/build.make:63: CMakeFiles/modelTest.dir/src/modelTest.cpp.o] Error 1
make[1]: *** [CMakeFiles/Makefile2:80: CMakeFiles/modelTest.dir/all] Error 2
make: *** [Makefile:141: all] Error 2
