-- Found ament_cmake: 0.9.11 (/home/aralab/ros2_foxy/install/ament_cmake/share/ament_cmake/cmake)
-- Using PYTHON_EXECUTABLE: /usr/bin/python3
-- Found rclcpp: 2.4.2 (/home/aralab/ros2_foxy/install/rclcpp/share/rclcpp/cmake)
-- Using all available rosidl_typesupport_c: rosidl_typesupport_introspection_c;rosidl_typesupport_fastrtps_c
-- Found rosidl_adapter: 1.3.0 (/home/aralab/ros2_foxy/install/rosidl_adapter/share/rosidl_adapter/cmake)
-- Using all available rosidl_typesupport_cpp: rosidl_typesupport_introspection_cpp;rosidl_typesupport_fastrtps_cpp
-- Found rmw_implementation_cmake: 1.0.3 (/home/aralab/ros2_foxy/install/rmw_implementation_cmake/share/rmw_implementation_cmake/cmake)
-- Using RMW implementation 'rmw_fastrtps_cpp' as default
-- Found rclpy: 1.0.11 (/home/aralab/ros2_foxy/install/rclpy/share/rclpy/cmake)
-- Found geometry_msgs: 2.0.5 (/home/aralab/ros2_foxy/install/geometry_msgs/share/geometry_msgs/cmake)
-- Found visualization_msgs: 2.0.5 (/home/aralab/ros2_foxy/install/visualization_msgs/share/visualization_msgs/cmake)
-- Found tf2_ros: 0.13.13 (/home/aralab/ros2_foxy/install/tf2_ros/share/tf2_ros/cmake)
-- Configuring done
-- Generating done
-- Build files have been written to: /home/aralab/ASBIR-ROS2/build/asbir-navigation
[35m[1mScanning dependencies of target modelTest[0m
[ 75%] [32mBuilding CXX object CMakeFiles/modelTest.dir/src/modelTest.cpp.o[0m
[ 75%] Built target listener
[01m[K/home/aralab/ASBIR-ROS2/src/asbir-navigation/src/modelTest.cpp:62:2:[m[K [01;31m[Kerror: [m[Kexpected â€˜[01m[K;[m[Kâ€™ after class definition
   62 | }
      |  [01;31m[K^[m[K
      |  [32m[K;[m[K
[01m[K/home/aralab/ASBIR-ROS2/src/asbir-navigation/src/modelTest.cpp:[m[K In constructor â€˜[01m[KModelTest::ModelTest()[m[Kâ€™:
[01m[K/home/aralab/ASBIR-ROS2/src/asbir-navigation/src/modelTest.cpp:12:43:[m[K [01;31m[Kerror: [m[Kclass â€˜[01m[KModelTest[m[Kâ€™ does not have any field named â€˜[01m[Kcount_[m[Kâ€™
   12 |         ModelTest() : Node("ModelGraph"), [01;31m[Kcount_[m[K(0) {
      |                                           [01;31m[K^~~~~~[m[K
[01m[K/home/aralab/ASBIR-ROS2/src/asbir-navigation/src/modelTest.cpp:13:13:[m[K [01;31m[Kerror: [m[Kâ€˜[01m[Kgraph_pub[m[Kâ€™ was not declared in this scope
   13 |             [01;31m[Kgraph_pub[m[K = this->create_publisher<std_msgs::msg::String>("model_graph", 10);
      |             [01;31m[K^~~~~~~~~[m[K
[01m[K/home/aralab/ASBIR-ROS2/src/asbir-navigation/src/modelTest.cpp:13:63:[m[K [01;31m[Kerror: [m[Kâ€˜[01m[KString[m[Kâ€™ is not a member of â€˜[01m[Kstd_msgs::msg[m[Kâ€™
   13 |             graph_pub = this->create_publisher<std_msgs::msg::[01;31m[KString[m[K>("model_graph", 10);
      |                                                               [01;31m[K^~~~~~[m[K
[01m[K/home/aralab/ASBIR-ROS2/src/asbir-navigation/src/modelTest.cpp:13:63:[m[K [01;31m[Kerror: [m[Kâ€˜[01m[KString[m[Kâ€™ is not a member of â€˜[01m[Kstd_msgs::msg[m[Kâ€™
[01m[K/home/aralab/ASBIR-ROS2/src/asbir-navigation/src/modelTest.cpp:13:88:[m[K [01;31m[Kerror: [m[Kno matching function for call to â€˜[01m[KModelTest::create_publisher<<expression error> >(const char [12], int)[m[Kâ€™
   13 |  this->create_publisher<std_msgs::msg::String>("model_graph", 10[01;31m[K)[m[K;
      |                                                                 [01;31m[K^[m[K

In file included from [01m[K/home/aralab/ros2_foxy/install/rclcpp/include/rclcpp/executors/single_threaded_executor.hpp:28[m[K,
                 from [01m[K/home/aralab/ros2_foxy/install/rclcpp/include/rclcpp/executors.hpp:22[m[K,
                 from [01m[K/home/aralab/ros2_foxy/install/rclcpp/include/rclcpp/rclcpp.hpp:146[m[K,
                 from [01m[K/home/aralab/ASBIR-ROS2/src/asbir-navigation/src/modelTest.cpp:1[m[K:
[01m[K/home/aralab/ros2_foxy/install/rclcpp/include/rclcpp/node.hpp:184:3:[m[K [01;36m[Knote: [m[Kcandidate: â€˜[01m[Ktemplate<class MessageT, class AllocatorT, class PublisherT> std::shared_ptr<PublisherT> rclcpp::Node::create_publisher(const string&, const rclcpp::QoS&, const rclcpp::PublisherOptionsWithAllocator<AllocatorT>&)[m[Kâ€™
  184 |   [01;36m[Kcreate_publisher[m[K(
      |   [01;36m[K^~~~~~~~~~~~~~~~[m[K
[01m[K/home/aralab/ros2_foxy/install/rclcpp/include/rclcpp/node.hpp:184:3:[m[K [01;36m[Knote: [m[K  template argument deduction/substitution failed:
[01m[K/home/aralab/ASBIR-ROS2/src/asbir-navigation/src/modelTest.cpp:13:88:[m[K [01;31m[Kerror: [m[Ktemplate argument 1 is invalid
   13 |  this->create_publisher<std_msgs::msg::String>("model_graph", 10[01;31m[K)[m[K;
      |                                                                 [01;31m[K^[m[K

[01m[K/home/aralab/ASBIR-ROS2/src/asbir-navigation/src/modelTest.cpp:14:13:[m[K [01;31m[Kerror: [m[Kâ€˜[01m[Kmarker_pub[m[Kâ€™ was not declared in this scope
   14 |             [01;31m[Kmarker_pub[m[K = this->create_publsiher<visualization_msgs::msg::Marker>("visualization_marker", 10);
      |             [01;31m[K^~~~~~~~~~[m[K
[01m[K/home/aralab/ASBIR-ROS2/src/asbir-navigation/src/modelTest.cpp:14:32:[m[K [01;31m[Kerror: [m[Kâ€˜[01m[Kclass ModelTest[m[Kâ€™ has no member named â€˜[01m[Kcreate_publsiher[m[Kâ€™; did you mean â€˜[01m[Kcreate_publisher[m[Kâ€™?
   14 |             marker_pub = this->[01;31m[Kcreate_publsiher[m[K<visualization_msgs::msg::Marker>("visualization_marker", 10);
      |                                [01;31m[K^~~~~~~~~~~~~~~~[m[K
      |                                [32m[Kcreate_publisher[m[K
[01m[K/home/aralab/ASBIR-ROS2/src/asbir-navigation/src/modelTest.cpp:14:80:[m[K [01;31m[Kerror: [m[Kexpected primary-expression before â€˜[01m[K>[m[Kâ€™ token
   14 | ker_pub = this->create_publsiher<visualization_msgs::msg::Marker[01;31m[K>[m[K("visualization_marker", 10);
      |                                                                 [01;31m[K^[m[K

[01m[K/home/aralab/ASBIR-ROS2/src/asbir-navigation/src/modelTest.cpp:14:82:[m[K [01;35m[Kwarning: [m[Kleft operand of comma operator has no effect [[01;35m[K-Wunused-value[m[K]
   14 | r_pub = this->create_publsiher<visualization_msgs::msg::Marker>([01;35m[K"visualization_marker"[m[K, 10);
      |                                                                 [01;35m[K^~~~~~~~~~~~~~~~~~~~~~[m[K

[01m[K/home/aralab/ASBIR-ROS2/src/asbir-navigation/src/modelTest.cpp:15:13:[m[K [01;31m[Kerror: [m[Kâ€˜[01m[Kmarker_a_pub[m[Kâ€™ was not declared in this scope
   15 |             [01;31m[Kmarker_a_pub[m[K = this->create_publisher<visualization_msgs::msg::MarkerArray>("visualization_marker_array", 10);
      |             [01;31m[K^~~~~~~~~~~~[m[K
[01m[K/home/aralab/ASBIR-ROS2/src/asbir-navigation/src/modelTest.cpp:15:76:[m[K [01;31m[Kerror: [m[Kâ€˜[01m[KMarkerArray[m[Kâ€™ is not a member of â€˜[01m[Kvisualization_msgs::msg[m[Kâ€™
   15 |  marker_a_pub = this->create_publisher<visualization_msgs::msg::[01;31m[KMarkerArray[m[K>("visualization_marker_array", 10);
      |                                                                 [01;31m[K^~~~~~~~~~~[m[K

[01m[K/home/aralab/ASBIR-ROS2/src/asbir-navigation/src/modelTest.cpp:15:76:[m[K [01;31m[Kerror: [m[Kâ€˜[01m[KMarkerArray[m[Kâ€™ is not a member of â€˜[01m[Kvisualization_msgs::msg[m[Kâ€™
[01m[K/home/aralab/ASBIR-ROS2/src/asbir-navigation/src/modelTest.cpp:15:121:[m[K [01;31m[Kerror: [m[Kno matching function for call to â€˜[01m[KModelTest::create_publisher<<expression error> >(const char [27], int)[m[Kâ€™
   15 | ization_msgs::msg::MarkerArray>("visualization_marker_array", 10[01;31m[K)[m[K;
      |                                                                 [01;31m[K^[m[K

In file included from [01m[K/home/aralab/ros2_foxy/install/rclcpp/include/rclcpp/executors/single_threaded_executor.hpp:28[m[K,
                 from [01m[K/home/aralab/ros2_foxy/install/rclcpp/include/rclcpp/executors.hpp:22[m[K,
                 from [01m[K/home/aralab/ros2_foxy/install/rclcpp/include/rclcpp/rclcpp.hpp:146[m[K,
                 from [01m[K/home/aralab/ASBIR-ROS2/src/asbir-navigation/src/modelTest.cpp:1[m[K:
[01m[K/home/aralab/ros2_foxy/install/rclcpp/include/rclcpp/node.hpp:184:3:[m[K [01;36m[Knote: [m[Kcandidate: â€˜[01m[Ktemplate<class MessageT, class AllocatorT, class PublisherT> std::shared_ptr<PublisherT> rclcpp::Node::create_publisher(const string&, const rclcpp::QoS&, const rclcpp::PublisherOptionsWithAllocator<AllocatorT>&)[m[Kâ€™
  184 |   [01;36m[Kcreate_publisher[m[K(
      |   [01;36m[K^~~~~~~~~~~~~~~~[m[K
[01m[K/home/aralab/ros2_foxy/install/rclcpp/include/rclcpp/node.hpp:184:3:[m[K [01;36m[Knote: [m[K  template argument deduction/substitution failed:
[01m[K/home/aralab/ASBIR-ROS2/src/asbir-navigation/src/modelTest.cpp:15:121:[m[K [01;31m[Kerror: [m[Ktemplate argument 1 is invalid
   15 | ization_msgs::msg::MarkerArray>("visualization_marker_array", 10[01;31m[K)[m[K;
      |                                                                 [01;31m[K^[m[K

[01m[K/home/aralab/ASBIR-ROS2/src/asbir-navigation/src/modelTest.cpp:24:13:[m[K [01;31m[Kerror: [m[Kexpected â€˜[01m[K,[m[Kâ€™ or â€˜[01m[K;[m[Kâ€™ before â€˜[01m[Kpath_model[m[Kâ€™
   24 |             [01;31m[Kpath_model[m[K();
      |             [01;31m[K^~~~~~~~~~[m[K
[01m[K/home/aralab/ASBIR-ROS2/src/asbir-navigation/src/modelTest.cpp:23:17:[m[K [01;35m[Kwarning: [m[Kunused variable â€˜[01m[Kid[m[Kâ€™ [[01;35m[K-Wunused-variable[m[K]
   23 |             int [01;35m[Kid[m[K = 0
      |                 [01;35m[K^~[m[K
[01m[K/home/aralab/ASBIR-ROS2/src/asbir-navigation/src/modelTest.cpp:[m[K In member function â€˜[01m[Kvoid ModelTest::path_model()[m[Kâ€™:
[01m[K/home/aralab/ASBIR-ROS2/src/asbir-navigation/src/modelTest.cpp:34:51:[m[K [01;31m[Kerror: [m[Kexpected â€˜[01m[K;[m[Kâ€™ before â€˜[01m[Ksurface[m[Kâ€™
   34 |             surface.header.frame_id = "odom_frame"
      |                                                   [01;31m[K^[m[K
      |                                                   [32m[K;[m[K
   35 |             [32m[Ksurface[m[K.header.stamp = rclpy.time.Time().to_msg()
      |             [32m[K~~~~~~~[m[K                                
[01m[K/home/aralab/ASBIR-ROS2/src/asbir-navigation/src/modelTest.cpp:60:20:[m[K [01;31m[Kerror: [m[Kreturn-statement with a value, in function returning â€˜[01m[Kvoid[m[Kâ€™ [[01;31m[K-fpermissive[m[K]
   60 |             return [01;31m[K0[m[K;
      |                    [01;31m[K^[m[K
make[2]: *** [CMakeFiles/modelTest.dir/build.make:63: CMakeFiles/modelTest.dir/src/modelTest.cpp.o] Error 1
make[1]: *** [CMakeFiles/Makefile2:80: CMakeFiles/modelTest.dir/all] Error 2
make: *** [Makefile:141: all] Error 2
