[0.042s] Invoking command in '/home/aralab/ASBIR-ROS2/build/asbir-navigation': CMAKE_PREFIX_PATH=${CMAKE_PREFIX_PATH}:/home/aralab/ASBIR-ROS2/install/rclpy_message_converter:/home/aralab/ros2_foxy/install/ros2bag:/home/aralab/ros2_foxy/install/tracetools_launch:/home/aralab/ros2_foxy/install/topic_monitor:/home/aralab/ros2_foxy/install/examples_tf2_py:/home/aralab/ros2_foxy/install/sros2:/home/aralab/ros2_foxy/install/rqt_topic:/home/aralab/ros2_foxy/install/rqt_top:/home/aralab/ros2_foxy/install/rqt_srv:/home/aralab/ros2_foxy/install/rqt_shell:/home/aralab/ros2_foxy/install/rqt_service_caller:/home/aralab/ros2_foxy/install/rqt_reconfigure:/home/aralab/ros2_foxy/install/rqt_py_console:/home/aralab/ros2_foxy/install/rqt_publisher:/home/aralab/ros2_foxy/install/rqt_plot:/home/aralab/ros2_foxy/install/rqt_action:/home/aralab/ros2_foxy/install/rqt_msg:/home/aralab/ros2_foxy/install/rqt_console:/home/aralab/ros2_foxy/install/rqt:/home/aralab/ros2_foxy/install/rqt_graph:/home/aralab/ros2_foxy/install/rqt_gui_py:/home/aralab/ros2_foxy/install/rqt_gui:/home/aralab/ros2_foxy/install/ros2trace:/home/aralab/ros2_foxy/install/ros2topic:/home/aralab/ros2_foxy/install/ros2test:/home/aralab/ros2_foxy/install/ros2component:/home/aralab/ros2_foxy/install/ros2param:/home/aralab/ros2_foxy/install/ros2lifecycle:/home/aralab/ros2_foxy/install/ros2service:/home/aralab/ros2_foxy/install/ros2run:/home/aralab/ros2_foxy/install/ros2launch:/home/aralab/ros2_foxy/install/ros2pkg:/home/aralab/ros2_foxy/install/ros2node:/home/aralab/ros2_foxy/install/ros2multicast:/home/aralab/ros2_foxy/install/ros2interface:/home/aralab/ros2_foxy/install/ros2doctor:/home/aralab/ros2_foxy/install/ros2action:/home/aralab/ros2_foxy/install/ros2cli:/home/aralab/ros2_foxy/install/quality_of_service_demo_py:/home/aralab/ros2_foxy/install/launch_testing_ros:/home/aralab/ros2_foxy/install/launch_ros:/home/aralab/ros2_foxy/install/examples_rclpy_minimal_subscriber:/home/aralab/ros2_foxy/install/examples_rclpy_minimal_service:/home/aralab/ros2_foxy/install/examples_rclpy_minimal_publisher:/home/aralab/ros2_foxy/install/examples_rclpy_minimal_client:/home/aralab/ros2_foxy/install/examples_rclpy_minimal_action_server:/home/aralab/ros2_foxy/install/examples_rclpy_minimal_action_client:/home/aralab/ros2_foxy/install/examples_rclpy_executors:/home/aralab/ros2_foxy/install/demo_nodes_py:/home/aralab/ros2_foxy/install/action_tutorials_py:/home/aralab/ros2_foxy/install/ament_uncrustify:/home/aralab/ros2_foxy/install/tracetools_trace:/home/aralab/ros2_foxy/install/tracetools_read:/home/aralab/ros2_foxy/install/test_launch_ros:/home/aralab/ros2_foxy/install/sensor_msgs_py:/home/aralab/ros2_foxy/install/rpyutils:/home/aralab/ros2_foxy/install/rosidl_runtime_py:/home/aralab/ros2_foxy/install/launch_yaml:/home/aralab/ros2_foxy/install/launch_xml:/home/aralab/ros2_foxy/install/launch_testing:/home/aralab/ros2_foxy/install/launch:/home/aralab/ros2_foxy/install/osrf_pycommon:/home/aralab/ros2_foxy/install/domain_coordinator:/home/aralab/ros2_foxy/install/ament_xmllint:/home/aralab/ros2_foxy/install/ament_pyflakes:/home/aralab/ros2_foxy/install/ament_pycodestyle:/home/aralab/ros2_foxy/install/ament_pep257:/home/aralab/ros2_foxy/install/ament_pclint:/home/aralab/ros2_foxy/install/ament_package:/home/aralab/ros2_foxy/install/ament_mypy:/home/aralab/ros2_foxy/install/ament_lint_cmake:/home/aralab/ros2_foxy/install/ament_flake8:/home/aralab/ros2_foxy/install/ament_copyright:/home/aralab/ros2_foxy/install/ament_lint:/home/aralab/ros2_foxy/install/ament_index_python:/home/aralab/ros2_foxy/install/ament_cpplint:/home/aralab/ros2_foxy/install/ament_cppcheck:/home/aralab/ros2_foxy/install/ament_clang_tidy:/home/aralab/ros2_foxy/install/ament_clang_format /usr/bin/cmake --build /home/aralab/ASBIR-ROS2/build/asbir-navigation -- -j12 -l12
[0.127s] [35m[1mScanning dependencies of target modelTest[0m
[0.158s] [ 50%] Built target listener
[0.190s] [ 75%] [32mBuilding CXX object CMakeFiles/modelTest.dir/src/modelTest.cpp.o[0m
[1.496s] [01m[K/home/aralab/ASBIR-ROS2/src/asbir-navigation/src/modelTest.cpp:[m[K In constructor â€˜[01m[KModelTest::ModelTest()[m[Kâ€™:
[1.496s] [01m[K/home/aralab/ASBIR-ROS2/src/asbir-navigation/src/modelTest.cpp:17:51:[m[K [01;31m[Kerror: [m[Kno matching function for call to â€˜[01m[Krclcpp::Publisher<std_msgs::msg::String_<std::allocator<void> > >::Publisher()[m[Kâ€™
[1.496s]    17 |         ModelTest() : Node("ModelGraph"), count_(0[01;31m[K)[m[K {
[1.496s]       |                                                   [01;31m[K^[m[K
[1.497s] In file included from [01m[K/home/aralab/ros2_foxy/install/rclcpp/include/rclcpp/topic_statistics/subscription_topic_statistics.hpp:31[m[K,
[1.497s]                  from [01m[K/home/aralab/ros2_foxy/install/rclcpp/include/rclcpp/subscription.hpp:50[m[K,
[1.497s]                  from [01m[K/home/aralab/ros2_foxy/install/rclcpp/include/rclcpp/any_executable.hpp:25[m[K,
[1.497s]                  from [01m[K/home/aralab/ros2_foxy/install/rclcpp/include/rclcpp/memory_strategy.hpp:24[m[K,
[1.497s]                  from [01m[K/home/aralab/ros2_foxy/install/rclcpp/include/rclcpp/memory_strategies.hpp:18[m[K,
[1.497s]                  from [01m[K/home/aralab/ros2_foxy/install/rclcpp/include/rclcpp/executor_options.hpp:20[m[K,
[1.497s]                  from [01m[K/home/aralab/ros2_foxy/install/rclcpp/include/rclcpp/executor.hpp:33[m[K,
[1.497s]                  from [01m[K/home/aralab/ros2_foxy/install/rclcpp/include/rclcpp/executors/multi_threaded_executor.hpp:26[m[K,
[1.497s]                  from [01m[K/home/aralab/ros2_foxy/install/rclcpp/include/rclcpp/executors.hpp:21[m[K,
[1.497s]                  from [01m[K/home/aralab/ros2_foxy/install/rclcpp/include/rclcpp/rclcpp.hpp:146[m[K,
[1.498s]                  from [01m[K/home/aralab/ASBIR-ROS2/src/asbir-navigation/src/modelTest.cpp:1[m[K:
[1.498s] [01m[K/home/aralab/ros2_foxy/install/rclcpp/include/rclcpp/publisher.hpp:73:3:[m[K [01;36m[Knote: [m[Kcandidate: â€˜[01m[Krclcpp::Publisher<MessageT, AllocatorT>::Publisher(rclcpp::node_interfaces::NodeBaseInterface*, const string&, const rclcpp::QoS&, const rclcpp::PublisherOptionsWithAllocator<AllocatorT>&) [with MessageT = std_msgs::msg::String_<std::allocator<void> >; AllocatorT = std::allocator<void>; std::string = std::__cxx11::basic_string<char>][m[Kâ€™
[1.498s]    73 |   [01;36m[KPublisher[m[K(
[1.498s]       |   [01;36m[K^~~~~~~~~[m[K
[1.498s] [01m[K/home/aralab/ros2_foxy/install/rclcpp/include/rclcpp/publisher.hpp:73:3:[m[K [01;36m[Knote: [m[K  candidate expects 4 arguments, 0 provided
[1.498s] [01m[K/home/aralab/ros2_foxy/install/rclcpp/include/rclcpp/publisher.hpp:51:7:[m[K [01;36m[Knote: [m[Kcandidate: â€˜[01m[Krclcpp::Publisher<std_msgs::msg::String_<std::allocator<void> > >::Publisher(const rclcpp::Publisher<std_msgs::msg::String_<std::allocator<void> > >&)[m[Kâ€™
[1.498s]    51 | class [01;36m[KPublisher[m[K : public PublisherBase
[1.499s]       |       [01;36m[K^~~~~~~~~[m[K
[1.499s] [01m[K/home/aralab/ros2_foxy/install/rclcpp/include/rclcpp/publisher.hpp:51:7:[m[K [01;36m[Knote: [m[K  candidate expects 1 argument, 0 provided
[1.499s] [01m[K/home/aralab/ASBIR-ROS2/src/asbir-navigation/src/modelTest.cpp:17:51:[m[K [01;31m[Kerror: [m[Kno matching function for call to â€˜[01m[Krclcpp::Publisher<visualization_msgs::msg::Marker_<std::allocator<void> > >::Publisher()[m[Kâ€™
[1.499s]    17 |         ModelTest() : Node("ModelGraph"), count_(0[01;31m[K)[m[K {
[1.499s]       |                                                   [01;31m[K^[m[K
[1.499s] In file included from [01m[K/home/aralab/ros2_foxy/install/rclcpp/include/rclcpp/topic_statistics/subscription_topic_statistics.hpp:31[m[K,
[1.499s]                  from [01m[K/home/aralab/ros2_foxy/install/rclcpp/include/rclcpp/subscription.hpp:50[m[K,
[1.499s]                  from [01m[K/home/aralab/ros2_foxy/install/rclcpp/include/rclcpp/any_executable.hpp:25[m[K,
[1.499s]                  from [01m[K/home/aralab/ros2_foxy/install/rclcpp/include/rclcpp/memory_strategy.hpp:24[m[K,
[1.500s]                  from [01m[K/home/aralab/ros2_foxy/install/rclcpp/include/rclcpp/memory_strategies.hpp:18[m[K,
[1.500s]                  from [01m[K/home/aralab/ros2_foxy/install/rclcpp/include/rclcpp/executor_options.hpp:20[m[K,
[1.500s]                  from [01m[K/home/aralab/ros2_foxy/install/rclcpp/include/rclcpp/executor.hpp:33[m[K,
[1.500s]                  from [01m[K/home/aralab/ros2_foxy/install/rclcpp/include/rclcpp/executors/multi_threaded_executor.hpp:26[m[K,
[1.500s]                  from [01m[K/home/aralab/ros2_foxy/install/rclcpp/include/rclcpp/executors.hpp:21[m[K,
[1.500s]                  from [01m[K/home/aralab/ros2_foxy/install/rclcpp/include/rclcpp/rclcpp.hpp:146[m[K,
[1.501s]                  from [01m[K/home/aralab/ASBIR-ROS2/src/asbir-navigation/src/modelTest.cpp:1[m[K:
[1.501s] [01m[K/home/aralab/ros2_foxy/install/rclcpp/include/rclcpp/publisher.hpp:73:3:[m[K [01;36m[Knote: [m[Kcandidate: â€˜[01m[Krclcpp::Publisher<MessageT, AllocatorT>::Publisher(rclcpp::node_interfaces::NodeBaseInterface*, const string&, const rclcpp::QoS&, const rclcpp::PublisherOptionsWithAllocator<AllocatorT>&) [with MessageT = visualization_msgs::msg::Marker_<std::allocator<void> >; AllocatorT = std::allocator<void>; std::string = std::__cxx11::basic_string<char>][m[Kâ€™
[1.501s]    73 |   [01;36m[KPublisher[m[K(
[1.501s]       |   [01;36m[K^~~~~~~~~[m[K
[1.501s] [01m[K/home/aralab/ros2_foxy/install/rclcpp/include/rclcpp/publisher.hpp:73:3:[m[K [01;36m[Knote: [m[K  candidate expects 4 arguments, 0 provided
[1.501s] [01m[K/home/aralab/ros2_foxy/install/rclcpp/include/rclcpp/publisher.hpp:51:7:[m[K [01;36m[Knote: [m[Kcandidate: â€˜[01m[Krclcpp::Publisher<visualization_msgs::msg::Marker_<std::allocator<void> > >::Publisher(const rclcpp::Publisher<visualization_msgs::msg::Marker_<std::allocator<void> > >&)[m[Kâ€™
[1.501s]    51 | class [01;36m[KPublisher[m[K : public PublisherBase
[1.501s]       |       [01;36m[K^~~~~~~~~[m[K
[1.501s] [01m[K/home/aralab/ros2_foxy/install/rclcpp/include/rclcpp/publisher.hpp:51:7:[m[K [01;36m[Knote: [m[K  candidate expects 1 argument, 0 provided
[1.501s] [01m[K/home/aralab/ASBIR-ROS2/src/asbir-navigation/src/modelTest.cpp:18:88:[m[K [01;31m[Kerror: [m[Kno match for â€˜[01m[Koperator=[m[Kâ€™ (operand types are â€˜[01m[Krclcpp::Publisher<std_msgs::msg::String_<std::allocator<void> > >[m[Kâ€™ and â€˜[01m[Kstd::shared_ptr<rclcpp::Publisher<std_msgs::msg::String_<std::allocator<void> > > >[m[Kâ€™)
[1.501s]    18 |             graph_pub = this->create_publisher<std_msgs::msg::String>("model_graph", 10[01;31m[K)[m[K;
[1.502s]       |                                                                                        [01;31m[K^[m[K
[1.502s] In file included from [01m[K/home/aralab/ros2_foxy/install/rclcpp/include/rclcpp/topic_statistics/subscription_topic_statistics.hpp:31[m[K,
[1.502s]                  from [01m[K/home/aralab/ros2_foxy/install/rclcpp/include/rclcpp/subscription.hpp:50[m[K,
[1.502s]                  from [01m[K/home/aralab/ros2_foxy/install/rclcpp/include/rclcpp/any_executable.hpp:25[m[K,
[1.502s]                  from [01m[K/home/aralab/ros2_foxy/install/rclcpp/include/rclcpp/memory_strategy.hpp:24[m[K,
[1.502s]                  from [01m[K/home/aralab/ros2_foxy/install/rclcpp/include/rclcpp/memory_strategies.hpp:18[m[K,
[1.502s]                  from [01m[K/home/aralab/ros2_foxy/install/rclcpp/include/rclcpp/executor_options.hpp:20[m[K,
[1.502s]                  from [01m[K/home/aralab/ros2_foxy/install/rclcpp/include/rclcpp/executor.hpp:33[m[K,
[1.502s]                  from [01m[K/home/aralab/ros2_foxy/install/rclcpp/include/rclcpp/executors/multi_threaded_executor.hpp:26[m[K,
[1.503s]                  from [01m[K/home/aralab/ros2_foxy/install/rclcpp/include/rclcpp/executors.hpp:21[m[K,
[1.503s]                  from [01m[K/home/aralab/ros2_foxy/install/rclcpp/include/rclcpp/rclcpp.hpp:146[m[K,
[1.503s]                  from [01m[K/home/aralab/ASBIR-ROS2/src/asbir-navigation/src/modelTest.cpp:1[m[K:
[1.503s] [01m[K/home/aralab/ros2_foxy/install/rclcpp/include/rclcpp/publisher.hpp:51:7:[m[K [01;36m[Knote: [m[Kcandidate: â€˜[01m[Krclcpp::Publisher<std_msgs::msg::String_<std::allocator<void> > >& rclcpp::Publisher<std_msgs::msg::String_<std::allocator<void> > >::operator=(const rclcpp::Publisher<std_msgs::msg::String_<std::allocator<void> > >&)[m[Kâ€™ <deleted>
[1.503s]    51 | class [01;36m[KPublisher[m[K : public PublisherBase
[1.503s]       |       [01;36m[K^~~~~~~~~[m[K
[1.503s] [01m[K/home/aralab/ros2_foxy/install/rclcpp/include/rclcpp/publisher.hpp:51:7:[m[K [01;36m[Knote: [m[K  no known conversion for argument 1 from â€˜[01m[Kstd::shared_ptr<rclcpp::Publisher<std_msgs::msg::String_<std::allocator<void> > > >[m[Kâ€™ to â€˜[01m[Kconst rclcpp::Publisher<std_msgs::msg::String_<std::allocator<void> > >&[m[Kâ€™
[1.503s] [01m[K/home/aralab/ASBIR-ROS2/src/asbir-navigation/src/modelTest.cpp:19:108:[m[K [01;31m[Kerror: [m[Kno match for â€˜[01m[Koperator=[m[Kâ€™ (operand types are â€˜[01m[Krclcpp::Publisher<visualization_msgs::msg::Marker_<std::allocator<void> > >[m[Kâ€™ and â€˜[01m[Kstd::shared_ptr<rclcpp::Publisher<visualization_msgs::msg::Marker_<std::allocator<void> > > >[m[Kâ€™)
[1.503s]    19 |             marker_pub = this->create_publisher<visualization_msgs::msg::Marker>("visualization_marker", 10[01;31m[K)[m[K;
[1.503s]       |                                                                                                            [01;31m[K^[m[K
[1.504s] In file included from [01m[K/home/aralab/ros2_foxy/install/rclcpp/include/rclcpp/topic_statistics/subscription_topic_statistics.hpp:31[m[K,
[1.504s]                  from [01m[K/home/aralab/ros2_foxy/install/rclcpp/include/rclcpp/subscription.hpp:50[m[K,
[1.504s]                  from [01m[K/home/aralab/ros2_foxy/install/rclcpp/include/rclcpp/any_executable.hpp:25[m[K,
[1.504s]                  from [01m[K/home/aralab/ros2_foxy/install/rclcpp/include/rclcpp/memory_strategy.hpp:24[m[K,
[1.504s]                  from [01m[K/home/aralab/ros2_foxy/install/rclcpp/include/rclcpp/memory_strategies.hpp:18[m[K,
[1.504s]                  from [01m[K/home/aralab/ros2_foxy/install/rclcpp/include/rclcpp/executor_options.hpp:20[m[K,
[1.504s]                  from [01m[K/home/aralab/ros2_foxy/install/rclcpp/include/rclcpp/executor.hpp:33[m[K,
[1.504s]                  from [01m[K/home/aralab/ros2_foxy/install/rclcpp/include/rclcpp/executors/multi_threaded_executor.hpp:26[m[K,
[1.504s]                  from [01m[K/home/aralab/ros2_foxy/install/rclcpp/include/rclcpp/executors.hpp:21[m[K,
[1.504s]                  from [01m[K/home/aralab/ros2_foxy/install/rclcpp/include/rclcpp/rclcpp.hpp:146[m[K,
[1.504s]                  from [01m[K/home/aralab/ASBIR-ROS2/src/asbir-navigation/src/modelTest.cpp:1[m[K:
[1.505s] [01m[K/home/aralab/ros2_foxy/install/rclcpp/include/rclcpp/publisher.hpp:51:7:[m[K [01;36m[Knote: [m[Kcandidate: â€˜[01m[Krclcpp::Publisher<visualization_msgs::msg::Marker_<std::allocator<void> > >& rclcpp::Publisher<visualization_msgs::msg::Marker_<std::allocator<void> > >::operator=(const rclcpp::Publisher<visualization_msgs::msg::Marker_<std::allocator<void> > >&)[m[Kâ€™ <deleted>
[1.505s]    51 | class [01;36m[KPublisher[m[K : public PublisherBase
[1.505s]       |       [01;36m[K^~~~~~~~~[m[K
[1.505s] [01m[K/home/aralab/ros2_foxy/install/rclcpp/include/rclcpp/publisher.hpp:51:7:[m[K [01;36m[Knote: [m[K  no known conversion for argument 1 from â€˜[01m[Kstd::shared_ptr<rclcpp::Publisher<visualization_msgs::msg::Marker_<std::allocator<void> > > >[m[Kâ€™ to â€˜[01m[Kconst rclcpp::Publisher<visualization_msgs::msg::Marker_<std::allocator<void> > >&[m[Kâ€™
[1.505s] [01m[K/home/aralab/ASBIR-ROS2/src/asbir-navigation/src/modelTest.cpp:[m[K In member function â€˜[01m[Kvoid ModelTest::path_model()[m[Kâ€™:
[1.505s] [01m[K/home/aralab/ASBIR-ROS2/src/asbir-navigation/src/modelTest.cpp:68:27:[m[K [01;31m[Kerror: [m[Kbase operand of â€˜[01m[K->[m[Kâ€™ has non-pointer type â€˜[01m[Krclcpp::Publisher<visualization_msgs::msg::Marker_<std::allocator<void> > >[m[Kâ€™
[1.505s]    68 |                 marker_pub[01;31m[K->[m[Kpublish(surface);
[1.505s]       |                           [01;31m[K^~[m[K
[2.296s] make[2]: *** [CMakeFiles/modelTest.dir/build.make:63: CMakeFiles/modelTest.dir/src/modelTest.cpp.o] Error 1
[2.296s] make[1]: *** [CMakeFiles/Makefile2:80: CMakeFiles/modelTest.dir/all] Error 2
[2.296s] make: *** [Makefile:141: all] Error 2
[2.298s] Invoked command in '/home/aralab/ASBIR-ROS2/build/asbir-navigation' returned '2': CMAKE_PREFIX_PATH=${CMAKE_PREFIX_PATH}:/home/aralab/ASBIR-ROS2/install/rclpy_message_converter:/home/aralab/ros2_foxy/install/ros2bag:/home/aralab/ros2_foxy/install/tracetools_launch:/home/aralab/ros2_foxy/install/topic_monitor:/home/aralab/ros2_foxy/install/examples_tf2_py:/home/aralab/ros2_foxy/install/sros2:/home/aralab/ros2_foxy/install/rqt_topic:/home/aralab/ros2_foxy/install/rqt_top:/home/aralab/ros2_foxy/install/rqt_srv:/home/aralab/ros2_foxy/install/rqt_shell:/home/aralab/ros2_foxy/install/rqt_service_caller:/home/aralab/ros2_foxy/install/rqt_reconfigure:/home/aralab/ros2_foxy/install/rqt_py_console:/home/aralab/ros2_foxy/install/rqt_publisher:/home/aralab/ros2_foxy/install/rqt_plot:/home/aralab/ros2_foxy/install/rqt_action:/home/aralab/ros2_foxy/install/rqt_msg:/home/aralab/ros2_foxy/install/rqt_console:/home/aralab/ros2_foxy/install/rqt:/home/aralab/ros2_foxy/install/rqt_graph:/home/aralab/ros2_foxy/install/rqt_gui_py:/home/aralab/ros2_foxy/install/rqt_gui:/home/aralab/ros2_foxy/install/ros2trace:/home/aralab/ros2_foxy/install/ros2topic:/home/aralab/ros2_foxy/install/ros2test:/home/aralab/ros2_foxy/install/ros2component:/home/aralab/ros2_foxy/install/ros2param:/home/aralab/ros2_foxy/install/ros2lifecycle:/home/aralab/ros2_foxy/install/ros2service:/home/aralab/ros2_foxy/install/ros2run:/home/aralab/ros2_foxy/install/ros2launch:/home/aralab/ros2_foxy/install/ros2pkg:/home/aralab/ros2_foxy/install/ros2node:/home/aralab/ros2_foxy/install/ros2multicast:/home/aralab/ros2_foxy/install/ros2interface:/home/aralab/ros2_foxy/install/ros2doctor:/home/aralab/ros2_foxy/install/ros2action:/home/aralab/ros2_foxy/install/ros2cli:/home/aralab/ros2_foxy/install/quality_of_service_demo_py:/home/aralab/ros2_foxy/install/launch_testing_ros:/home/aralab/ros2_foxy/install/launch_ros:/home/aralab/ros2_foxy/install/examples_rclpy_minimal_subscriber:/home/aralab/ros2_foxy/install/examples_rclpy_minimal_service:/home/aralab/ros2_foxy/install/examples_rclpy_minimal_publisher:/home/aralab/ros2_foxy/install/examples_rclpy_minimal_client:/home/aralab/ros2_foxy/install/examples_rclpy_minimal_action_server:/home/aralab/ros2_foxy/install/examples_rclpy_minimal_action_client:/home/aralab/ros2_foxy/install/examples_rclpy_executors:/home/aralab/ros2_foxy/install/demo_nodes_py:/home/aralab/ros2_foxy/install/action_tutorials_py:/home/aralab/ros2_foxy/install/ament_uncrustify:/home/aralab/ros2_foxy/install/tracetools_trace:/home/aralab/ros2_foxy/install/tracetools_read:/home/aralab/ros2_foxy/install/test_launch_ros:/home/aralab/ros2_foxy/install/sensor_msgs_py:/home/aralab/ros2_foxy/install/rpyutils:/home/aralab/ros2_foxy/install/rosidl_runtime_py:/home/aralab/ros2_foxy/install/launch_yaml:/home/aralab/ros2_foxy/install/launch_xml:/home/aralab/ros2_foxy/install/launch_testing:/home/aralab/ros2_foxy/install/launch:/home/aralab/ros2_foxy/install/osrf_pycommon:/home/aralab/ros2_foxy/install/domain_coordinator:/home/aralab/ros2_foxy/install/ament_xmllint:/home/aralab/ros2_foxy/install/ament_pyflakes:/home/aralab/ros2_foxy/install/ament_pycodestyle:/home/aralab/ros2_foxy/install/ament_pep257:/home/aralab/ros2_foxy/install/ament_pclint:/home/aralab/ros2_foxy/install/ament_package:/home/aralab/ros2_foxy/install/ament_mypy:/home/aralab/ros2_foxy/install/ament_lint_cmake:/home/aralab/ros2_foxy/install/ament_flake8:/home/aralab/ros2_foxy/install/ament_copyright:/home/aralab/ros2_foxy/install/ament_lint:/home/aralab/ros2_foxy/install/ament_index_python:/home/aralab/ros2_foxy/install/ament_cpplint:/home/aralab/ros2_foxy/install/ament_cppcheck:/home/aralab/ros2_foxy/install/ament_clang_tidy:/home/aralab/ros2_foxy/install/ament_clang_format /usr/bin/cmake --build /home/aralab/ASBIR-ROS2/build/asbir-navigation -- -j12 -l12
