[01m[K/home/aralab/ASBIR-ROS2/src/asbir-navigation/src/modelTest.cpp:[m[K In member function â€˜[01m[Kvoid ModelTest::path_model()[m[Kâ€™:
[01m[K/home/aralab/ASBIR-ROS2/src/asbir-navigation/src/modelTest.cpp:67:13:[m[K [01;31m[Kerror: [m[Kâ€˜[01m[Kmarker_a_pub[m[Kâ€™ was not declared in this scope; did you mean â€˜[01m[Kmarker_pub[m[Kâ€™?
   67 |             [01;31m[Kmarker_a_pub[m[K->publish(surface);
      |             [01;31m[K^~~~~~~~~~~~[m[K
      |             [32m[Kmarker_pub[m[K
[01m[K/home/aralab/ASBIR-ROS2/src/asbir-navigation/src/modelTest.cpp:71:20:[m[K [01;31m[Kerror: [m[Kreturn-statement with a value, in function returning â€˜[01m[Kvoid[m[Kâ€™ [[01;31m[K-fpermissive[m[K]
   71 |             return [01;31m[K0[m[K;
      |                    [01;31m[K^[m[K
make[2]: *** [CMakeFiles/modelTest.dir/build.make:63: CMakeFiles/modelTest.dir/src/modelTest.cpp.o] Error 1
make[1]: *** [CMakeFiles/Makefile2:80: CMakeFiles/modelTest.dir/all] Error 2
make: *** [Makefile:141: all] Error 2
